

================================================================
== Vitis HLS Report for 'addrbound'
================================================================
* Date:           Wed Mar 20 05:12:06 2024

* Version:        2023.2 (Build 4023990 on Oct 11 2023)
* Project:        hls_component
* Solution:       hls (Vivado IP Flow Target)
* Product family: zynq
* Target device:  xc7z020-clg400-1


================================================================
== Performance Estimates
================================================================
+ Timing: 
    * Summary: 
    +--------+----------+----------+------------+
    |  Clock |  Target  | Estimated| Uncertainty|
    +--------+----------+----------+------------+
    |ap_clk  |  10.00 ns|  6.739 ns|     2.70 ns|
    +--------+----------+----------+------------+

+ Latency: 
    * Summary: 
    +---------+---------+-----------+-----------+-----+-----+---------+
    |  Latency (cycles) |   Latency (absolute)  |  Interval | Pipeline|
    |   min   |   max   |    min    |    max    | min | max |   Type  |
    +---------+---------+-----------+-----------+-----+-----+---------+
    |        3|        3|  30.000 ns|  30.000 ns|    3|    3|       no|
    +---------+---------+-----------+-----------+-----+-----+---------+

    + Detail: 
        * Instance: 
        N/A

        * Loop: 
        N/A

============================================================
+ Verbose Summary: Synthesis Manager
============================================================
InlineROM: 1
ExposeGlobal: 0
============================================================
+ Verbose Summary: CDFG Model
============================================================
IsTopModel: 0
ResetActiveHigh: 1
IsCombinational: 2
IsDatapathOnly: 0
HasWiredReturn: 1
HasMFsm: 0
HasVarLatency: 1
IsPipeline: 0
IsRtlPipelined: 0
IsInstanceOverlapped: 0
IsDontTouch: 0
HasImplIP: 0
IsGatedGlobalClock: 0


============================================================
+ Verbose Summary: Schedule
============================================================
* Number of FSM states : 4
* Pipeline : 0
* Dataflow Pipeline: 0

* FSM state transitions: 
1 --> 2 
2 --> 3 
3 --> 4 
4 --> 

* FSM state operations: 

State 1 <SV = 0> <Delay = 6.73>
ST_1 : Operation 5 [1/1] (3.63ns)   --->   "%cols_read = read i16 @_ssdm_op_Read.ap_auto.i16, i16 %cols" [C:/Xilinx/Vitis_Libraries/vision/L1/include\common/xf_structs.hpp:942->C:/Xilinx/Vitis_Libraries/vision/L1/include\common/xf_structs.hpp:1421->C:/Xilinx/Vitis_Libraries/vision/L1/include\common/xf_structs.hpp:1421]   --->   Operation 5 'read' 'cols_read' <Predicate = true> <Delay = 3.63> <CoreInst = "FIFO_SRL">   --->   Core 81 'FIFO_SRL' <Latency = 0> <II = 1> <Delay = 3.63> <Storage> <Opcode : 'read' 'write' 'nbread' 'nbwrite'> <Ports = 0> <Width = -1> <Depth = -1> <FIFO>
ST_1 : Operation 6 [1/1] (0.00ns)   --->   "%rows_read = read i16 @_ssdm_op_Read.ap_auto.i16, i16 %rows" [C:/Xilinx/Vitis_Libraries/vision/L1/include\common/xf_structs.hpp:942->C:/Xilinx/Vitis_Libraries/vision/L1/include\common/xf_structs.hpp:1421->C:/Xilinx/Vitis_Libraries/vision/L1/include\common/xf_structs.hpp:1421]   --->   Operation 6 'read' 'rows_read' <Predicate = true> <Delay = 0.00>
ST_1 : Operation 7 [1/1] (0.00ns)   --->   "%zext_ln952 = zext i16 %rows_read" [C:/Xilinx/Vitis_Libraries/vision/L1/include\common/xf_structs.hpp:952->C:/Xilinx/Vitis_Libraries/vision/L1/include\common/xf_structs.hpp:1421->C:/Xilinx/Vitis_Libraries/vision/L1/include\common/xf_structs.hpp:1421]   --->   Operation 7 'zext' 'zext_ln952' <Predicate = true> <Delay = 0.00>
ST_1 : Operation 8 [1/1] (0.00ns)   --->   "%zext_ln952_1 = zext i16 %cols_read" [C:/Xilinx/Vitis_Libraries/vision/L1/include\common/xf_structs.hpp:952->C:/Xilinx/Vitis_Libraries/vision/L1/include\common/xf_structs.hpp:1421->C:/Xilinx/Vitis_Libraries/vision/L1/include\common/xf_structs.hpp:1421]   --->   Operation 8 'zext' 'zext_ln952_1' <Predicate = true> <Delay = 0.00>
ST_1 : Operation 9 [3/3] (3.10ns)   --->   "%mul_rows_cols = mul i32 %zext_ln952_1, i32 %zext_ln952" [C:/Xilinx/Vitis_Libraries/vision/L1/include\common/xf_structs.hpp:952->C:/Xilinx/Vitis_Libraries/vision/L1/include\common/xf_structs.hpp:1421->C:/Xilinx/Vitis_Libraries/vision/L1/include\common/xf_structs.hpp:1421]   --->   Operation 9 'mul' 'mul_rows_cols' <Predicate = true> <Delay = 3.10> <CoreInst = "Mul_DSP">   --->   Core 5 'Mul_DSP' <Latency = 2> <II = 1> <Delay = 4.58> <FuncUnit> <Opcode : 'mul'> <InPorts = 2> <OutPorts = 1>

State 2 <SV = 1> <Delay = 3.10>
ST_2 : Operation 10 [2/3] (3.10ns)   --->   "%mul_rows_cols = mul i32 %zext_ln952_1, i32 %zext_ln952" [C:/Xilinx/Vitis_Libraries/vision/L1/include\common/xf_structs.hpp:952->C:/Xilinx/Vitis_Libraries/vision/L1/include\common/xf_structs.hpp:1421->C:/Xilinx/Vitis_Libraries/vision/L1/include\common/xf_structs.hpp:1421]   --->   Operation 10 'mul' 'mul_rows_cols' <Predicate = true> <Delay = 3.10> <CoreInst = "Mul_DSP">   --->   Core 5 'Mul_DSP' <Latency = 2> <II = 1> <Delay = 4.58> <FuncUnit> <Opcode : 'mul'> <InPorts = 2> <OutPorts = 1>

State 3 <SV = 2> <Delay = 5.44>
ST_3 : Operation 11 [1/3] (3.10ns)   --->   "%mul_rows_cols = mul i32 %zext_ln952_1, i32 %zext_ln952" [C:/Xilinx/Vitis_Libraries/vision/L1/include\common/xf_structs.hpp:952->C:/Xilinx/Vitis_Libraries/vision/L1/include\common/xf_structs.hpp:1421->C:/Xilinx/Vitis_Libraries/vision/L1/include\common/xf_structs.hpp:1421]   --->   Operation 11 'mul' 'mul_rows_cols' <Predicate = true> <Delay = 3.10> <CoreInst = "Mul_DSP">   --->   Core 5 'Mul_DSP' <Latency = 2> <II = 1> <Delay = 4.58> <FuncUnit> <Opcode : 'mul'> <InPorts = 2> <OutPorts = 1>
ST_3 : Operation 12 [1/1] (0.00ns)   --->   "%specfucore_ln949 = specfucore void @_ssdm_op_SpecFUCore, i32 %mul_rows_cols, i64 12, i64 3, i64 2" [C:/Xilinx/Vitis_Libraries/vision/L1/include\common/xf_structs.hpp:949->C:/Xilinx/Vitis_Libraries/vision/L1/include\common/xf_structs.hpp:1421->C:/Xilinx/Vitis_Libraries/vision/L1/include\common/xf_structs.hpp:1421]   --->   Operation 12 'specfucore' 'specfucore_ln949' <Predicate = true> <Delay = 0.00>
ST_3 : Operation 13 [1/1] (0.00ns)   --->   "%trunc_ln954 = trunc i32 %mul_rows_cols" [C:/Xilinx/Vitis_Libraries/vision/L1/include\common/xf_structs.hpp:954->C:/Xilinx/Vitis_Libraries/vision/L1/include\common/xf_structs.hpp:1421->C:/Xilinx/Vitis_Libraries/vision/L1/include\common/xf_structs.hpp:1421]   --->   Operation 13 'trunc' 'trunc_ln954' <Predicate = true> <Delay = 0.00>
ST_3 : Operation 14 [1/1] (0.00ns)   --->   "%shl_ln_i = bitconcatenate i25 @_ssdm_op_BitConcatenate.i25.i22.i3, i22 %trunc_ln954, i3 0" [C:/Xilinx/Vitis_Libraries/vision/L1/include\common/xf_structs.hpp:954->C:/Xilinx/Vitis_Libraries/vision/L1/include\common/xf_structs.hpp:1421->C:/Xilinx/Vitis_Libraries/vision/L1/include\common/xf_structs.hpp:1421]   --->   Operation 14 'bitconcatenate' 'shl_ln_i' <Predicate = true> <Delay = 0.00>
ST_3 : Operation 15 [1/1] (2.34ns)   --->   "%add_ln954 = add i25 %shl_ln_i, i25 511" [C:/Xilinx/Vitis_Libraries/vision/L1/include\common/xf_structs.hpp:954->C:/Xilinx/Vitis_Libraries/vision/L1/include\common/xf_structs.hpp:1421->C:/Xilinx/Vitis_Libraries/vision/L1/include\common/xf_structs.hpp:1421]   --->   Operation 15 'add' 'add_ln954' <Predicate = true> <Delay = 2.34> <CoreInst = "Adder">   --->   Core 1 'Adder' <Latency = 0> <II = 1> <Delay = 2.34> <FuncUnit> <Opcode : 'add' 'sub'> <InPorts = 2> <OutPorts = 1>
ST_3 : Operation 16 [1/1] (0.00ns)   --->   "%trunc_ln954_1_i = partselect i16 @_ssdm_op_PartSelect.i16.i25.i32.i32, i25 %add_ln954, i32 9, i32 24" [C:/Xilinx/Vitis_Libraries/vision/L1/include\common/xf_structs.hpp:954->C:/Xilinx/Vitis_Libraries/vision/L1/include\common/xf_structs.hpp:1421->C:/Xilinx/Vitis_Libraries/vision/L1/include\common/xf_structs.hpp:1421]   --->   Operation 16 'partselect' 'trunc_ln954_1_i' <Predicate = true> <Delay = 0.00>

State 4 <SV = 3> <Delay = 3.63>
ST_4 : Operation 17 [1/1] (0.00ns)   --->   "%rbegin_i_i = specregionbegin i32 @_ssdm_op_SpecRegionBegin, void @empty_1" [C:/Xilinx/Vitis_Libraries/vision/L1/include\common/xf_structs.hpp:946->C:/Xilinx/Vitis_Libraries/vision/L1/include\common/xf_structs.hpp:1421->C:/Xilinx/Vitis_Libraries/vision/L1/include\common/xf_structs.hpp:1421]   --->   Operation 17 'specregionbegin' 'rbegin_i_i' <Predicate = true> <Delay = 0.00>
ST_4 : Operation 18 [1/1] (0.00ns)   --->   "%rend_i_i = specregionend i32 @_ssdm_op_SpecRegionEnd, void @empty_1, i32 %rbegin_i_i" [C:/Xilinx/Vitis_Libraries/vision/L1/include\common/xf_structs.hpp:952->C:/Xilinx/Vitis_Libraries/vision/L1/include\common/xf_structs.hpp:1421->C:/Xilinx/Vitis_Libraries/vision/L1/include\common/xf_structs.hpp:1421]   --->   Operation 18 'specregionend' 'rend_i_i' <Predicate = true> <Delay = 0.00>
ST_4 : Operation 19 [1/1] (3.63ns)   --->   "%write_ln954 = write void @_ssdm_op_Write.ap_auto.volatile.i16P0A, i16 %p_channel, i16 %trunc_ln954_1_i" [C:/Xilinx/Vitis_Libraries/vision/L1/include\common/xf_structs.hpp:954->C:/Xilinx/Vitis_Libraries/vision/L1/include\common/xf_structs.hpp:1421->C:/Xilinx/Vitis_Libraries/vision/L1/include\common/xf_structs.hpp:1421]   --->   Operation 19 'write' 'write_ln954' <Predicate = true> <Delay = 3.63> <CoreInst = "FIFO_SRL">   --->   Core 81 'FIFO_SRL' <Latency = 0> <II = 1> <Delay = 3.63> <Storage> <Opcode : 'read' 'write' 'nbread' 'nbwrite'> <Ports = 0> <Width = -1> <Depth = -1> <FIFO>
ST_4 : Operation 20 [1/1] (0.00ns)   --->   "%ret_ln1421 = ret" [C:/Xilinx/Vitis_Libraries/vision/L1/include\common/xf_structs.hpp:1421]   --->   Operation 20 'ret' 'ret_ln1421' <Predicate = true> <Delay = 0.00>


============================================================
+ Verbose Summary: Timing violations
============================================================
Target clock period: 10.000ns, clock uncertainty: 2.700ns.

 <State 1>: 6.739ns
The critical path consists of the following:
	wire read operation ('cols', C:/Xilinx/Vitis_Libraries/vision/L1/include\common/xf_structs.hpp:942->C:/Xilinx/Vitis_Libraries/vision/L1/include\common/xf_structs.hpp:1421->C:/Xilinx/Vitis_Libraries/vision/L1/include\common/xf_structs.hpp:1421) on port 'cols' (C:/Xilinx/Vitis_Libraries/vision/L1/include\common/xf_structs.hpp:942->C:/Xilinx/Vitis_Libraries/vision/L1/include\common/xf_structs.hpp:1421->C:/Xilinx/Vitis_Libraries/vision/L1/include\common/xf_structs.hpp:1421) [4]  (3.634 ns)
	'mul' operation 32 bit ('mul_rows_cols', C:/Xilinx/Vitis_Libraries/vision/L1/include\common/xf_structs.hpp:952->C:/Xilinx/Vitis_Libraries/vision/L1/include\common/xf_structs.hpp:1421->C:/Xilinx/Vitis_Libraries/vision/L1/include\common/xf_structs.hpp:1421) [9]  (3.105 ns)

 <State 2>: 3.105ns
The critical path consists of the following:
	'mul' operation 32 bit ('mul_rows_cols', C:/Xilinx/Vitis_Libraries/vision/L1/include\common/xf_structs.hpp:952->C:/Xilinx/Vitis_Libraries/vision/L1/include\common/xf_structs.hpp:1421->C:/Xilinx/Vitis_Libraries/vision/L1/include\common/xf_structs.hpp:1421) [9]  (3.105 ns)

 <State 3>: 5.449ns
The critical path consists of the following:
	'mul' operation 32 bit ('mul_rows_cols', C:/Xilinx/Vitis_Libraries/vision/L1/include\common/xf_structs.hpp:952->C:/Xilinx/Vitis_Libraries/vision/L1/include\common/xf_structs.hpp:1421->C:/Xilinx/Vitis_Libraries/vision/L1/include\common/xf_structs.hpp:1421) [9]  (3.105 ns)
	'add' operation 25 bit ('add_ln954', C:/Xilinx/Vitis_Libraries/vision/L1/include\common/xf_structs.hpp:954->C:/Xilinx/Vitis_Libraries/vision/L1/include\common/xf_structs.hpp:1421->C:/Xilinx/Vitis_Libraries/vision/L1/include\common/xf_structs.hpp:1421) [14]  (2.344 ns)

 <State 4>: 3.634ns
The critical path consists of the following:
	wire write operation ('write_ln954', C:/Xilinx/Vitis_Libraries/vision/L1/include\common/xf_structs.hpp:954->C:/Xilinx/Vitis_Libraries/vision/L1/include\common/xf_structs.hpp:1421->C:/Xilinx/Vitis_Libraries/vision/L1/include\common/xf_structs.hpp:1421) on port 'p_channel' (C:/Xilinx/Vitis_Libraries/vision/L1/include\common/xf_structs.hpp:954->C:/Xilinx/Vitis_Libraries/vision/L1/include\common/xf_structs.hpp:1421->C:/Xilinx/Vitis_Libraries/vision/L1/include\common/xf_structs.hpp:1421) [16]  (3.634 ns)


============================================================
+ Verbose Summary: Binding
============================================================
N/A
* FSMD analyzer results:
  - Output states:
 - Input state : 
  - Chain level:
	State 1
	State 2
	State 3
	State 4


============================================================
+ Verbose Summary: Datapath Resource usage 
============================================================
N/A
