

================================================================
== Vitis HLS Report for 'AxiStream2Axi_Pipeline_MMIterOutLoop2'
================================================================
* Date:           Wed Mar 20 05:12:09 2024

* Version:        2023.2 (Build 4023990 on Oct 11 2023)
* Project:        hls_component
* Solution:       hls (Vivado IP Flow Target)
* Product family: zynq
* Target device:  xc7z020-clg400-1


================================================================
== Performance Estimates
================================================================
+ Timing: 
    * Summary: 
    +--------+----------+----------+------------+
    |  Clock |  Target  | Estimated| Uncertainty|
    +--------+----------+----------+------------+
    |ap_clk  |  10.00 ns|  7.300 ns|     2.70 ns|
    +--------+----------+----------+------------+

+ Latency: 
    * Summary: 
    +---------+---------+-----------+----------+-----+-------+---------+
    |  Latency (cycles) |  Latency (absolute)  |   Interval  | Pipeline|
    |   min   |   max   |    min    |    max   | min |  max  |   Type  |
    +---------+---------+-----------+----------+-----+-------+---------+
    |        4|    32403|  40.000 ns|  0.324 ms|    4|  32403|       no|
    +---------+---------+-----------+----------+-----+-------+---------+

    + Detail: 
        * Instance: 
        N/A

        * Loop: 
        +------------------+---------+---------+----------+-----------+-----------+-----------+----------+
        |                  |  Latency (cycles) | Iteration|  Initiation Interval  |    Trip   |          |
        |     Loop Name    |   min   |   max   |  Latency |  achieved |   target  |   Count   | Pipelined|
        +------------------+---------+---------+----------+-----------+-----------+-----------+----------+
        |- MMIterOutLoop2  |        2|    32401|         3|          1|          1|  1 ~ 32400|       yes|
        +------------------+---------+---------+----------+-----------+-----------+-----------+----------+

============================================================
+ Verbose Summary: Synthesis Manager
============================================================
InlineROM: 1
ExposeGlobal: 0
============================================================
+ Verbose Summary: CDFG Model
============================================================
IsTopModel: 0
ResetActiveHigh: 1
IsCombinational: 0
IsDatapathOnly: 0
HasWiredReturn: 1
HasMFsm: 2
HasVarLatency: 1
IsPipeline: 0
IsRtlPipelined: 0
IsInstanceOverlapped: 0
IsDontTouch: 0
HasImplIP: 0
IsGatedGlobalClock: 0

+ Individual pipeline summary: 
  * Pipeline-0: initiation interval (II) = 1, depth = 3


============================================================
+ Verbose Summary: Schedule
============================================================
* Number of FSM states : 3
* Pipeline : 1
  Pipeline-0 : II = 1, D = 3, States = { 1 2 3 }
* Dataflow Pipeline: 0

* FSM state transitions: 
1 --> 2 
2 --> 3 
3 --> 

* FSM state operations: 

State 1 <SV = 0> <Delay = 5.25>
ST_1 : Operation 6 [1/1] (0.00ns)   --->   "%i = alloca i32 1" [C:/Xilinx/Vitis_Libraries/vision/L1/include\common/xf_structs.hpp:1376]   --->   Operation 6 'alloca' 'i' <Predicate = true> <Delay = 0.00>
ST_1 : Operation 7 [1/1] (0.00ns)   --->   "%sext_ln1379_read = read i58 @_ssdm_op_Read.ap_auto.i58, i58 %sext_ln1379"   --->   Operation 7 'read' 'sext_ln1379_read' <Predicate = true> <Delay = 0.00>
ST_1 : Operation 8 [1/1] (0.00ns)   --->   "%addrbound_read_1 = read i16 @_ssdm_op_Read.ap_auto.i16, i16 %addrbound_read"   --->   Operation 8 'read' 'addrbound_read_1' <Predicate = true> <Delay = 0.00>
ST_1 : Operation 9 [1/1] (0.00ns)   --->   "%sext_ln1379_cast = sext i58 %sext_ln1379_read"   --->   Operation 9 'sext' 'sext_ln1379_cast' <Predicate = true> <Delay = 0.00>
ST_1 : Operation 10 [1/1] (0.00ns)   --->   "%specinterface_ln0 = specinterface void @_ssdm_op_SpecInterface, i512 %gmem2, void @empty_13, i32 0, i32 0, void @empty_12, i32 0, i32 0, void @empty_9, void @empty_10, void @empty_12, i32 16, i32 16, i32 16, i32 16, void @empty_12, void @empty_12, i32 4294967295, i32 0"   --->   Operation 10 'specinterface' 'specinterface_ln0' <Predicate = true> <Delay = 0.00>
ST_1 : Operation 11 [1/1] (0.00ns)   --->   "%specinterface_ln0 = specinterface void @_ssdm_op_SpecInterface, i512 %ldata, void @empty_19, i32 0, i32 0, void @empty_12, i32 0, i32 0, void @empty_12, void @empty_12, void @empty_12, i32 0, i32 0, i32 0, i32 0, void @empty_12, void @empty_12, i32 4294967295, i32 0"   --->   Operation 11 'specinterface' 'specinterface_ln0' <Predicate = true> <Delay = 0.00>
ST_1 : Operation 12 [1/1] (1.58ns)   --->   "%store_ln1376 = store i16 0, i16 %i" [C:/Xilinx/Vitis_Libraries/vision/L1/include\common/xf_structs.hpp:1376]   --->   Operation 12 'store' 'store_ln1376' <Predicate = true> <Delay = 1.58>
ST_1 : Operation 13 [1/1] (0.00ns)   --->   "%br_ln0 = br void %for.inc"   --->   Operation 13 'br' 'br_ln0' <Predicate = true> <Delay = 0.00>
ST_1 : Operation 14 [1/1] (0.00ns)   --->   "%i_1 = load i16 %i" [C:/Xilinx/Vitis_Libraries/vision/L1/include\common/xf_structs.hpp:1379]   --->   Operation 14 'load' 'i_1' <Predicate = true> <Delay = 0.00>
ST_1 : Operation 15 [1/1] (2.07ns)   --->   "%icmp_ln1379 = icmp_eq  i16 %i_1, i16 %addrbound_read_1" [C:/Xilinx/Vitis_Libraries/vision/L1/include\common/xf_structs.hpp:1379]   --->   Operation 15 'icmp' 'icmp_ln1379' <Predicate = true> <Delay = 2.07> <CoreInst = "Cmp">   --->   Core 9 'Cmp' <Latency = 0> <II = 1> <Delay = 2.07> <FuncUnit> <Opcode : 'icmp'> <InPorts = 2> <OutPorts = 1>
ST_1 : Operation 16 [1/1] (2.07ns)   --->   "%add_ln1379 = add i16 %i_1, i16 1" [C:/Xilinx/Vitis_Libraries/vision/L1/include\common/xf_structs.hpp:1379]   --->   Operation 16 'add' 'add_ln1379' <Predicate = true> <Delay = 2.07> <CoreInst = "Adder">   --->   Core 1 'Adder' <Latency = 0> <II = 1> <Delay = 2.07> <FuncUnit> <Opcode : 'add' 'sub'> <InPorts = 2> <OutPorts = 1>
ST_1 : Operation 17 [1/1] (0.00ns)   --->   "%br_ln1379 = br i1 %icmp_ln1379, void %for.inc.split, void %for.end.loopexit.exitStub" [C:/Xilinx/Vitis_Libraries/vision/L1/include\common/xf_structs.hpp:1379]   --->   Operation 17 'br' 'br_ln1379' <Predicate = true> <Delay = 0.00>
ST_1 : Operation 18 [1/1] (1.58ns)   --->   "%store_ln1376 = store i16 %add_ln1379, i16 %i" [C:/Xilinx/Vitis_Libraries/vision/L1/include\common/xf_structs.hpp:1376]   --->   Operation 18 'store' 'store_ln1376' <Predicate = (!icmp_ln1379)> <Delay = 1.58>

State 2 <SV = 1> <Delay = 3.63>
ST_2 : Operation 19 [1/1] (3.63ns)   --->   "%ldata_read = read i512 @_ssdm_op_Read.ap_fifo.volatile.i512P0A, i512 %ldata" [C:/Xilinx/Vitis_Libraries/vision/L1/include\common/xf_structs.hpp:1384]   --->   Operation 19 'read' 'ldata_read' <Predicate = true> <Delay = 3.63> <CoreInst = "FIFO_SRL">   --->   Core 81 'FIFO_SRL' <Latency = 0> <II = 1> <Delay = 3.63> <Storage> <Opcode : 'read' 'write' 'nbread' 'nbwrite'> <Ports = 0> <Width = 512> <Depth = 2> <FIFO>
ST_2 : Operation 26 [1/1] (0.00ns)   --->   "%ret_ln0 = ret"   --->   Operation 26 'ret' 'ret_ln0' <Predicate = (icmp_ln1379)> <Delay = 0.00>

State 3 <SV = 2> <Delay = 7.30>
ST_3 : Operation 20 [1/1] (0.00ns)   --->   "%gmem2_addr = getelementptr i512 %gmem2, i64 %sext_ln1379_cast" [C:/Xilinx/Vitis_Libraries/vision/L1/include\common/xf_structs.hpp:1379]   --->   Operation 20 'getelementptr' 'gmem2_addr' <Predicate = true> <Delay = 0.00>
ST_3 : Operation 21 [1/1] (0.00ns)   --->   "%specpipeline_ln1382 = specpipeline void @_ssdm_op_SpecPipeline, i32 4294967295, i32 0, i32 0, i32 0, void @empty_12" [C:/Xilinx/Vitis_Libraries/vision/L1/include\common/xf_structs.hpp:1382]   --->   Operation 21 'specpipeline' 'specpipeline_ln1382' <Predicate = true> <Delay = 0.00>
ST_3 : Operation 22 [1/1] (0.00ns)   --->   "%speclooptripcount_ln1381 = speclooptripcount void @_ssdm_op_SpecLoopTripCount, i64 1, i64 32400, i64 16200" [C:/Xilinx/Vitis_Libraries/vision/L1/include\common/xf_structs.hpp:1381]   --->   Operation 22 'speclooptripcount' 'speclooptripcount_ln1381' <Predicate = true> <Delay = 0.00>
ST_3 : Operation 23 [1/1] (0.00ns)   --->   "%specloopname_ln1379 = specloopname void @_ssdm_op_SpecLoopName, void @empty_15" [C:/Xilinx/Vitis_Libraries/vision/L1/include\common/xf_structs.hpp:1379]   --->   Operation 23 'specloopname' 'specloopname_ln1379' <Predicate = true> <Delay = 0.00>
ST_3 : Operation 24 [1/1] (7.30ns)   --->   "%write_ln1384 = write void @_ssdm_op_Write.m_axi.p1i512, i512 %gmem2_addr, i512 %ldata_read, i64 18446744073709551615" [C:/Xilinx/Vitis_Libraries/vision/L1/include\common/xf_structs.hpp:1384]   --->   Operation 24 'write' 'write_ln1384' <Predicate = true> <Delay = 7.30> <CoreInst = "m_axi">   --->   Core 113 'm_axi' <Latency = 0> <II = 1> <Delay = 1.00> <Adapter> <Opcode : 'read' 'write' 'readreq' 'writereq' 'writeresp'>
ST_3 : Operation 25 [1/1] (0.00ns)   --->   "%br_ln1379 = br void %for.inc" [C:/Xilinx/Vitis_Libraries/vision/L1/include\common/xf_structs.hpp:1379]   --->   Operation 25 'br' 'br_ln1379' <Predicate = true> <Delay = 0.00>


============================================================
+ Verbose Summary: Binding
============================================================
STG Binding: 
---------------- STG Properties BEGIN ----------------
- Is combinational: 0
- Is one-state seq: 0
- Is datapath-only: 0
- Is pipelined: 0
- Is top level: 0
Port [ Return ] is wired: 1; IO mode=ap_ctrl_hs:ce=0
Port [ addrbound_read]:  wired=1; compound=0; hidden=0; nouse=0; global=0; static=0; extern=0; dir=0; type=0; pingpong=0; private_global=0; IO mode=ap_none:ce=0
Port [ gmem2]:  wired=1; compound=1; hidden=0; nouse=0; global=0; static=0; extern=0; dir=1; type=4; pingpong=0; private_global=0; IO mode=m_axi:ce=0
Port [ sext_ln1379]:  wired=1; compound=0; hidden=0; nouse=0; global=0; static=0; extern=0; dir=0; type=0; pingpong=0; private_global=0; IO mode=ap_none:ce=0
Port [ ldata]:  wired=1; compound=1; hidden=0; nouse=0; global=0; static=0; extern=0; dir=0; type=3; pingpong=0; private_global=0; IO mode=ap_fifo:ce=0
---------------- STG Properties END ------------------

---------------- Datapath Model BEGIN ----------------

<LifeTime>
<method=bitvector/>
i                        (alloca           ) [ 0100]
sext_ln1379_read         (read             ) [ 0000]
addrbound_read_1         (read             ) [ 0000]
sext_ln1379_cast         (sext             ) [ 0111]
specinterface_ln0        (specinterface    ) [ 0000]
specinterface_ln0        (specinterface    ) [ 0000]
store_ln1376             (store            ) [ 0000]
br_ln0                   (br               ) [ 0000]
i_1                      (load             ) [ 0000]
icmp_ln1379              (icmp             ) [ 0110]
add_ln1379               (add              ) [ 0000]
br_ln1379                (br               ) [ 0000]
store_ln1376             (store            ) [ 0000]
ldata_read               (read             ) [ 0101]
gmem2_addr               (getelementptr    ) [ 0000]
specpipeline_ln1382      (specpipeline     ) [ 0000]
speclooptripcount_ln1381 (speclooptripcount) [ 0000]
specloopname_ln1379      (specloopname     ) [ 0000]
write_ln1384             (write            ) [ 0000]
br_ln1379                (br               ) [ 0000]
ret_ln0                  (ret              ) [ 0000]
</LifeTime>

<model>

<comp_list>
<comp id="0" class="1000" name="addrbound_read">
<pin_list>
<pin id="1" dir="1" index="0" bw="1" slack="0"/>
</pin_list>
<bind>
<StgValue><ssdm name="addrbound_read"/></StgValue>
</bind>
</comp>

<comp id="2" class="1000" name="gmem2">
<pin_list>
<pin id="3" dir="1" index="0" bw="1" slack="0"/>
</pin_list>
<bind>
<StgValue><ssdm name="gmem2"/></StgValue>
</bind>
</comp>

<comp id="4" class="1000" name="sext_ln1379">
<pin_list>
<pin id="5" dir="1" index="0" bw="1" slack="0"/>
</pin_list>
<bind>
<StgValue><ssdm name="sext_ln1379"/></StgValue>
</bind>
</comp>

<comp id="6" class="1000" name="ldata">
<pin_list>
<pin id="7" dir="1" index="0" bw="1" slack="0"/>
</pin_list>
<bind>
<StgValue><ssdm name="ldata"/></StgValue>
</bind>
</comp>

<comp id="8" class="1001" name="const_8">
<pin_list>
<pin id="9" dir="1" index="0" bw="1" slack="0"/>
</pin_list>
<bind>
<StgValue><ssdm name=""/></StgValue>
</bind>
</comp>

<comp id="10" class="1001" name="const_10">
<pin_list>
<pin id="11" dir="1" index="0" bw="1" slack="0"/>
</pin_list>
<bind>
<StgValue><ssdm name="_ssdm_op_Read.ap_auto.i58"/></StgValue>
</bind>
</comp>

<comp id="12" class="1001" name="const_12">
<pin_list>
<pin id="13" dir="1" index="0" bw="1" slack="0"/>
</pin_list>
<bind>
<StgValue><ssdm name="_ssdm_op_Read.ap_auto.i16"/></StgValue>
</bind>
</comp>

<comp id="14" class="1001" name="const_14">
<pin_list>
<pin id="15" dir="1" index="0" bw="1" slack="2147483647"/>
</pin_list>
<bind>
<StgValue><ssdm name="_ssdm_op_SpecInterface"/></StgValue>
</bind>
</comp>

<comp id="16" class="1001" name="const_16">
<pin_list>
<pin id="17" dir="1" index="0" bw="1" slack="2147483647"/>
</pin_list>
<bind>
<StgValue><ssdm name="empty_13"/></StgValue>
</bind>
</comp>

<comp id="18" class="1001" name="const_18">
<pin_list>
<pin id="19" dir="1" index="0" bw="1" slack="2147483647"/>
</pin_list>
<bind>
<StgValue><ssdm name=""/></StgValue>
</bind>
</comp>

<comp id="20" class="1001" name="const_20">
<pin_list>
<pin id="21" dir="1" index="0" bw="1" slack="2147483647"/>
</pin_list>
<bind>
<StgValue><ssdm name="empty_12"/></StgValue>
</bind>
</comp>

<comp id="22" class="1001" name="const_22">
<pin_list>
<pin id="23" dir="1" index="0" bw="1" slack="2147483647"/>
</pin_list>
<bind>
<StgValue><ssdm name="empty_9"/></StgValue>
</bind>
</comp>

<comp id="24" class="1001" name="const_24">
<pin_list>
<pin id="25" dir="1" index="0" bw="1" slack="2147483647"/>
</pin_list>
<bind>
<StgValue><ssdm name="empty_10"/></StgValue>
</bind>
</comp>

<comp id="26" class="1001" name="const_26">
<pin_list>
<pin id="27" dir="1" index="0" bw="1" slack="2147483647"/>
</pin_list>
<bind>
<StgValue><ssdm name=""/></StgValue>
</bind>
</comp>

<comp id="28" class="1001" name="const_28">
<pin_list>
<pin id="29" dir="1" index="0" bw="1" slack="2147483647"/>
</pin_list>
<bind>
<StgValue><ssdm name=""/></StgValue>
</bind>
</comp>

<comp id="30" class="1001" name="const_30">
<pin_list>
<pin id="31" dir="1" index="0" bw="1" slack="2147483647"/>
</pin_list>
<bind>
<StgValue><ssdm name="empty_19"/></StgValue>
</bind>
</comp>

<comp id="32" class="1001" name="const_32">
<pin_list>
<pin id="33" dir="1" index="0" bw="1" slack="0"/>
</pin_list>
<bind>
<StgValue><ssdm name=""/></StgValue>
</bind>
</comp>

<comp id="34" class="1001" name="const_34">
<pin_list>
<pin id="35" dir="1" index="0" bw="1" slack="0"/>
</pin_list>
<bind>
<StgValue><ssdm name=""/></StgValue>
</bind>
</comp>

<comp id="36" class="1001" name="const_36">
<pin_list>
<pin id="37" dir="1" index="0" bw="1" slack="0"/>
</pin_list>
<bind>
<StgValue><ssdm name="_ssdm_op_Read.ap_fifo.volatile.i512P0A"/></StgValue>
</bind>
</comp>

<comp id="38" class="1001" name="const_38">
<pin_list>
<pin id="39" dir="1" index="0" bw="1" slack="2147483647"/>
</pin_list>
<bind>
<StgValue><ssdm name="_ssdm_op_SpecPipeline"/></StgValue>
</bind>
</comp>

<comp id="40" class="1001" name="const_40">
<pin_list>
<pin id="41" dir="1" index="0" bw="1" slack="2147483647"/>
</pin_list>
<bind>
<StgValue><ssdm name="_ssdm_op_SpecLoopTripCount"/></StgValue>
</bind>
</comp>

<comp id="42" class="1001" name="const_42">
<pin_list>
<pin id="43" dir="1" index="0" bw="1" slack="2147483647"/>
</pin_list>
<bind>
<StgValue><ssdm name=""/></StgValue>
</bind>
</comp>

<comp id="44" class="1001" name="const_44">
<pin_list>
<pin id="45" dir="1" index="0" bw="1" slack="2147483647"/>
</pin_list>
<bind>
<StgValue><ssdm name=""/></StgValue>
</bind>
</comp>

<comp id="46" class="1001" name="const_46">
<pin_list>
<pin id="47" dir="1" index="0" bw="1" slack="2147483647"/>
</pin_list>
<bind>
<StgValue><ssdm name=""/></StgValue>
</bind>
</comp>

<comp id="48" class="1001" name="const_48">
<pin_list>
<pin id="49" dir="1" index="0" bw="1" slack="2147483647"/>
</pin_list>
<bind>
<StgValue><ssdm name="_ssdm_op_SpecLoopName"/></StgValue>
</bind>
</comp>

<comp id="50" class="1001" name="const_50">
<pin_list>
<pin id="51" dir="1" index="0" bw="1" slack="2147483647"/>
</pin_list>
<bind>
<StgValue><ssdm name="empty_15"/></StgValue>
</bind>
</comp>

<comp id="52" class="1001" name="const_52">
<pin_list>
<pin id="53" dir="1" index="0" bw="1" slack="0"/>
</pin_list>
<bind>
<StgValue><ssdm name="_ssdm_op_Write.m_axi.p1i512"/></StgValue>
</bind>
</comp>

<comp id="54" class="1001" name="const_54">
<pin_list>
<pin id="55" dir="1" index="0" bw="1" slack="0"/>
</pin_list>
<bind>
<StgValue><ssdm name=""/></StgValue>
</bind>
</comp>

<comp id="56" class="1004" name="i_fu_56">
<pin_list>
<pin id="57" dir="0" index="0" bw="1" slack="0"/>
<pin id="58" dir="1" index="1" bw="16" slack="0"/>
</pin_list>
<bind>
<opcode="alloca(26) " fcode="alloca"/>
<opset="i/1 "/>
</bind>
</comp>

<comp id="60" class="1004" name="sext_ln1379_read_read_fu_60">
<pin_list>
<pin id="61" dir="0" index="0" bw="58" slack="0"/>
<pin id="62" dir="0" index="1" bw="58" slack="0"/>
<pin id="63" dir="1" index="2" bw="58" slack="0"/>
</pin_list>
<bind>
<opcode="read(1150) " fcode="read"/>
<opset="sext_ln1379_read/1 "/>
</bind>
</comp>

<comp id="66" class="1004" name="addrbound_read_1_read_fu_66">
<pin_list>
<pin id="67" dir="0" index="0" bw="16" slack="0"/>
<pin id="68" dir="0" index="1" bw="16" slack="0"/>
<pin id="69" dir="1" index="2" bw="16" slack="0"/>
</pin_list>
<bind>
<opcode="read(1150) " fcode="read"/>
<opset="addrbound_read_1/1 "/>
</bind>
</comp>

<comp id="72" class="1004" name="ldata_read_read_fu_72">
<pin_list>
<pin id="73" dir="0" index="0" bw="512" slack="0"/>
<pin id="74" dir="0" index="1" bw="512" slack="0"/>
<pin id="75" dir="1" index="2" bw="512" slack="1"/>
</pin_list>
<bind>
<opcode="read(1150) " fcode="read"/>
<opset="ldata_read/2 "/>
</bind>
</comp>

<comp id="78" class="1004" name="write_ln1384_write_fu_78">
<pin_list>
<pin id="79" dir="0" index="0" bw="0" slack="0"/>
<pin id="80" dir="0" index="1" bw="512" slack="0"/>
<pin id="81" dir="0" index="2" bw="512" slack="1"/>
<pin id="82" dir="0" index="3" bw="1" slack="0"/>
<pin id="83" dir="1" index="4" bw="0" slack="2147483647"/>
</pin_list>
<bind>
<opcode="write(1151) " fcode="write"/>
<opset="write_ln1384/3 "/>
</bind>
</comp>

<comp id="86" class="1004" name="sext_ln1379_cast_fu_86">
<pin_list>
<pin id="87" dir="0" index="0" bw="58" slack="0"/>
<pin id="88" dir="1" index="1" bw="64" slack="2"/>
</pin_list>
<bind>
<opcode="sext(35) " fcode="sext"/>
<opset="sext_ln1379_cast/1 "/>
</bind>
</comp>

<comp id="90" class="1004" name="store_ln1376_store_fu_90">
<pin_list>
<pin id="91" dir="0" index="0" bw="1" slack="0"/>
<pin id="92" dir="0" index="1" bw="16" slack="0"/>
<pin id="93" dir="1" index="2" bw="0" slack="2147483647"/>
</pin_list>
<bind>
<opcode="store(28) " fcode="store"/>
<opset="store_ln1376/1 "/>
</bind>
</comp>

<comp id="95" class="1004" name="i_1_load_fu_95">
<pin_list>
<pin id="96" dir="0" index="0" bw="16" slack="0"/>
<pin id="97" dir="1" index="1" bw="16" slack="0"/>
</pin_list>
<bind>
<opcode="load(27) " fcode="load"/>
<opset="i_1/1 "/>
</bind>
</comp>

<comp id="98" class="1004" name="icmp_ln1379_fu_98">
<pin_list>
<pin id="99" dir="0" index="0" bw="16" slack="0"/>
<pin id="100" dir="0" index="1" bw="16" slack="0"/>
<pin id="101" dir="1" index="2" bw="1" slack="1"/>
</pin_list>
<bind>
<opcode="icmp(45) " fcode="icmp"/>
<opset="icmp_ln1379/1 "/>
</bind>
</comp>

<comp id="104" class="1004" name="add_ln1379_fu_104">
<pin_list>
<pin id="105" dir="0" index="0" bw="16" slack="0"/>
<pin id="106" dir="0" index="1" bw="1" slack="0"/>
<pin id="107" dir="1" index="2" bw="16" slack="0"/>
</pin_list>
<bind>
<opcode="add(8) " fcode="add"/>
<opset="add_ln1379/1 "/>
</bind>
</comp>

<comp id="110" class="1004" name="store_ln1376_store_fu_110">
<pin_list>
<pin id="111" dir="0" index="0" bw="16" slack="0"/>
<pin id="112" dir="0" index="1" bw="16" slack="0"/>
<pin id="113" dir="1" index="2" bw="0" slack="2147483647"/>
</pin_list>
<bind>
<opcode="store(28) " fcode="store"/>
<opset="store_ln1376/1 "/>
</bind>
</comp>

<comp id="115" class="1004" name="gmem2_addr_fu_115">
<pin_list>
<pin id="116" dir="0" index="0" bw="512" slack="0"/>
<pin id="117" dir="0" index="1" bw="58" slack="2"/>
<pin id="118" dir="1" index="2" bw="512" slack="0"/>
</pin_list>
<bind>
<opcode="getelementptr(29) " fcode="getelementptr"/>
<opset="gmem2_addr/3 "/>
</bind>
</comp>

<comp id="121" class="1005" name="i_reg_121">
<pin_list>
<pin id="122" dir="0" index="0" bw="16" slack="0"/>
<pin id="123" dir="1" index="1" bw="16" slack="0"/>
</pin_list>
<bind>
<opset="i "/>
</bind>
</comp>

<comp id="128" class="1005" name="sext_ln1379_cast_reg_128">
<pin_list>
<pin id="129" dir="0" index="0" bw="64" slack="2"/>
<pin id="130" dir="1" index="1" bw="64" slack="2"/>
</pin_list>
<bind>
<opset="sext_ln1379_cast "/>
</bind>
</comp>

<comp id="133" class="1005" name="icmp_ln1379_reg_133">
<pin_list>
<pin id="134" dir="0" index="0" bw="1" slack="1"/>
<pin id="135" dir="1" index="1" bw="1" slack="2147483647"/>
</pin_list>
<bind>
<opset="icmp_ln1379 "/>
</bind>
</comp>

<comp id="137" class="1005" name="ldata_read_reg_137">
<pin_list>
<pin id="138" dir="0" index="0" bw="512" slack="1"/>
<pin id="139" dir="1" index="1" bw="512" slack="1"/>
</pin_list>
<bind>
<opset="ldata_read "/>
</bind>
</comp>

</comp_list>

<net_list>
<net id="59"><net_src comp="8" pin="0"/><net_sink comp="56" pin=0"/></net>

<net id="64"><net_src comp="10" pin="0"/><net_sink comp="60" pin=0"/></net>

<net id="65"><net_src comp="4" pin="0"/><net_sink comp="60" pin=1"/></net>

<net id="70"><net_src comp="12" pin="0"/><net_sink comp="66" pin=0"/></net>

<net id="71"><net_src comp="0" pin="0"/><net_sink comp="66" pin=1"/></net>

<net id="76"><net_src comp="36" pin="0"/><net_sink comp="72" pin=0"/></net>

<net id="77"><net_src comp="6" pin="0"/><net_sink comp="72" pin=1"/></net>

<net id="84"><net_src comp="52" pin="0"/><net_sink comp="78" pin=0"/></net>

<net id="85"><net_src comp="54" pin="0"/><net_sink comp="78" pin=3"/></net>

<net id="89"><net_src comp="60" pin="2"/><net_sink comp="86" pin=0"/></net>

<net id="94"><net_src comp="32" pin="0"/><net_sink comp="90" pin=0"/></net>

<net id="102"><net_src comp="95" pin="1"/><net_sink comp="98" pin=0"/></net>

<net id="103"><net_src comp="66" pin="2"/><net_sink comp="98" pin=1"/></net>

<net id="108"><net_src comp="95" pin="1"/><net_sink comp="104" pin=0"/></net>

<net id="109"><net_src comp="34" pin="0"/><net_sink comp="104" pin=1"/></net>

<net id="114"><net_src comp="104" pin="2"/><net_sink comp="110" pin=0"/></net>

<net id="119"><net_src comp="2" pin="0"/><net_sink comp="115" pin=0"/></net>

<net id="120"><net_src comp="115" pin="2"/><net_sink comp="78" pin=1"/></net>

<net id="124"><net_src comp="56" pin="1"/><net_sink comp="121" pin=0"/></net>

<net id="125"><net_src comp="121" pin="1"/><net_sink comp="90" pin=1"/></net>

<net id="126"><net_src comp="121" pin="1"/><net_sink comp="95" pin=0"/></net>

<net id="127"><net_src comp="121" pin="1"/><net_sink comp="110" pin=1"/></net>

<net id="131"><net_src comp="86" pin="1"/><net_sink comp="128" pin=0"/></net>

<net id="132"><net_src comp="128" pin="1"/><net_sink comp="115" pin=1"/></net>

<net id="136"><net_src comp="98" pin="2"/><net_sink comp="133" pin=0"/></net>

<net id="140"><net_src comp="72" pin="2"/><net_sink comp="137" pin=0"/></net>

<net id="141"><net_src comp="137" pin="1"/><net_sink comp="78" pin=2"/></net>

</net_list>

</model> 
---------------- Datapath Model END ------------------

* FSMD analyzer results:
  - Output states:
	Port: gmem2 | {3 }
 - Input state : 
	Port: AxiStream2Axi_Pipeline_MMIterOutLoop2 : addrbound_read | {1 }
	Port: AxiStream2Axi_Pipeline_MMIterOutLoop2 : sext_ln1379 | {1 }
	Port: AxiStream2Axi_Pipeline_MMIterOutLoop2 : ldata | {2 }
  - Chain level:
	State 1
		store_ln1376 : 1
		i_1 : 1
		icmp_ln1379 : 2
		add_ln1379 : 2
		br_ln1379 : 3
		store_ln1376 : 3
	State 2
	State 3
		write_ln1384 : 1


============================================================
+ Verbose Summary: Datapath Resource usage 
============================================================

* Functional unit list:
|----------|-----------------------------|---------|---------|
| Operation|       Functional Unit       |    FF   |   LUT   |
|----------|-----------------------------|---------|---------|
|   icmp   |      icmp_ln1379_fu_98      |    0    |    23   |
|----------|-----------------------------|---------|---------|
|    add   |      add_ln1379_fu_104      |    0    |    23   |
|----------|-----------------------------|---------|---------|
|          | sext_ln1379_read_read_fu_60 |    0    |    0    |
|   read   | addrbound_read_1_read_fu_66 |    0    |    0    |
|          |    ldata_read_read_fu_72    |    0    |    0    |
|----------|-----------------------------|---------|---------|
|   write  |   write_ln1384_write_fu_78  |    0    |    0    |
|----------|-----------------------------|---------|---------|
|   sext   |    sext_ln1379_cast_fu_86   |    0    |    0    |
|----------|-----------------------------|---------|---------|
|   Total  |                             |    0    |    46   |
|----------|-----------------------------|---------|---------|

Memories:
N/A

* Register list:
+------------------------+--------+
|                        |   FF   |
+------------------------+--------+
|        i_reg_121       |   16   |
|   icmp_ln1379_reg_133  |    1   |
|   ldata_read_reg_137   |   512  |
|sext_ln1379_cast_reg_128|   64   |
+------------------------+--------+
|          Total         |   593  |
+------------------------+--------+

* Multiplexer (MUX) list: 
|--------|------|------|------|--------|
|  Comp  |  Pin | Size |  BW  | S x BW |
|--------|------|------|------|--------|
|  Total |      |      |      |    0   |
|--------|------|------|------|--------|



* Summary:
+-----------+--------+--------+
|           |   FF   |   LUT  |
+-----------+--------+--------+
|  Function |    0   |   46   |
|   Memory  |    -   |    -   |
|Multiplexer|    -   |    -   |
|  Register |   593  |    -   |
+-----------+--------+--------+
|   Total   |   593  |   46   |
+-----------+--------+--------+
