

================================================================
== Vitis HLS Report for 'AxiStream2Axi_Pipeline_MMIterOutLoop2'
================================================================
* Date:           Wed Mar 20 05:12:09 2024

* Version:        2023.2 (Build 4023990 on Oct 11 2023)
* Project:        hls_component
* Solution:       hls (Vivado IP Flow Target)
* Product family: zynq
* Target device:  xc7z020-clg400-1


================================================================
== Performance Estimates
================================================================
+ Timing: 
    * Summary: 
    +--------+----------+----------+------------+
    |  Clock |  Target  | Estimated| Uncertainty|
    +--------+----------+----------+------------+
    |ap_clk  |  10.00 ns|  7.300 ns|     2.70 ns|
    +--------+----------+----------+------------+

+ Latency: 
    * Summary: 
    +---------+---------+-----------+----------+-----+-------+---------+
    |  Latency (cycles) |  Latency (absolute)  |   Interval  | Pipeline|
    |   min   |   max   |    min    |    max   | min |  max  |   Type  |
    +---------+---------+-----------+----------+-----+-------+---------+
    |        4|    32403|  40.000 ns|  0.324 ms|    4|  32403|       no|
    +---------+---------+-----------+----------+-----+-------+---------+

    + Detail: 
        * Instance: 
        N/A

        * Loop: 
        +------------------+---------+---------+----------+-----------+-----------+-----------+----------+
        |                  |  Latency (cycles) | Iteration|  Initiation Interval  |    Trip   |          |
        |     Loop Name    |   min   |   max   |  Latency |  achieved |   target  |   Count   | Pipelined|
        +------------------+---------+---------+----------+-----------+-----------+-----------+----------+
        |- MMIterOutLoop2  |        2|    32401|         3|          1|          1|  1 ~ 32400|       yes|
        +------------------+---------+---------+----------+-----------+-----------+-----------+----------+

============================================================
+ Verbose Summary: Synthesis Manager
============================================================
InlineROM: 1
ExposeGlobal: 0
============================================================
+ Verbose Summary: CDFG Model
============================================================
IsTopModel: 0
ResetActiveHigh: 1
IsCombinational: 0
IsDatapathOnly: 0
HasWiredReturn: 1
HasMFsm: 2
HasVarLatency: 1
IsPipeline: 0
IsRtlPipelined: 0
IsInstanceOverlapped: 0
IsDontTouch: 0
HasImplIP: 0
IsGatedGlobalClock: 0

+ Individual pipeline summary: 
  * Pipeline-0: initiation interval (II) = 1, depth = 3


============================================================
+ Verbose Summary: Schedule
============================================================
* Number of FSM states : 3
* Pipeline : 1
  Pipeline-0 : II = 1, D = 3, States = { 1 2 3 }
* Dataflow Pipeline: 0

* FSM state transitions: 
1 --> 2 
2 --> 3 
3 --> 

* FSM state operations: 

State 1 <SV = 0> <Delay = 5.25>
ST_1 : Operation 6 [1/1] (0.00ns)   --->   "%i = alloca i32 1" [C:/Xilinx/Vitis_Libraries/vision/L1/include\common/xf_structs.hpp:1376]   --->   Operation 6 'alloca' 'i' <Predicate = true> <Delay = 0.00>
ST_1 : Operation 7 [1/1] (0.00ns)   --->   "%sext_ln1379_read = read i58 @_ssdm_op_Read.ap_auto.i58, i58 %sext_ln1379"   --->   Operation 7 'read' 'sext_ln1379_read' <Predicate = true> <Delay = 0.00>
ST_1 : Operation 8 [1/1] (0.00ns)   --->   "%addrbound_read_1 = read i16 @_ssdm_op_Read.ap_auto.i16, i16 %addrbound_read"   --->   Operation 8 'read' 'addrbound_read_1' <Predicate = true> <Delay = 0.00>
ST_1 : Operation 9 [1/1] (0.00ns)   --->   "%sext_ln1379_cast = sext i58 %sext_ln1379_read"   --->   Operation 9 'sext' 'sext_ln1379_cast' <Predicate = true> <Delay = 0.00>
ST_1 : Operation 10 [1/1] (0.00ns)   --->   "%specinterface_ln0 = specinterface void @_ssdm_op_SpecInterface, i512 %gmem2, void @empty_13, i32 0, i32 0, void @empty_12, i32 0, i32 0, void @empty_9, void @empty_10, void @empty_12, i32 16, i32 16, i32 16, i32 16, void @empty_12, void @empty_12, i32 4294967295, i32 0"   --->   Operation 10 'specinterface' 'specinterface_ln0' <Predicate = true> <Delay = 0.00>
ST_1 : Operation 11 [1/1] (0.00ns)   --->   "%specinterface_ln0 = specinterface void @_ssdm_op_SpecInterface, i512 %ldata, void @empty_19, i32 0, i32 0, void @empty_12, i32 0, i32 0, void @empty_12, void @empty_12, void @empty_12, i32 0, i32 0, i32 0, i32 0, void @empty_12, void @empty_12, i32 4294967295, i32 0"   --->   Operation 11 'specinterface' 'specinterface_ln0' <Predicate = true> <Delay = 0.00>
ST_1 : Operation 12 [1/1] (1.58ns)   --->   "%store_ln1376 = store i16 0, i16 %i" [C:/Xilinx/Vitis_Libraries/vision/L1/include\common/xf_structs.hpp:1376]   --->   Operation 12 'store' 'store_ln1376' <Predicate = true> <Delay = 1.58>
ST_1 : Operation 13 [1/1] (0.00ns)   --->   "%br_ln0 = br void %for.inc"   --->   Operation 13 'br' 'br_ln0' <Predicate = true> <Delay = 0.00>
ST_1 : Operation 14 [1/1] (0.00ns)   --->   "%i_1 = load i16 %i" [C:/Xilinx/Vitis_Libraries/vision/L1/include\common/xf_structs.hpp:1379]   --->   Operation 14 'load' 'i_1' <Predicate = true> <Delay = 0.00>
ST_1 : Operation 15 [1/1] (2.07ns)   --->   "%icmp_ln1379 = icmp_eq  i16 %i_1, i16 %addrbound_read_1" [C:/Xilinx/Vitis_Libraries/vision/L1/include\common/xf_structs.hpp:1379]   --->   Operation 15 'icmp' 'icmp_ln1379' <Predicate = true> <Delay = 2.07> <CoreInst = "Cmp">   --->   Core 9 'Cmp' <Latency = 0> <II = 1> <Delay = 2.07> <FuncUnit> <Opcode : 'icmp'> <InPorts = 2> <OutPorts = 1>
ST_1 : Operation 16 [1/1] (2.07ns)   --->   "%add_ln1379 = add i16 %i_1, i16 1" [C:/Xilinx/Vitis_Libraries/vision/L1/include\common/xf_structs.hpp:1379]   --->   Operation 16 'add' 'add_ln1379' <Predicate = true> <Delay = 2.07> <CoreInst = "Adder">   --->   Core 1 'Adder' <Latency = 0> <II = 1> <Delay = 2.07> <FuncUnit> <Opcode : 'add' 'sub'> <InPorts = 2> <OutPorts = 1>
ST_1 : Operation 17 [1/1] (0.00ns)   --->   "%br_ln1379 = br i1 %icmp_ln1379, void %for.inc.split, void %for.end.loopexit.exitStub" [C:/Xilinx/Vitis_Libraries/vision/L1/include\common/xf_structs.hpp:1379]   --->   Operation 17 'br' 'br_ln1379' <Predicate = true> <Delay = 0.00>
ST_1 : Operation 18 [1/1] (1.58ns)   --->   "%store_ln1376 = store i16 %add_ln1379, i16 %i" [C:/Xilinx/Vitis_Libraries/vision/L1/include\common/xf_structs.hpp:1376]   --->   Operation 18 'store' 'store_ln1376' <Predicate = (!icmp_ln1379)> <Delay = 1.58>

State 2 <SV = 1> <Delay = 3.63>
ST_2 : Operation 19 [1/1] (3.63ns)   --->   "%ldata_read = read i512 @_ssdm_op_Read.ap_fifo.volatile.i512P0A, i512 %ldata" [C:/Xilinx/Vitis_Libraries/vision/L1/include\common/xf_structs.hpp:1384]   --->   Operation 19 'read' 'ldata_read' <Predicate = true> <Delay = 3.63> <CoreInst = "FIFO_SRL">   --->   Core 81 'FIFO_SRL' <Latency = 0> <II = 1> <Delay = 3.63> <Storage> <Opcode : 'read' 'write' 'nbread' 'nbwrite'> <Ports = 0> <Width = 512> <Depth = 2> <FIFO>
ST_2 : Operation 26 [1/1] (0.00ns)   --->   "%ret_ln0 = ret"   --->   Operation 26 'ret' 'ret_ln0' <Predicate = (icmp_ln1379)> <Delay = 0.00>

State 3 <SV = 2> <Delay = 7.30>
ST_3 : Operation 20 [1/1] (0.00ns)   --->   "%gmem2_addr = getelementptr i512 %gmem2, i64 %sext_ln1379_cast" [C:/Xilinx/Vitis_Libraries/vision/L1/include\common/xf_structs.hpp:1379]   --->   Operation 20 'getelementptr' 'gmem2_addr' <Predicate = true> <Delay = 0.00>
ST_3 : Operation 21 [1/1] (0.00ns)   --->   "%specpipeline_ln1382 = specpipeline void @_ssdm_op_SpecPipeline, i32 4294967295, i32 0, i32 0, i32 0, void @empty_12" [C:/Xilinx/Vitis_Libraries/vision/L1/include\common/xf_structs.hpp:1382]   --->   Operation 21 'specpipeline' 'specpipeline_ln1382' <Predicate = true> <Delay = 0.00>
ST_3 : Operation 22 [1/1] (0.00ns)   --->   "%speclooptripcount_ln1381 = speclooptripcount void @_ssdm_op_SpecLoopTripCount, i64 1, i64 32400, i64 16200" [C:/Xilinx/Vitis_Libraries/vision/L1/include\common/xf_structs.hpp:1381]   --->   Operation 22 'speclooptripcount' 'speclooptripcount_ln1381' <Predicate = true> <Delay = 0.00>
ST_3 : Operation 23 [1/1] (0.00ns)   --->   "%specloopname_ln1379 = specloopname void @_ssdm_op_SpecLoopName, void @empty_15" [C:/Xilinx/Vitis_Libraries/vision/L1/include\common/xf_structs.hpp:1379]   --->   Operation 23 'specloopname' 'specloopname_ln1379' <Predicate = true> <Delay = 0.00>
ST_3 : Operation 24 [1/1] (7.30ns)   --->   "%write_ln1384 = write void @_ssdm_op_Write.m_axi.p1i512, i512 %gmem2_addr, i512 %ldata_read, i64 18446744073709551615" [C:/Xilinx/Vitis_Libraries/vision/L1/include\common/xf_structs.hpp:1384]   --->   Operation 24 'write' 'write_ln1384' <Predicate = true> <Delay = 7.30> <CoreInst = "m_axi">   --->   Core 113 'm_axi' <Latency = 0> <II = 1> <Delay = 1.00> <Adapter> <Opcode : 'read' 'write' 'readreq' 'writereq' 'writeresp'>
ST_3 : Operation 25 [1/1] (0.00ns)   --->   "%br_ln1379 = br void %for.inc" [C:/Xilinx/Vitis_Libraries/vision/L1/include\common/xf_structs.hpp:1379]   --->   Operation 25 'br' 'br_ln1379' <Predicate = true> <Delay = 0.00>


============================================================
+ Verbose Summary: Timing violations
============================================================
Target clock period: 10.000ns, clock uncertainty: 2.700ns.

 <State 1>: 5.253ns
The critical path consists of the following:
	'store' operation 0 bit ('store_ln1376', C:/Xilinx/Vitis_Libraries/vision/L1/include\common/xf_structs.hpp:1376) of constant 0 on local variable 'i', C:/Xilinx/Vitis_Libraries/vision/L1/include\common/xf_structs.hpp:1376 [11]  (1.588 ns)
	'load' operation 16 bit ('i', C:/Xilinx/Vitis_Libraries/vision/L1/include\common/xf_structs.hpp:1379) on local variable 'i', C:/Xilinx/Vitis_Libraries/vision/L1/include\common/xf_structs.hpp:1376 [14]  (0.000 ns)
	'icmp' operation 1 bit ('icmp_ln1379', C:/Xilinx/Vitis_Libraries/vision/L1/include\common/xf_structs.hpp:1379) [15]  (2.077 ns)
	'store' operation 0 bit ('store_ln1376', C:/Xilinx/Vitis_Libraries/vision/L1/include\common/xf_structs.hpp:1376) of variable 'add_ln1379', C:/Xilinx/Vitis_Libraries/vision/L1/include\common/xf_structs.hpp:1379 on local variable 'i', C:/Xilinx/Vitis_Libraries/vision/L1/include\common/xf_structs.hpp:1376 [25]  (1.588 ns)

 <State 2>: 3.634ns
The critical path consists of the following:
	fifo read operation ('ldata_read', C:/Xilinx/Vitis_Libraries/vision/L1/include\common/xf_structs.hpp:1384) on port 'ldata' (C:/Xilinx/Vitis_Libraries/vision/L1/include\common/xf_structs.hpp:1384) [23]  (3.634 ns)

 <State 3>: 7.300ns
The critical path consists of the following:
	'getelementptr' operation 512 bit ('gmem2_addr', C:/Xilinx/Vitis_Libraries/vision/L1/include\common/xf_structs.hpp:1379) [19]  (0.000 ns)
	bus write operation ('write_ln1384', C:/Xilinx/Vitis_Libraries/vision/L1/include\common/xf_structs.hpp:1384) on port 'gmem2' (C:/Xilinx/Vitis_Libraries/vision/L1/include\common/xf_structs.hpp:1384) [24]  (7.300 ns)


============================================================
+ Verbose Summary: Binding
============================================================
N/A
* FSMD analyzer results:
  - Output states:
 - Input state : 
  - Chain level:
	State 1
	State 2
	State 3


============================================================
+ Verbose Summary: Datapath Resource usage 
============================================================
N/A
