INFO: [v++ 60-1548] Creating build summary session with primary output W:/vitis_workspace/ip24/att4/hls_component/hls_component\hls_component.hlscompile_summary, at 03/11/24 23:25:21
INFO: [v++ 82-31] Launching vitis_hls: vitis_hls -nolog -run csynth -work_dir W:/vitis_workspace/ip24/att4/hls_component/hls_component -config W:/vitis_workspace/ip24/att4/hls_component/hls_config.cfg -cmdlineconfig W:/vitis_workspace/ip24/att4/hls_component/hls_component/hls/config.cmdline
ECHO is off.
ECHO is off.

****** Vitis HLS - High-Level Synthesis from C, C++ and OpenCL v2023.2 (64-bit)
  **** SW Build 4023990 on Oct 11 2023
  **** IP Build 4028589 on Sat Oct 14 00:45:43 MDT 2023
  **** SharedData Build 4025554 on Tue Oct 10 17:18:54 MDT 2023
    ** Copyright 1986-2022 Xilinx, Inc. All Rights Reserved.
    ** Copyright 2022-2023 Advanced Micro Devices, Inc. All Rights Reserved.

source C:/Xilinx/Vitis_HLS/2023.2/scripts/vitis_hls/hls.tcl -notrace
INFO: [HLS 200-10] Running 'C:/Xilinx/Vitis_HLS/2023.2/bin/unwrapped/win64.o/vitis_hls.exe'
INFO: [HLS 200-10] For user 'Kevin Lau' on host 'kvl-tuf' (Windows NT_amd64 version 6.2) on Mon Mar 11 23:25:23 +0000 2024
INFO: [HLS 200-10] In directory 'W:/vitis_workspace/ip24/att4/hls_component'
INFO: [HLS 200-1909] Reading HLS ini file W:/vitis_workspace/ip24/att4/hls_component/hls_config.cfg
INFO: [HLS 200-1909] Reading HLS ini file W:/vitis_workspace/ip24/att4/hls_component/hls_component/hls/config.cmdline
INFO: [HLS 200-2005] Using work_dir W:/vitis_workspace/ip24/att4/hls_component/hls_component 
INFO: [HLS 200-1510] Running: open_project W:/vitis_workspace/ip24/att4/hls_component/hls_component -diskless 
INFO: [HLS 200-1510] Running: open_solution hls 
INFO: [HLS 200-1505] Using default flow_target 'vivado'
Resolution: For help on HLS 200-1505 see docs.xilinx.com/access/sources/dita/topic?Doc_Version=2023.2%20English&url=ug1448-hls-guidance&resourceid=200-1505.html
INFO: [HLS 200-1510] Running: apply_ini W:/vitis_workspace/ip24/att4/hls_component/hls_config.cfg 
INFO: [HLS 200-1909] Reading HLS ini file W:/vitis_workspace/ip24/att4/hls_component/hls_config.cfg
INFO: [HLS 200-1465] Applying ini 'syn.file=accel.cpp' at W:/vitis_workspace/ip24/att4/hls_component/hls_config.cfg(14)
INFO: [HLS 200-10] Adding design file 'W:/vitis_workspace/ip24/att4/hls_component/accel.cpp' to the project
INFO: [HLS 200-1465] Applying ini 'syn.file=accel2.cpp' at W:/vitis_workspace/ip24/att4/hls_component/hls_config.cfg(15)
INFO: [HLS 200-10] Adding design file 'W:/vitis_workspace/ip24/att4/hls_component/accel2.cpp' to the project
INFO: [HLS 200-1465] Applying ini 'syn.cflags=-I C:/Xilinx/Vitis_Libraries/vision/L2/examples/cvtcolor/config -IC:/Xilinx/Vitis_Libraries/vision/L1/include -IW:/vitis_workspace/ip24/att4/hls_component/include -I ./ -D__SDSVHLS__ -std=c++14' at W:/vitis_workspace/ip24/att4/hls_component/hls_config.cfg(7)
INFO: [HLS 200-1465] Applying ini 'syn.csimflags=-I C:/Xilinx/Vitis_Libraries/vision/L2/examples/cvtcolor/config -IC:/Xilinx/Vitis_Libraries/vision/L1/include -IW:/vitis_workspace/ip24/att4/hls_component/include -I ./ -D__SDSVHLS__ -std=c++14' at W:/vitis_workspace/ip24/att4/hls_component/hls_config.cfg(8)
INFO: [HLS 200-1465] Applying ini 'syn.top=cvtcolor' at W:/vitis_workspace/ip24/att4/hls_component/hls_config.cfg(13)
INFO: [HLS 200-1465] Applying ini 'flow_target=vivado' at W:/vitis_workspace/ip24/att4/hls_component/hls_config.cfg(4)
INFO: [HLS 200-1505] Using flow_target 'vivado'
Resolution: For help on HLS 200-1505 see docs.xilinx.com/access/sources/dita/topic?Doc_Version=2023.2%20English&url=ug1448-hls-guidance&resourceid=200-1505.html
INFO: [HLS 200-1465] Applying ini 'part=xc7z020clg400-1' at W:/vitis_workspace/ip24/att4/hls_component/hls_config.cfg(1)
INFO: [HLS 200-1611] Setting target device to 'xc7z020-clg400-1'
INFO: [HLS 200-1465] Applying ini 'cosim.argv=C:/Xilinx/Vitis_Libraries/vision/data/128x128.png' at W:/vitis_workspace/ip24/att4/hls_component/hls_config.cfg(11)
INFO: [HLS 200-1465] Applying ini 'cosim.ldflags=-L C:/opencv/build/install/x64/mingw/lib -lopencv_imgcodecs490 -lopencv_imgproc490 -lopencv_calib3d490 -lopencv_core490 -lopencv_highgui490 -lopencv_flann490 -lopencv_features2d490' at W:/vitis_workspace/ip24/att4/hls_component/hls_config.cfg(12)
INFO: [HLS 200-1465] Applying ini 'csim.argv=C:/Xilinx/Vitis_Libraries/vision/data/128x128.png' at W:/vitis_workspace/ip24/att4/hls_component/hls_config.cfg(9)
INFO: [HLS 200-1465] Applying ini 'csim.ldflags=-L C:/opencv/build/install/x64/mingw/lib -lopencv_imgcodecs490 -lopencv_imgproc490 -lopencv_calib3d490 -lopencv_core490 -lopencv_highgui490 -lopencv_flann490 -lopencv_features2d490' at W:/vitis_workspace/ip24/att4/hls_component/hls_config.cfg(10)
INFO: [HLS 200-1465] Applying ini 'package.output.format=ip_catalog' at W:/vitis_workspace/ip24/att4/hls_component/hls_config.cfg(5)
INFO: [HLS 200-1510] Running: apply_ini W:/vitis_workspace/ip24/att4/hls_component/hls_component/hls/config.cmdline 
INFO: [HLS 200-1909] Reading HLS ini file W:/vitis_workspace/ip24/att4/hls_component/hls_component/hls/config.cmdline
INFO: [HLS 200-1510] Running: csynth_design 
INFO: [HLS 200-111] Finished File checks and directory preparation: CPU user time: 0 seconds. CPU system time: 0 seconds. Elapsed time: 0.139 seconds; current allocated memory: 121.691 MB.
INFO: [HLS 200-10] Analyzing design file 'W:/vitis_workspace/ip24/att4/hls_component/accel2.cpp' ... 
WARNING: [HLS 207-5539] 'factor' in '#pragma HLS array_reshape' is ignored (C:/Xilinx/Vitis_Libraries/vision/L1/include\common/xf_video_mem.hpp:759:47)
ERROR: [HLS 207-1263] expected ';' after top level declarator (W:/vitis_workspace/ip24/att4/hls_component/include\accel2.hpp:27:75)
WARNING: [HLS 207-5286] expression result unused (W:/vitis_workspace/ip24/att4/hls_component/accel2.cpp:22:57)
ERROR: [HLS 207-3717] invalid operands to binary expression ('_pixel_per_cycle' and 'gray_image' (aka 'Mat<XF_8UC1, 1080, 1920, XF_NPPC1>')) (W:/vitis_workspace/ip24/att4/hls_component/accel2.cpp:22:55)
INFO: [HLS 207-4406] candidate template ignored: could not match 'ap_int_base' against 'Mat' (C:/Xilinx/Vitis_HLS/2023.2/common/technology/autopilot\etc/ap_int_base.h:1778:102)
INFO: [HLS 207-4406] candidate template ignored: could not match 'ap_int_base<_AP_W, _AP_S>' against '_pixel_per_cycle' (C:/Xilinx/Vitis_HLS/2023.2/common/technology/autopilot\etc/ap_int_base.h:1778:307)
INFO: [HLS 207-4406] candidate template ignored: could not match 'ap_int_base' against 'Mat' (C:/Xilinx/Vitis_HLS/2023.2/common/technology/autopilot\etc/ap_int_base.h:1779:102)
INFO: [HLS 207-4406] candidate template ignored: could not match 'ap_int_base<_AP_W, _AP_S>' against '_pixel_per_cycle' (C:/Xilinx/Vitis_HLS/2023.2/common/technology/autopilot\etc/ap_int_base.h:1779:316)
INFO: [HLS 207-4406] candidate template ignored: could not match 'ap_int_base' against 'Mat' (C:/Xilinx/Vitis_HLS/2023.2/common/technology/autopilot\etc/ap_int_base.h:1780:102)
INFO: [HLS 207-4406] candidate template ignored: could not match 'ap_int_base<_AP_W, _AP_S>' against '_pixel_per_cycle' (C:/Xilinx/Vitis_HLS/2023.2/common/technology/autopilot\etc/ap_int_base.h:1780:313)
INFO: [HLS 207-4406] candidate template ignored: could not match 'ap_int_base' against 'Mat' (C:/Xilinx/Vitis_HLS/2023.2/common/technology/autopilot\etc/ap_int_base.h:1781:102)
INFO: [HLS 207-4406] candidate template ignored: could not match 'ap_int_base<_AP_W, _AP_S>' against '_pixel_per_cycle' (C:/Xilinx/Vitis_HLS/2023.2/common/technology/autopilot\etc/ap_int_base.h:1781:316)
INFO: [HLS 207-4406] candidate template ignored: could not match 'ap_int_base' against 'Mat' (C:/Xilinx/Vitis_HLS/2023.2/common/technology/autopilot\etc/ap_int_base.h:1782:102)
INFO: [HLS 207-4406] candidate template ignored: could not match 'ap_int_base<_AP_W, _AP_S>' against '_pixel_per_cycle' (C:/Xilinx/Vitis_HLS/2023.2/common/technology/autopilot\etc/ap_int_base.h:1782:320)
INFO: [HLS 207-4406] candidate template ignored: could not match 'ap_int_base' against 'Mat' (C:/Xilinx/Vitis_HLS/2023.2/common/technology/autopilot\etc/ap_int_base.h:1783:102)
INFO: [HLS 207-4406] candidate template ignored: could not match 'ap_int_base<_AP_W, _AP_S>' against '_pixel_per_cycle' (C:/Xilinx/Vitis_HLS/2023.2/common/technology/autopilot\etc/ap_int_base.h:1783:330)
INFO: [HLS 207-4406] candidate template ignored: could not match 'ap_int_base' against 'Mat' (C:/Xilinx/Vitis_HLS/2023.2/common/technology/autopilot\etc/ap_int_base.h:1784:102)
INFO: [HLS 207-4406] candidate template ignored: could not match 'ap_int_base<_AP_W, _AP_S>' against '_pixel_per_cycle' (C:/Xilinx/Vitis_HLS/2023.2/common/technology/autopilot\etc/ap_int_base.h:1784:316)
INFO: [HLS 207-4406] candidate template ignored: could not match 'ap_int_base' against 'Mat' (C:/Xilinx/Vitis_HLS/2023.2/common/technology/autopilot\etc/ap_int_base.h:1785:102)
INFO: [HLS 207-4406] candidate template ignored: could not match 'ap_int_base<_AP_W, _AP_S>' against '_pixel_per_cycle' (C:/Xilinx/Vitis_HLS/2023.2/common/technology/autopilot\etc/ap_int_base.h:1785:326)
INFO: [HLS 207-4406] candidate template ignored: could not match 'ap_int_base' against 'Mat' (C:/Xilinx/Vitis_HLS/2023.2/common/technology/autopilot\etc/ap_int_base.h:1786:102)
INFO: [HLS 207-4406] candidate template ignored: could not match 'ap_int_base<_AP_W, _AP_S>' against '_pixel_per_cycle' (C:/Xilinx/Vitis_HLS/2023.2/common/technology/autopilot\etc/ap_int_base.h:1786:318)
INFO: [HLS 207-4406] candidate template ignored: could not match 'ap_int_base' against 'Mat' (C:/Xilinx/Vitis_HLS/2023.2/common/technology/autopilot\etc/ap_int_base.h:1787:102)
INFO: [HLS 207-4406] candidate template ignored: could not match 'ap_int_base<_AP_W, _AP_S>' against '_pixel_per_cycle' (C:/Xilinx/Vitis_HLS/2023.2/common/technology/autopilot\etc/ap_int_base.h:1787:328)
INFO: [HLS 207-4406] candidate template ignored: could not match 'ap_int_base' against 'Mat' (C:/Xilinx/Vitis_HLS/2023.2/common/technology/autopilot\etc/ap_int_base.h:1788:102)
INFO: [HLS 207-4406] candidate template ignored: could not match 'ap_int_base<_AP_W, _AP_S>' against '_pixel_per_cycle' (C:/Xilinx/Vitis_HLS/2023.2/common/technology/autopilot\etc/ap_int_base.h:1788:326)
INFO: [HLS 207-4406] candidate template ignored: could not match 'ap_int_base' against 'Mat' (C:/Xilinx/Vitis_HLS/2023.2/common/technology/autopilot\etc/ap_int_base.h:1789:102)
INFO: [HLS 207-4406] candidate template ignored: could not match 'ap_int_base<_AP_W, _AP_S>' against '_pixel_per_cycle' (C:/Xilinx/Vitis_HLS/2023.2/common/technology/autopilot\etc/ap_int_base.h:1789:327)
INFO: [HLS 207-4406] candidate template ignored: could not match 'ap_int_base<_AP_W, _AP_S>' against '_pixel_per_cycle' (C:/Xilinx/Vitis_HLS/2023.2/common/technology/autopilot\etc/ap_int_base.h:1815:104)
INFO: [HLS 207-4406] candidate template ignored: could not match 'ap_int_base' against 'Mat' (C:/Xilinx/Vitis_HLS/2023.2/common/technology/autopilot\etc/ap_int_base.h:1815:301)
INFO: [HLS 207-4406] candidate template ignored: could not match 'ap_int_base<_AP_W, _AP_S>' against '_pixel_per_cycle' (C:/Xilinx/Vitis_HLS/2023.2/common/technology/autopilot\etc/ap_int_base.h:1815:498)
INFO: [HLS 207-4406] candidate template ignored: could not match 'ap_int_base' against 'Mat' (C:/Xilinx/Vitis_HLS/2023.2/common/technology/autopilot\etc/ap_int_base.h:1815:694)
INFO: [HLS 207-4406] candidate template ignored: could not match 'ap_range_ref<_AP_W, _AP_S>' against '_pixel_per_cycle' (C:/Xilinx/Vitis_HLS/2023.2/common/technology/autopilot\etc/ap_int_base.h:1929:129)
INFO: [HLS 207-4406] candidate template ignored: could not match 'ap_int_base<_AP_W, _AP_S>' against '_pixel_per_cycle' (C:/Xilinx/Vitis_HLS/2023.2/common/technology/autopilot\etc/ap_int_base.h:1929:409)
INFO: [HLS 207-4406] candidate template ignored: could not match 'ap_int_base<_AP_W, _AP_S>' against '_pixel_per_cycle' (C:/Xilinx/Vitis_HLS/2023.2/common/technology/autopilot\etc/ap_int_base.h:2038:129)
INFO: [HLS 207-4406] candidate template ignored: could not match 'ap_bit_ref<_AP_W, _AP_S>' against '_pixel_per_cycle' (C:/Xilinx/Vitis_HLS/2023.2/common/technology/autopilot\etc/ap_int_base.h:2038:392)
INFO: [HLS 207-4406] candidate template ignored: could not match 'ap_int_base<_AP_W3, _AP_S3>' against '_pixel_per_cycle' (C:/Xilinx/Vitis_HLS/2023.2/common/technology/autopilot\etc/ap_int_base.h:2145:162)
INFO: [HLS 207-4406] candidate template ignored: could not match 'ap_concat_ref<_AP_W1, type-parameter-0-1, _AP_W2, type-parameter-0-3>' against '_pixel_per_cycle' (C:/Xilinx/Vitis_HLS/2023.2/common/technology/autopilot\etc/ap_int_base.h:2145:461)
INFO: [HLS 207-4406] candidate template ignored: could not match 'ap_range_ref<_AP_W, _AP_S>' against '_pixel_per_cycle' (C:/Xilinx/Vitis_HLS/2023.2/common/technology/autopilot\etc/ap_int_ref.h:1036:102)
INFO: [HLS 207-4406] candidate template ignored: could not match 'ap_bit_ref<_AP_W, _AP_S>' against '_pixel_per_cycle' (C:/Xilinx/Vitis_HLS/2023.2/common/technology/autopilot\etc/ap_int_ref.h:1036:333)
INFO: [HLS 207-4406] candidate template ignored: could not match 'ap_bit_ref' against 'Mat' (C:/Xilinx/Vitis_HLS/2023.2/common/technology/autopilot\etc/ap_int_ref.h:1036:518)
INFO: [HLS 207-4406] candidate template ignored: could not match 'ap_concat_ref<_AP_W1, type-parameter-0-1, _AP_W2, type-parameter-0-3>' against '_pixel_per_cycle' (C:/Xilinx/Vitis_HLS/2023.2/common/technology/autopilot\etc/ap_int_ref.h:1036:736)
INFO: [HLS 207-4406] candidate template ignored: could not match 'ap_range_ref<_AP_W, _AP_S>' against '_pixel_per_cycle' (C:/Xilinx/Vitis_HLS/2023.2/common/technology/autopilot\etc/ap_int_ref.h:1037:102)
INFO: [HLS 207-4406] candidate template ignored: could not match 'ap_bit_ref<_AP_W, _AP_S>' against '_pixel_per_cycle' (C:/Xilinx/Vitis_HLS/2023.2/common/technology/autopilot\etc/ap_int_ref.h:1037:342)
INFO: [HLS 207-4406] candidate template ignored: could not match 'ap_bit_ref' against 'Mat' (C:/Xilinx/Vitis_HLS/2023.2/common/technology/autopilot\etc/ap_int_ref.h:1037:527)
INFO: [HLS 207-4406] candidate template ignored: could not match 'ap_concat_ref<_AP_W1, type-parameter-0-1, _AP_W2, type-parameter-0-3>' against '_pixel_per_cycle' (C:/Xilinx/Vitis_HLS/2023.2/common/technology/autopilot\etc/ap_int_ref.h:1037:745)
INFO: [HLS 207-4406] candidate template ignored: could not match 'ap_range_ref<_AP_W, _AP_S>' against '_pixel_per_cycle' (C:/Xilinx/Vitis_HLS/2023.2/common/technology/autopilot\etc/ap_int_ref.h:1038:102)
INFO: [HLS 207-4406] candidate template ignored: could not match 'ap_bit_ref<_AP_W, _AP_S>' against '_pixel_per_cycle' (C:/Xilinx/Vitis_HLS/2023.2/common/technology/autopilot\etc/ap_int_ref.h:1038:339)
INFO: [HLS 207-4406] candidate template ignored: could not match 'ap_bit_ref' against 'Mat' (C:/Xilinx/Vitis_HLS/2023.2/common/technology/autopilot\etc/ap_int_ref.h:1038:531)
INFO: [HLS 207-4406] candidate template ignored: could not match 'ap_concat_ref<_AP_W1, type-parameter-0-1, _AP_W2, type-parameter-0-3>' against '_pixel_per_cycle' (C:/Xilinx/Vitis_HLS/2023.2/common/technology/autopilot\etc/ap_int_ref.h:1038:756)
INFO: [HLS 207-4406] candidate template ignored: could not match 'ap_range_ref<_AP_W, _AP_S>' against '_pixel_per_cycle' (C:/Xilinx/Vitis_HLS/2023.2/common/technology/autopilot\etc/ap_int_ref.h:1039:102)
INFO: [HLS 207-4406] candidate template ignored: could not match 'ap_bit_ref<_AP_W, _AP_S>' against '_pixel_per_cycle' (C:/Xilinx/Vitis_HLS/2023.2/common/technology/autopilot\etc/ap_int_ref.h:1039:342)
INFO: [HLS 207-4406] candidate template ignored: could not match 'ap_bit_ref' against 'Mat' (C:/Xilinx/Vitis_HLS/2023.2/common/technology/autopilot\etc/ap_int_ref.h:1039:536)
INFO: [HLS 207-4406] candidate template ignored: could not match 'ap_concat_ref<_AP_W1, type-parameter-0-1, _AP_W2, type-parameter-0-3>' against '_pixel_per_cycle' (C:/Xilinx/Vitis_HLS/2023.2/common/technology/autopilot\etc/ap_int_ref.h:1039:763)
INFO: [HLS 207-4406] candidate template ignored: could not match 'ap_range_ref<_AP_W, _AP_S>' against '_pixel_per_cycle' (C:/Xilinx/Vitis_HLS/2023.2/common/technology/autopilot\etc/ap_int_ref.h:1040:102)
INFO: [HLS 207-4406] candidate template ignored: could not match 'ap_bit_ref<_AP_W, _AP_S>' against '_pixel_per_cycle' (C:/Xilinx/Vitis_HLS/2023.2/common/technology/autopilot\etc/ap_int_ref.h:1040:346)
INFO: [HLS 207-4406] candidate template ignored: could not match 'ap_bit_ref' against 'Mat' (C:/Xilinx/Vitis_HLS/2023.2/common/technology/autopilot\etc/ap_int_ref.h:1040:532)
INFO: [HLS 207-4406] candidate template ignored: could not match 'ap_concat_ref<_AP_W1, type-parameter-0-1, _AP_W2, type-parameter-0-3>' against '_pixel_per_cycle' (C:/Xilinx/Vitis_HLS/2023.2/common/technology/autopilot\etc/ap_int_ref.h:1040:751)
INFO: [HLS 207-4406] candidate template ignored: could not match 'ap_range_ref<_AP_W, _AP_S>' against '_pixel_per_cycle' (C:/Xilinx/Vitis_HLS/2023.2/common/technology/autopilot\etc/ap_int_ref.h:1041:102)
INFO: [HLS 207-4406] candidate template ignored: could not match 'ap_bit_ref<_AP_W, _AP_S>' against '_pixel_per_cycle' (C:/Xilinx/Vitis_HLS/2023.2/common/technology/autopilot\etc/ap_int_ref.h:1041:356)
INFO: [HLS 207-4406] candidate template ignored: could not match 'ap_bit_ref' against 'Mat' (C:/Xilinx/Vitis_HLS/2023.2/common/technology/autopilot\etc/ap_int_ref.h:1041:551)
INFO: [HLS 207-4406] candidate template ignored: could not match 'ap_concat_ref<_AP_W1, type-parameter-0-1, _AP_W2, type-parameter-0-3>' against '_pixel_per_cycle' (C:/Xilinx/Vitis_HLS/2023.2/common/technology/autopilot\etc/ap_int_ref.h:1041:779)
INFO: [HLS 207-4406] candidate template ignored: could not match 'ap_range_ref<_AP_W, _AP_S>' against '_pixel_per_cycle' (C:/Xilinx/Vitis_HLS/2023.2/common/technology/autopilot\etc/ap_int_ref.h:1042:102)
INFO: [HLS 207-4406] candidate template ignored: could not match 'ap_bit_ref<_AP_W, _AP_S>' against '_pixel_per_cycle' (C:/Xilinx/Vitis_HLS/2023.2/common/technology/autopilot\etc/ap_int_ref.h:1042:342)
INFO: [HLS 207-4406] candidate template ignored: could not match 'ap_bit_ref' against 'Mat' (C:/Xilinx/Vitis_HLS/2023.2/common/technology/autopilot\etc/ap_int_ref.h:1042:526)
INFO: [HLS 207-4406] candidate template ignored: could not match 'ap_concat_ref<_AP_W1, type-parameter-0-1, _AP_W2, type-parameter-0-3>' against '_pixel_per_cycle' (C:/Xilinx/Vitis_HLS/2023.2/common/technology/autopilot\etc/ap_int_ref.h:1042:743)
INFO: [HLS 207-4406] candidate template ignored: could not match 'ap_range_ref<_AP_W, _AP_S>' against '_pixel_per_cycle' (C:/Xilinx/Vitis_HLS/2023.2/common/technology/autopilot\etc/ap_int_ref.h:1043:102)
INFO: [HLS 207-4406] candidate template ignored: could not match 'ap_bit_ref<_AP_W, _AP_S>' against '_pixel_per_cycle' (C:/Xilinx/Vitis_HLS/2023.2/common/technology/autopilot\etc/ap_int_ref.h:1043:352)
INFO: [HLS 207-4406] candidate template ignored: could not match 'ap_bit_ref' against 'Mat' (C:/Xilinx/Vitis_HLS/2023.2/common/technology/autopilot\etc/ap_int_ref.h:1043:545)
INFO: [HLS 207-4406] candidate template ignored: could not match 'ap_concat_ref<_AP_W1, type-parameter-0-1, _AP_W2, type-parameter-0-3>' against '_pixel_per_cycle' (C:/Xilinx/Vitis_HLS/2023.2/common/technology/autopilot\etc/ap_int_ref.h:1043:771)
INFO: [HLS 207-4406] candidate template ignored: could not match 'ap_range_ref<_AP_W, _AP_S>' against '_pixel_per_cycle' (C:/Xilinx/Vitis_HLS/2023.2/common/technology/autopilot\etc/ap_int_ref.h:1044:102)
INFO: [HLS 207-4406] candidate template ignored: could not match 'ap_bit_ref<_AP_W, _AP_S>' against '_pixel_per_cycle' (C:/Xilinx/Vitis_HLS/2023.2/common/technology/autopilot\etc/ap_int_ref.h:1044:344)
INFO: [HLS 207-4406] candidate template ignored: could not match 'ap_bit_ref' against 'Mat' (C:/Xilinx/Vitis_HLS/2023.2/common/technology/autopilot\etc/ap_int_ref.h:1044:529)
INFO: [HLS 207-4406] candidate template ignored: could not match 'ap_concat_ref<_AP_W1, type-parameter-0-1, _AP_W2, type-parameter-0-3>' against '_pixel_per_cycle' (C:/Xilinx/Vitis_HLS/2023.2/common/technology/autopilot\etc/ap_int_ref.h:1044:747)
INFO: [HLS 207-4406] candidate template ignored: could not match 'ap_range_ref<_AP_W, _AP_S>' against '_pixel_per_cycle' (C:/Xilinx/Vitis_HLS/2023.2/common/technology/autopilot\etc/ap_int_ref.h:1045:102)
INFO: [HLS 207-4406] candidate template ignored: could not match 'ap_bit_ref<_AP_W, _AP_S>' against '_pixel_per_cycle' (C:/Xilinx/Vitis_HLS/2023.2/common/technology/autopilot\etc/ap_int_ref.h:1045:354)
INFO: [HLS 207-4406] candidate template ignored: could not match 'ap_bit_ref' against 'Mat' (C:/Xilinx/Vitis_HLS/2023.2/common/technology/autopilot\etc/ap_int_ref.h:1045:548)
INFO: [HLS 207-4406] candidate template ignored: could not match 'ap_concat_ref<_AP_W1, type-parameter-0-1, _AP_W2, type-parameter-0-3>' against '_pixel_per_cycle' (C:/Xilinx/Vitis_HLS/2023.2/common/technology/autopilot\etc/ap_int_ref.h:1045:775)
INFO: [HLS 207-4406] candidate template ignored: could not match 'ap_range_ref<_AP_W, _AP_S>' against '_pixel_per_cycle' (C:/Xilinx/Vitis_HLS/2023.2/common/technology/autopilot\etc/ap_int_ref.h:1046:102)
INFO: [HLS 207-4406] candidate template ignored: could not match 'ap_bit_ref<_AP_W, _AP_S>' against '_pixel_per_cycle' (C:/Xilinx/Vitis_HLS/2023.2/common/technology/autopilot\etc/ap_int_ref.h:1046:352)
INFO: [HLS 207-4406] candidate template ignored: could not match 'ap_bit_ref' against 'Mat' (C:/Xilinx/Vitis_HLS/2023.2/common/technology/autopilot\etc/ap_int_ref.h:1046:541)
INFO: [HLS 207-4406] candidate template ignored: could not match 'ap_concat_ref<_AP_W1, type-parameter-0-1, _AP_W2, type-parameter-0-3>' against '_pixel_per_cycle' (C:/Xilinx/Vitis_HLS/2023.2/common/technology/autopilot\etc/ap_int_ref.h:1046:763)
INFO: [HLS 207-4406] candidate template ignored: could not match 'ap_range_ref<_AP_W, _AP_S>' against '_pixel_per_cycle' (C:/Xilinx/Vitis_HLS/2023.2/common/technology/autopilot\etc/ap_int_ref.h:1047:102)
INFO: [HLS 207-4406] candidate template ignored: could not match 'ap_bit_ref<_AP_W, _AP_S>' against '_pixel_per_cycle' (C:/Xilinx/Vitis_HLS/2023.2/common/technology/autopilot\etc/ap_int_ref.h:1047:353)
INFO: [HLS 207-4406] candidate template ignored: could not match 'ap_bit_ref' against 'Mat' (C:/Xilinx/Vitis_HLS/2023.2/common/technology/autopilot\etc/ap_int_ref.h:1047:542)
INFO: [HLS 207-4406] candidate template ignored: could not match 'ap_concat_ref<_AP_W1, type-parameter-0-1, _AP_W2, type-parameter-0-3>' against '_pixel_per_cycle' (C:/Xilinx/Vitis_HLS/2023.2/common/technology/autopilot\etc/ap_int_ref.h:1047:764)
INFO: [HLS 207-4406] candidate template ignored: could not match 'ap_fixed_base<_AP_W, _AP_I, _AP_S, _AP_Q, _AP_O, _AP_N>' against '_pixel_per_cycle' (C:/Xilinx/Vitis_HLS/2023.2/common/technology/autopilot\etc/ap_fixed_base.h:2372:9695)
INFO: [HLS 207-4406] candidate template ignored: could not match 'ap_fixed_base' against 'Mat' (C:/Xilinx/Vitis_HLS/2023.2/common/technology/autopilot\etc/ap_fixed_base.h:2372:10008)
INFO: [HLS 207-4406] candidate template ignored: could not match 'ap_fixed_base<_AP_W, _AP_I, _AP_S, _AP_Q, _AP_O, _AP_N>' against '_pixel_per_cycle' (C:/Xilinx/Vitis_HLS/2023.2/common/technology/autopilot\etc/ap_fixed_base.h:2373:10064)
INFO: [HLS 207-4406] candidate template ignored: could not match 'ap_fixed_base' against 'Mat' (C:/Xilinx/Vitis_HLS/2023.2/common/technology/autopilot\etc/ap_fixed_base.h:2373:10386)
INFO: [HLS 207-4406] candidate template ignored: could not match 'ap_fixed_base<_AP_W, _AP_I, _AP_S, _AP_Q, _AP_O, _AP_N>' against '_pixel_per_cycle' (C:/Xilinx/Vitis_HLS/2023.2/common/technology/autopilot\etc/ap_fixed_base.h:2374:9829)
INFO: [HLS 207-4406] candidate template ignored: could not match 'ap_fixed_base' against 'Mat' (C:/Xilinx/Vitis_HLS/2023.2/common/technology/autopilot\etc/ap_fixed_base.h:2374:10148)
INFO: [HLS 207-4406] candidate template ignored: could not match 'ap_fixed_base<_AP_W, _AP_I, _AP_S, _AP_Q, _AP_O, _AP_N>' against '_pixel_per_cycle' (C:/Xilinx/Vitis_HLS/2023.2/common/technology/autopilot\etc/ap_fixed_base.h:2375:9920)
INFO: [HLS 207-4406] candidate template ignored: could not match 'ap_fixed_base' against 'Mat' (C:/Xilinx/Vitis_HLS/2023.2/common/technology/autopilot\etc/ap_fixed_base.h:2375:10242)
INFO: [HLS 207-4406] candidate template ignored: could not match 'ap_fixed_base<_AP_W, _AP_I, _AP_S, _AP_Q, _AP_O, _AP_N>' against '_pixel_per_cycle' (C:/Xilinx/Vitis_HLS/2023.2/common/technology/autopilot\etc/ap_fixed_base.h:2376:10693)
INFO: [HLS 207-4406] candidate template ignored: could not match 'ap_fixed_base' against 'Mat' (C:/Xilinx/Vitis_HLS/2023.2/common/technology/autopilot\etc/ap_fixed_base.h:2376:11032)
INFO: [HLS 207-4406] candidate template ignored: could not match 'ap_fixed_base<_AP_W, _AP_I, _AP_S, _AP_Q, _AP_O, _AP_N>' against '_pixel_per_cycle' (C:/Xilinx/Vitis_HLS/2023.2/common/technology/autopilot\etc/ap_fixed_base.h:2377:10959)
INFO: [HLS 207-4406] candidate template ignored: could not match 'ap_fixed_base' against 'Mat' (C:/Xilinx/Vitis_HLS/2023.2/common/technology/autopilot\etc/ap_fixed_base.h:2377:11308)
INFO: [HLS 207-4406] candidate template ignored: could not match 'ap_fixed_base<_AP_W, _AP_I, _AP_S, _AP_Q, _AP_O, _AP_N>' against '_pixel_per_cycle' (C:/Xilinx/Vitis_HLS/2023.2/common/technology/autopilot\etc/ap_fixed_base.h:2378:10487)
INFO: [HLS 207-4406] candidate template ignored: could not match 'ap_fixed_base' against 'Mat' (C:/Xilinx/Vitis_HLS/2023.2/common/technology/autopilot\etc/ap_fixed_base.h:2378:10820)
INFO: [HLS 207-4406] candidate template ignored: could not match 'ap_fixed_base<_AP_W, _AP_I, _AP_S, _AP_Q, _AP_O, _AP_N>' against '_pixel_per_cycle' (C:/Xilinx/Vitis_HLS/2023.2/common/technology/autopilot\etc/ap_fixed_base.h:2379:10753)
INFO: [HLS 207-4406] candidate template ignored: could not match 'ap_fixed_base' against 'Mat' (C:/Xilinx/Vitis_HLS/2023.2/common/technology/autopilot\etc/ap_fixed_base.h:2379:11096)
INFO: [HLS 207-4406] candidate template ignored: could not match 'ap_fixed_base<_AP_W, _AP_I, _AP_S, _AP_Q, _AP_O, _AP_N>' against '_pixel_per_cycle' (C:/Xilinx/Vitis_HLS/2023.2/common/technology/autopilot\etc/ap_fixed_base.h:2380:10590)
INFO: [HLS 207-4406] candidate template ignored: could not match 'ap_fixed_base' against 'Mat' (C:/Xilinx/Vitis_HLS/2023.2/common/technology/autopilot\etc/ap_fixed_base.h:2380:10926)
INFO: [HLS 207-4406] candidate template ignored: could not match 'ap_fixed_base<_AP_W, _AP_I, _AP_S, _AP_Q, _AP_O, _AP_N>' against '_pixel_per_cycle' (C:/Xilinx/Vitis_HLS/2023.2/common/technology/autopilot\etc/ap_fixed_base.h:2381:10856)
INFO: [HLS 207-4406] candidate template ignored: could not match 'ap_fixed_base' against 'Mat' (C:/Xilinx/Vitis_HLS/2023.2/common/technology/autopilot\etc/ap_fixed_base.h:2381:11202)
INFO: [HLS 207-4406] candidate template ignored: could not match 'ap_fixed_base<_AP_W, _AP_I, _AP_S, _AP_Q, _AP_O, _AP_N>' against '_pixel_per_cycle' (C:/Xilinx/Vitis_HLS/2023.2/common/technology/autopilot\etc/ap_fixed_base.h:2382:11002)
INFO: [HLS 207-4406] candidate template ignored: could not match 'ap_fixed_base' against 'Mat' (C:/Xilinx/Vitis_HLS/2023.2/common/technology/autopilot\etc/ap_fixed_base.h:2382:11350)
INFO: [HLS 207-4406] candidate template ignored: could not match 'ap_fixed_base<_AP_W, _AP_I, _AP_S, _AP_Q, _AP_O, _AP_N>' against '_pixel_per_cycle' (C:/Xilinx/Vitis_HLS/2023.2/common/technology/autopilot\etc/ap_fixed_base.h:2383:11043)
INFO: [HLS 207-4406] candidate template ignored: could not match 'ap_fixed_base' against 'Mat' (C:/Xilinx/Vitis_HLS/2023.2/common/technology/autopilot\etc/ap_fixed_base.h:2383:11392)
INFO: [HLS 207-4406] candidate template ignored: could not match 'ap_fixed_base<_AP_W, _AP_I, _AP_S, _AP_Q, _AP_O, _AP_N>' against '_pixel_per_cycle' (C:/Xilinx/Vitis_HLS/2023.2/common/technology/autopilot\etc/ap_fixed_base.h:2482:183)
INFO: [HLS 207-4406] candidate template ignored: could not match 'ap_int_base<_AP_W2, _AP_S2>' against '_pixel_per_cycle' (C:/Xilinx/Vitis_HLS/2023.2/common/technology/autopilot\etc/ap_fixed_base.h:2482:556)
INFO: [HLS 207-4406] candidate template ignored: could not match 'ap_fixed_base' against 'Mat' (C:/Xilinx/Vitis_HLS/2023.2/common/technology/autopilot\etc/ap_fixed_base.h:2508:89)
INFO: [HLS 207-4406] candidate template ignored: could not match 'af_range_ref<_AP_W, _AP_I, _AP_S, _AP_Q, _AP_O, _AP_N>' against '_pixel_per_cycle' (C:/Xilinx/Vitis_HLS/2023.2/common/technology/autopilot\etc/ap_fixed_ref.h:679:158)
INFO: [HLS 207-4406] candidate template ignored: could not match 'af_range_ref' against 'Mat' (C:/Xilinx/Vitis_HLS/2023.2/common/technology/autopilot\etc/ap_fixed_ref.h:679:478)
INFO: [HLS 207-4406] candidate template ignored: could not match 'af_bit_ref<_AP_W, _AP_I, _AP_S, _AP_Q, _AP_O, _AP_N>' against '_pixel_per_cycle' (C:/Xilinx/Vitis_HLS/2023.2/common/technology/autopilot\etc/ap_fixed_ref.h:679:798)
INFO: [HLS 207-4406] candidate template ignored: could not match 'af_bit_ref' against 'Mat' (C:/Xilinx/Vitis_HLS/2023.2/common/technology/autopilot\etc/ap_fixed_ref.h:679:1068)
INFO: [HLS 207-4406] candidate template ignored: could not match 'af_range_ref<_AP_W, _AP_I, _AP_S, _AP_Q, _AP_O, _AP_N>' against '_pixel_per_cycle' (C:/Xilinx/Vitis_HLS/2023.2/common/technology/autopilot\etc/ap_fixed_ref.h:680:158)
INFO: [HLS 207-4406] candidate template ignored: could not match 'af_range_ref' against 'Mat' (C:/Xilinx/Vitis_HLS/2023.2/common/technology/autopilot\etc/ap_fixed_ref.h:680:487)
INFO: [HLS 207-4406] candidate template ignored: could not match 'af_bit_ref<_AP_W, _AP_I, _AP_S, _AP_Q, _AP_O, _AP_N>' against '_pixel_per_cycle' (C:/Xilinx/Vitis_HLS/2023.2/common/technology/autopilot\etc/ap_fixed_ref.h:680:816)
INFO: [HLS 207-4406] candidate template ignored: could not match 'af_bit_ref' against 'Mat' (C:/Xilinx/Vitis_HLS/2023.2/common/technology/autopilot\etc/ap_fixed_ref.h:680:1086)
INFO: [HLS 207-4406] candidate template ignored: could not match 'af_range_ref<_AP_W, _AP_I, _AP_S, _AP_Q, _AP_O, _AP_N>' against '_pixel_per_cycle' (C:/Xilinx/Vitis_HLS/2023.2/common/technology/autopilot\etc/ap_fixed_ref.h:681:158)
INFO: [HLS 207-4406] candidate template ignored: could not match 'af_range_ref' against 'Mat' (C:/Xilinx/Vitis_HLS/2023.2/common/technology/autopilot\etc/ap_fixed_ref.h:681:484)
INFO: [HLS 207-4406] candidate template ignored: could not match 'af_bit_ref<_AP_W, _AP_I, _AP_S, _AP_Q, _AP_O, _AP_N>' against '_pixel_per_cycle' (C:/Xilinx/Vitis_HLS/2023.2/common/technology/autopilot\etc/ap_fixed_ref.h:681:810)
INFO: [HLS 207-4406] candidate template ignored: could not match 'af_bit_ref' against 'Mat' (C:/Xilinx/Vitis_HLS/2023.2/common/technology/autopilot\etc/ap_fixed_ref.h:681:1087)
INFO: [HLS 207-4406] candidate template ignored: could not match 'af_range_ref<_AP_W, _AP_I, _AP_S, _AP_Q, _AP_O, _AP_N>' against '_pixel_per_cycle' (C:/Xilinx/Vitis_HLS/2023.2/common/technology/autopilot\etc/ap_fixed_ref.h:682:158)
INFO: [HLS 207-4406] candidate template ignored: could not match 'af_range_ref' against 'Mat' (C:/Xilinx/Vitis_HLS/2023.2/common/technology/autopilot\etc/ap_fixed_ref.h:682:487)
INFO: [HLS 207-4406] candidate template ignored: could not match 'af_bit_ref<_AP_W, _AP_I, _AP_S, _AP_Q, _AP_O, _AP_N>' against '_pixel_per_cycle' (C:/Xilinx/Vitis_HLS/2023.2/common/technology/autopilot\etc/ap_fixed_ref.h:682:816)
INFO: [HLS 207-4406] candidate template ignored: could not match 'af_bit_ref' against 'Mat' (C:/Xilinx/Vitis_HLS/2023.2/common/technology/autopilot\etc/ap_fixed_ref.h:682:1095)
INFO: [HLS 207-4406] candidate template ignored: could not match 'af_range_ref<_AP_W, _AP_I, _AP_S, _AP_Q, _AP_O, _AP_N>' against '_pixel_per_cycle' (C:/Xilinx/Vitis_HLS/2023.2/common/technology/autopilot\etc/ap_fixed_ref.h:683:158)
INFO: [HLS 207-4406] candidate template ignored: could not match 'af_range_ref' against 'Mat' (C:/Xilinx/Vitis_HLS/2023.2/common/technology/autopilot\etc/ap_fixed_ref.h:683:491)
INFO: [HLS 207-4406] candidate template ignored: could not match 'af_bit_ref<_AP_W, _AP_I, _AP_S, _AP_Q, _AP_O, _AP_N>' against '_pixel_per_cycle' (C:/Xilinx/Vitis_HLS/2023.2/common/technology/autopilot\etc/ap_fixed_ref.h:683:824)
INFO: [HLS 207-4406] candidate template ignored: could not match 'af_bit_ref' against 'Mat' (C:/Xilinx/Vitis_HLS/2023.2/common/technology/autopilot\etc/ap_fixed_ref.h:683:1095)
INFO: [HLS 207-4406] candidate template ignored: could not match 'af_range_ref<_AP_W, _AP_I, _AP_S, _AP_Q, _AP_O, _AP_N>' against '_pixel_per_cycle' (C:/Xilinx/Vitis_HLS/2023.2/common/technology/autopilot\etc/ap_fixed_ref.h:684:158)
INFO: [HLS 207-4406] candidate template ignored: could not match 'af_range_ref' against 'Mat' (C:/Xilinx/Vitis_HLS/2023.2/common/technology/autopilot\etc/ap_fixed_ref.h:684:501)
INFO: [HLS 207-4406] candidate template ignored: could not match 'af_bit_ref<_AP_W, _AP_I, _AP_S, _AP_Q, _AP_O, _AP_N>' against '_pixel_per_cycle' (C:/Xilinx/Vitis_HLS/2023.2/common/technology/autopilot\etc/ap_fixed_ref.h:684:844)
INFO: [HLS 207-4406] candidate template ignored: could not match 'af_bit_ref' against 'Mat' (C:/Xilinx/Vitis_HLS/2023.2/common/technology/autopilot\etc/ap_fixed_ref.h:684:1124)
INFO: [HLS 207-4406] candidate template ignored: could not match 'af_range_ref<_AP_W, _AP_I, _AP_S, _AP_Q, _AP_O, _AP_N>' against '_pixel_per_cycle' (C:/Xilinx/Vitis_HLS/2023.2/common/technology/autopilot\etc/ap_fixed_ref.h:685:158)
INFO: [HLS 207-4406] candidate template ignored: could not match 'af_range_ref' against 'Mat' (C:/Xilinx/Vitis_HLS/2023.2/common/technology/autopilot\etc/ap_fixed_ref.h:685:487)
INFO: [HLS 207-4406] candidate template ignored: could not match 'af_bit_ref<_AP_W, _AP_I, _AP_S, _AP_Q, _AP_O, _AP_N>' against '_pixel_per_cycle' (C:/Xilinx/Vitis_HLS/2023.2/common/technology/autopilot\etc/ap_fixed_ref.h:685:816)
INFO: [HLS 207-4406] candidate template ignored: could not match 'af_bit_ref' against 'Mat' (C:/Xilinx/Vitis_HLS/2023.2/common/technology/autopilot\etc/ap_fixed_ref.h:685:1085)
INFO: [HLS 207-4406] candidate template ignored: could not match 'af_range_ref<_AP_W, _AP_I, _AP_S, _AP_Q, _AP_O, _AP_N>' against '_pixel_per_cycle' (C:/Xilinx/Vitis_HLS/2023.2/common/technology/autopilot\etc/ap_fixed_ref.h:686:158)
INFO: [HLS 207-4406] candidate template ignored: could not match 'af_range_ref' against 'Mat' (C:/Xilinx/Vitis_HLS/2023.2/common/technology/autopilot\etc/ap_fixed_ref.h:686:497)
INFO: [HLS 207-4406] candidate template ignored: could not match 'af_bit_ref<_AP_W, _AP_I, _AP_S, _AP_Q, _AP_O, _AP_N>' against '_pixel_per_cycle' (C:/Xilinx/Vitis_HLS/2023.2/common/technology/autopilot\etc/ap_fixed_ref.h:686:836)
INFO: [HLS 207-4406] candidate template ignored: could not match 'af_bit_ref' against 'Mat' (C:/Xilinx/Vitis_HLS/2023.2/common/technology/autopilot\etc/ap_fixed_ref.h:686:1114)
INFO: [HLS 207-4406] candidate template ignored: could not match 'af_range_ref<_AP_W, _AP_I, _AP_S, _AP_Q, _AP_O, _AP_N>' against '_pixel_per_cycle' (C:/Xilinx/Vitis_HLS/2023.2/common/technology/autopilot\etc/ap_fixed_ref.h:687:158)
INFO: [HLS 207-4406] candidate template ignored: could not match 'af_range_ref' against 'Mat' (C:/Xilinx/Vitis_HLS/2023.2/common/technology/autopilot\etc/ap_fixed_ref.h:687:489)
INFO: [HLS 207-4406] candidate template ignored: could not match 'af_bit_ref<_AP_W, _AP_I, _AP_S, _AP_Q, _AP_O, _AP_N>' against '_pixel_per_cycle' (C:/Xilinx/Vitis_HLS/2023.2/common/technology/autopilot\etc/ap_fixed_ref.h:687:820)
INFO: [HLS 207-4406] candidate template ignored: could not match 'af_bit_ref' against 'Mat' (C:/Xilinx/Vitis_HLS/2023.2/common/technology/autopilot\etc/ap_fixed_ref.h:687:1090)
INFO: [HLS 207-4406] candidate template ignored: could not match 'af_range_ref<_AP_W, _AP_I, _AP_S, _AP_Q, _AP_O, _AP_N>' against '_pixel_per_cycle' (C:/Xilinx/Vitis_HLS/2023.2/common/technology/autopilot\etc/ap_fixed_ref.h:688:158)
INFO: [HLS 207-4406] candidate template ignored: could not match 'af_range_ref' against 'Mat' (C:/Xilinx/Vitis_HLS/2023.2/common/technology/autopilot\etc/ap_fixed_ref.h:688:499)
INFO: [HLS 207-4406] candidate template ignored: could not match 'af_bit_ref<_AP_W, _AP_I, _AP_S, _AP_Q, _AP_O, _AP_N>' against '_pixel_per_cycle' (C:/Xilinx/Vitis_HLS/2023.2/common/technology/autopilot\etc/ap_fixed_ref.h:688:840)
INFO: [HLS 207-4406] candidate template ignored: could not match 'af_bit_ref' against 'Mat' (C:/Xilinx/Vitis_HLS/2023.2/common/technology/autopilot\etc/ap_fixed_ref.h:688:1119)
INFO: [HLS 207-4406] candidate template ignored: could not match 'af_range_ref<_AP_W, _AP_I, _AP_S, _AP_Q, _AP_O, _AP_N>' against '_pixel_per_cycle' (C:/Xilinx/Vitis_HLS/2023.2/common/technology/autopilot\etc/ap_fixed_ref.h:689:158)
INFO: [HLS 207-4406] candidate template ignored: could not match 'af_range_ref' against 'Mat' (C:/Xilinx/Vitis_HLS/2023.2/common/technology/autopilot\etc/ap_fixed_ref.h:689:497)
INFO: [HLS 207-4406] candidate template ignored: could not match 'af_bit_ref<_AP_W, _AP_I, _AP_S, _AP_Q, _AP_O, _AP_N>' against '_pixel_per_cycle' (C:/Xilinx/Vitis_HLS/2023.2/common/technology/autopilot\etc/ap_fixed_ref.h:689:836)
INFO: [HLS 207-4406] candidate template ignored: could not match 'af_bit_ref' against 'Mat' (C:/Xilinx/Vitis_HLS/2023.2/common/technology/autopilot\etc/ap_fixed_ref.h:689:1110)
INFO: [HLS 207-4406] candidate template ignored: could not match 'af_range_ref<_AP_W, _AP_I, _AP_S, _AP_Q, _AP_O, _AP_N>' against '_pixel_per_cycle' (C:/Xilinx/Vitis_HLS/2023.2/common/technology/autopilot\etc/ap_fixed_ref.h:690:158)
INFO: [HLS 207-4406] candidate template ignored: could not match 'af_range_ref' against 'Mat' (C:/Xilinx/Vitis_HLS/2023.2/common/technology/autopilot\etc/ap_fixed_ref.h:690:498)
INFO: [HLS 207-4406] candidate template ignored: could not match 'af_bit_ref<_AP_W, _AP_I, _AP_S, _AP_Q, _AP_O, _AP_N>' against '_pixel_per_cycle' (C:/Xilinx/Vitis_HLS/2023.2/common/technology/autopilot\etc/ap_fixed_ref.h:690:838)
INFO: [HLS 207-4406] candidate template ignored: could not match 'af_bit_ref' against 'Mat' (C:/Xilinx/Vitis_HLS/2023.2/common/technology/autopilot\etc/ap_fixed_ref.h:690:1112)
INFO: [HLS 207-4406] candidate template ignored: could not match 'af_range_ref<_AP_W, _AP_I, _AP_S, _AP_Q, _AP_O, _AP_N>' against '_pixel_per_cycle' (C:/Xilinx/Vitis_HLS/2023.2/common/technology/autopilot\etc/ap_fixed_ref.h:725:183)
INFO: [HLS 207-4406] candidate template ignored: could not match 'ap_int_base<_AP_W2, _AP_S2>' against '_pixel_per_cycle' (C:/Xilinx/Vitis_HLS/2023.2/common/technology/autopilot\etc/ap_fixed_ref.h:725:530)
INFO: [HLS 207-4406] candidate template ignored: could not match 'af_bit_ref<_AP_W, _AP_I, _AP_S, _AP_Q, _AP_O, _AP_N>' against '_pixel_per_cycle' (C:/Xilinx/Vitis_HLS/2023.2/common/technology/autopilot\etc/ap_fixed_ref.h:725:878)
INFO: [HLS 207-4406] candidate template ignored: could not match 'ap_int_base<_AP_W2, _AP_S2>' against '_pixel_per_cycle' (C:/Xilinx/Vitis_HLS/2023.2/common/technology/autopilot\etc/ap_fixed_ref.h:725:1220)
ERROR: [HLS 207-2972] no member named 'cvtColor' in namespace 'xf::cv' (W:/vitis_workspace/ip24/att4/hls_component/accel2.cpp:22:13)
ERROR: [HLS 207-3776] use of undeclared identifier 'XF_RGB2GRAY' (W:/vitis_workspace/ip24/att4/hls_component/accel2.cpp:22:22)
INFO: [HLS 200-111] Finished Command csynth_design CPU user time: 0 seconds. CPU system time: 0 seconds. Elapsed time: 16.718 seconds; current allocated memory: 5.461 MB.
INFO: [HLS 200-1510] Running: close_project 
ERROR:  
INFO: [HLS 200-112] Total CPU user time: 2 seconds. Total CPU system time: 1 seconds. Total elapsed time: 19.398 seconds; peak allocated memory: 126.887 MB.
INFO: [Common 17-206] Exiting vitis_hls at Mon Mar 11 23:25:42 2024...
