INFO: [v++ 60-1548] Creating build summary session with primary output W:/vitis_workspace/ip24/att4/hls_component/hls_component\hls_component.hlscompile_summary, at 03/11/24 23:38:37
INFO: [v++ 82-31] Launching vitis_hls: vitis_hls -nolog -run csynth -work_dir W:/vitis_workspace/ip24/att4/hls_component/hls_component -config W:/vitis_workspace/ip24/att4/hls_component/hls_config.cfg -cmdlineconfig W:/vitis_workspace/ip24/att4/hls_component/hls_component/hls/config.cmdline
ECHO is off.
ECHO is off.

****** Vitis HLS - High-Level Synthesis from C, C++ and OpenCL v2023.2 (64-bit)
  **** SW Build 4023990 on Oct 11 2023
  **** IP Build 4028589 on Sat Oct 14 00:45:43 MDT 2023
  **** SharedData Build 4025554 on Tue Oct 10 17:18:54 MDT 2023
    ** Copyright 1986-2022 Xilinx, Inc. All Rights Reserved.
    ** Copyright 2022-2023 Advanced Micro Devices, Inc. All Rights Reserved.

source C:/Xilinx/Vitis_HLS/2023.2/scripts/vitis_hls/hls.tcl -notrace
INFO: [HLS 200-10] Running 'C:/Xilinx/Vitis_HLS/2023.2/bin/unwrapped/win64.o/vitis_hls.exe'
INFO: [HLS 200-10] For user 'Kevin Lau' on host 'kvl-tuf' (Windows NT_amd64 version 6.2) on Mon Mar 11 23:38:40 +0000 2024
INFO: [HLS 200-10] In directory 'W:/vitis_workspace/ip24/att4/hls_component'
INFO: [HLS 200-1909] Reading HLS ini file W:/vitis_workspace/ip24/att4/hls_component/hls_config.cfg
INFO: [HLS 200-1909] Reading HLS ini file W:/vitis_workspace/ip24/att4/hls_component/hls_component/hls/config.cmdline
INFO: [HLS 200-2005] Using work_dir W:/vitis_workspace/ip24/att4/hls_component/hls_component 
INFO: [HLS 200-1510] Running: open_project W:/vitis_workspace/ip24/att4/hls_component/hls_component -diskless 
INFO: [HLS 200-1510] Running: open_solution hls 
INFO: [HLS 200-1505] Using default flow_target 'vivado'
Resolution: For help on HLS 200-1505 see docs.xilinx.com/access/sources/dita/topic?Doc_Version=2023.2%20English&url=ug1448-hls-guidance&resourceid=200-1505.html
INFO: [HLS 200-1510] Running: apply_ini W:/vitis_workspace/ip24/att4/hls_component/hls_config.cfg 
INFO: [HLS 200-1909] Reading HLS ini file W:/vitis_workspace/ip24/att4/hls_component/hls_config.cfg
INFO: [HLS 200-1465] Applying ini 'syn.file=accel.cpp' at W:/vitis_workspace/ip24/att4/hls_component/hls_config.cfg(14)
INFO: [HLS 200-10] Adding design file 'W:/vitis_workspace/ip24/att4/hls_component/accel.cpp' to the project
INFO: [HLS 200-1465] Applying ini 'syn.file=accel2.cpp' at W:/vitis_workspace/ip24/att4/hls_component/hls_config.cfg(15)
INFO: [HLS 200-10] Adding design file 'W:/vitis_workspace/ip24/att4/hls_component/accel2.cpp' to the project
INFO: [HLS 200-1465] Applying ini 'syn.cflags=-I C:/Xilinx/Vitis_Libraries/vision/L2/examples/cvtcolor/config -IC:/Xilinx/Vitis_Libraries/vision/L1/include -IW:/vitis_workspace/ip24/att4/hls_component/include -I ./ -D__SDSVHLS__ -std=c++14' at W:/vitis_workspace/ip24/att4/hls_component/hls_config.cfg(7)
INFO: [HLS 200-1465] Applying ini 'syn.csimflags=-I C:/Xilinx/Vitis_Libraries/vision/L2/examples/cvtcolor/config -IC:/Xilinx/Vitis_Libraries/vision/L1/include -IW:/vitis_workspace/ip24/att4/hls_component/include -I ./ -D__SDSVHLS__ -std=c++14' at W:/vitis_workspace/ip24/att4/hls_component/hls_config.cfg(8)
INFO: [HLS 200-1465] Applying ini 'syn.top=cvtcolor' at W:/vitis_workspace/ip24/att4/hls_component/hls_config.cfg(13)
INFO: [HLS 200-1465] Applying ini 'flow_target=vivado' at W:/vitis_workspace/ip24/att4/hls_component/hls_config.cfg(4)
INFO: [HLS 200-1505] Using flow_target 'vivado'
Resolution: For help on HLS 200-1505 see docs.xilinx.com/access/sources/dita/topic?Doc_Version=2023.2%20English&url=ug1448-hls-guidance&resourceid=200-1505.html
INFO: [HLS 200-1465] Applying ini 'part=xc7z020clg400-1' at W:/vitis_workspace/ip24/att4/hls_component/hls_config.cfg(1)
INFO: [HLS 200-1611] Setting target device to 'xc7z020-clg400-1'
INFO: [HLS 200-1465] Applying ini 'cosim.argv=C:/Xilinx/Vitis_Libraries/vision/data/128x128.png' at W:/vitis_workspace/ip24/att4/hls_component/hls_config.cfg(11)
INFO: [HLS 200-1465] Applying ini 'cosim.ldflags=-L C:/opencv/build/install/x64/mingw/lib -lopencv_imgcodecs490 -lopencv_imgproc490 -lopencv_calib3d490 -lopencv_core490 -lopencv_highgui490 -lopencv_flann490 -lopencv_features2d490' at W:/vitis_workspace/ip24/att4/hls_component/hls_config.cfg(12)
INFO: [HLS 200-1465] Applying ini 'csim.argv=C:/Xilinx/Vitis_Libraries/vision/data/128x128.png' at W:/vitis_workspace/ip24/att4/hls_component/hls_config.cfg(9)
INFO: [HLS 200-1465] Applying ini 'csim.ldflags=-L C:/opencv/build/install/x64/mingw/lib -lopencv_imgcodecs490 -lopencv_imgproc490 -lopencv_calib3d490 -lopencv_core490 -lopencv_highgui490 -lopencv_flann490 -lopencv_features2d490' at W:/vitis_workspace/ip24/att4/hls_component/hls_config.cfg(10)
INFO: [HLS 200-1465] Applying ini 'package.output.format=ip_catalog' at W:/vitis_workspace/ip24/att4/hls_component/hls_config.cfg(5)
INFO: [HLS 200-1510] Running: apply_ini W:/vitis_workspace/ip24/att4/hls_component/hls_component/hls/config.cmdline 
INFO: [HLS 200-1909] Reading HLS ini file W:/vitis_workspace/ip24/att4/hls_component/hls_component/hls/config.cmdline
INFO: [HLS 200-1510] Running: csynth_design 
INFO: [HLS 200-111] Finished File checks and directory preparation: CPU user time: 0 seconds. CPU system time: 0 seconds. Elapsed time: 0.112 seconds; current allocated memory: 122.863 MB.
INFO: [HLS 200-10] Analyzing design file 'W:/vitis_workspace/ip24/att4/hls_component/accel2.cpp' ... 
WARNING: [HLS 207-5539] 'factor' in '#pragma HLS array_reshape' is ignored (C:/Xilinx/Vitis_Libraries/vision/L1/include\common/xf_video_mem.hpp:759:47)
WARNING: [HLS 207-5292] unused parameter 'src' (C:/Xilinx/Vitis_Libraries/vision/L1/include\common/xf_structs.hpp:517:30)
WARNING: [HLS 207-5292] unused parameter '_data' (C:/Xilinx/Vitis_Libraries/vision/L1/include\common/xf_structs.hpp:528:30)
WARNING: [HLS 207-5292] unused parameter 'index' (C:/Xilinx/Vitis_Libraries/vision/L1/include\common/xf_structs.hpp:541:14)
WARNING: [HLS 207-5292] unused parameter 'index' (C:/Xilinx/Vitis_Libraries/vision/L1/include\common/xf_structs.hpp:552:20)
WARNING: [HLS 207-5292] unused parameter 'stride' (C:/Xilinx/Vitis_Libraries/vision/L1/include\common/xf_structs.hpp:1036:41)
WARNING: [HLS 207-5292] unused parameter 'index' (C:/Xilinx/Vitis_Libraries/vision/L1/include\common/xf_structs.hpp:1224:102)
WARNING: [HLS 207-5292] unused parameter 'index' (C:/Xilinx/Vitis_Libraries/vision/L1/include\common/xf_structs.hpp:1530:34)
INFO: [HLS 200-10] Analyzing design file 'W:/vitis_workspace/ip24/att4/hls_component/accel.cpp' ... 
WARNING: [HLS 207-5539] 'factor' in '#pragma HLS array_reshape' is ignored (C:/Xilinx/Vitis_Libraries/vision/L1/include\common/xf_video_mem.hpp:759:47)
WARNING: [HLS 214-114] Since the only kind of statements allowed in a canonical dataflow region are variable declarations and function calls, the compiler may not be able to correctly handle the region (W:/vitis_workspace/ip24/att4/hls_component/accel.cpp:30:9)
Resolution: For help on HLS 214-114 see docs.xilinx.com/access/sources/dita/topic?Doc_Version=2023.2%20English&url=ug1448-hls-guidance&resourceid=214-114.html
WARNING: [HLS 200-471] Dataflow form checks found 1 issue(s) in file W:/vitis_workspace/ip24/att4/hls_component/accel.cpp
Resolution: For help on HLS 200-471 see docs.xilinx.com/access/sources/dita/topic?Doc_Version=2023.2%20English&url=ug1448-hls-guidance&resourceid=200-471.html
WARNING: [HLS 207-5292] unused parameter 'src' (C:/Xilinx/Vitis_Libraries/vision/L1/include\common/xf_structs.hpp:517:30)
WARNING: [HLS 207-5292] unused parameter '_data' (C:/Xilinx/Vitis_Libraries/vision/L1/include\common/xf_structs.hpp:528:30)
WARNING: [HLS 207-5292] unused parameter 'index' (C:/Xilinx/Vitis_Libraries/vision/L1/include\common/xf_structs.hpp:541:14)
WARNING: [HLS 207-5292] unused parameter 'index' (C:/Xilinx/Vitis_Libraries/vision/L1/include\common/xf_structs.hpp:552:20)
WARNING: [HLS 207-5292] unused parameter 'stride' (C:/Xilinx/Vitis_Libraries/vision/L1/include\common/xf_structs.hpp:1036:41)
WARNING: [HLS 207-5292] unused parameter 'index' (C:/Xilinx/Vitis_Libraries/vision/L1/include\common/xf_structs.hpp:1224:102)
WARNING: [HLS 207-5292] unused parameter 'index' (C:/Xilinx/Vitis_Libraries/vision/L1/include\common/xf_structs.hpp:1530:34)
INFO: [HLS 200-111] Finished Source Code Analysis and Preprocessing: CPU user time: 3 seconds. CPU system time: 0 seconds. Elapsed time: 24.505 seconds; current allocated memory: 156.992 MB.
INFO: [HLS 200-777] Using interface defaults for 'Vivado' flow target.
INFO: [HLS 200-1995] There were 2,402 instructions in the design after the 'Compile/Link' phase of compilation. See the Design Size Report for more details: W:/vitis_workspace/ip24/att4/hls_component/hls_component/hls/syn/report/csynth_design_size.rpt
INFO: [HLS 200-1995] There were 530 instructions in the design after the 'Unroll/Inline (step 1)' phase of compilation. See the Design Size Report for more details: W:/vitis_workspace/ip24/att4/hls_component/hls_component/hls/syn/report/csynth_design_size.rpt
INFO: [HLS 200-1995] There were 377 instructions in the design after the 'Unroll/Inline (step 2)' phase of compilation. See the Design Size Report for more details: W:/vitis_workspace/ip24/att4/hls_component/hls_component/hls/syn/report/csynth_design_size.rpt
INFO: [HLS 200-1995] There were 396 instructions in the design after the 'Unroll/Inline (step 3)' phase of compilation. See the Design Size Report for more details: W:/vitis_workspace/ip24/att4/hls_component/hls_component/hls/syn/report/csynth_design_size.rpt
INFO: [HLS 200-1995] There were 346 instructions in the design after the 'Unroll/Inline (step 4)' phase of compilation. See the Design Size Report for more details: W:/vitis_workspace/ip24/att4/hls_component/hls_component/hls/syn/report/csynth_design_size.rpt
INFO: [HLS 200-1995] There were 312 instructions in the design after the 'Array/Struct (step 1)' phase of compilation. See the Design Size Report for more details: W:/vitis_workspace/ip24/att4/hls_component/hls_component/hls/syn/report/csynth_design_size.rpt
INFO: [HLS 200-1995] There were 312 instructions in the design after the 'Array/Struct (step 2)' phase of compilation. See the Design Size Report for more details: W:/vitis_workspace/ip24/att4/hls_component/hls_component/hls/syn/report/csynth_design_size.rpt
INFO: [HLS 200-1995] There were 312 instructions in the design after the 'Array/Struct (step 3)' phase of compilation. See the Design Size Report for more details: W:/vitis_workspace/ip24/att4/hls_component/hls_component/hls/syn/report/csynth_design_size.rpt
INFO: [HLS 200-1995] There were 312 instructions in the design after the 'Array/Struct (step 4)' phase of compilation. See the Design Size Report for more details: W:/vitis_workspace/ip24/att4/hls_component/hls_component/hls/syn/report/csynth_design_size.rpt
INFO: [HLS 200-1995] There were 373 instructions in the design after the 'Array/Struct (step 5)' phase of compilation. See the Design Size Report for more details: W:/vitis_workspace/ip24/att4/hls_component/hls_component/hls/syn/report/csynth_design_size.rpt
INFO: [HLS 200-1995] There were 380 instructions in the design after the 'Performance (step 1)' phase of compilation. See the Design Size Report for more details: W:/vitis_workspace/ip24/att4/hls_component/hls_component/hls/syn/report/csynth_design_size.rpt
INFO: [HLS 200-1995] There were 360 instructions in the design after the 'Performance (step 2)' phase of compilation. See the Design Size Report for more details: W:/vitis_workspace/ip24/att4/hls_component/hls_component/hls/syn/report/csynth_design_size.rpt
INFO: [HLS 200-1995] There were 285 instructions in the design after the 'Performance (step 3)' phase of compilation. See the Design Size Report for more details: W:/vitis_workspace/ip24/att4/hls_component/hls_component/hls/syn/report/csynth_design_size.rpt
INFO: [HLS 200-1995] There were 285 instructions in the design after the 'Performance (step 4)' phase of compilation. See the Design Size Report for more details: W:/vitis_workspace/ip24/att4/hls_component/hls_component/hls/syn/report/csynth_design_size.rpt
INFO: [HLS 200-1995] There were 248 instructions in the design after the 'HW Transforms (step 1)' phase of compilation. See the Design Size Report for more details: W:/vitis_workspace/ip24/att4/hls_component/hls_component/hls/syn/report/csynth_design_size.rpt
INFO: [HLS 200-1995] There were 258 instructions in the design after the 'HW Transforms (step 2)' phase of compilation. See the Design Size Report for more details: W:/vitis_workspace/ip24/att4/hls_component/hls_component/hls/syn/report/csynth_design_size.rpt
WARNING: [HLS 214-273] In function 'xf::cv::Mat<0, 1080, 1920, 1, 2>::Mat(int, int)', Pragma conflict happens on 'INLINE' and DATAFLOW pragmas: Inline into dataflow region may break the canonical form (C:/Xilinx/Vitis_Libraries/vision/L1/include\common/xf_structs.hpp:670:0)
WARNING: [HLS 214-273] In function 'xf::cv::Mat<16, 1080, 1920, 1, 2>::Mat(int, int)', Pragma conflict happens on 'INLINE' and DATAFLOW pragmas: Inline into dataflow region may break the canonical form (C:/Xilinx/Vitis_Libraries/vision/L1/include\common/xf_structs.hpp:670:0)
WARNING: [HLS 214-273] In function 'xf::cv::Mat<16, 1080, 1920, 1, 2>::init(int, int, bool)', Pragma conflict happens on 'INLINE' and DATAFLOW pragmas: Inline into dataflow region may break the canonical form (C:/Xilinx/Vitis_Libraries/vision/L1/include\common/xf_structs.hpp:605:0)
WARNING: [HLS 214-273] In function 'xf::cv::Mat<0, 1080, 1920, 1, 2>::init(int, int, bool)', Pragma conflict happens on 'INLINE' and DATAFLOW pragmas: Inline into dataflow region may break the canonical form (C:/Xilinx/Vitis_Libraries/vision/L1/include\common/xf_structs.hpp:605:0)
INFO: [HLS 214-131] Inlining function 'xf::cv::Mat<0, 1080, 1920, 1, 2>::init(int, int, bool)' into 'xf::cv::Mat<0, 1080, 1920, 1, 2>::Mat(int, int)' (C:/Xilinx/Vitis_Libraries/vision/L1/include\common/xf_structs.hpp:675:2)
INFO: [HLS 214-131] Inlining function 'xf::cv::Mat<16, 1080, 1920, 1, 2>::init(int, int, bool)' into 'xf::cv::Mat<16, 1080, 1920, 1, 2>::Mat(int, int)' (C:/Xilinx/Vitis_Libraries/vision/L1/include\common/xf_structs.hpp:675:2)
INFO: [HLS 214-131] Inlining function 'CalculateGRAY(unsigned char, unsigned char, unsigned char)' into 'void xf::cv::xfrgb2gray<16, 0, 1080, 1920, 1, 2, 2, 10, 1, 1036800>(xf::cv::Mat<16, 1080, 1920, 1, 2>&, xf::cv::Mat<0, 1080, 1920, 1, 2>&, unsigned short, unsigned short)' (C:/Xilinx/Vitis_Libraries/vision/L1/include\imgproc/xf_cvt_color.hpp:5518:12)
INFO: [HLS 214-131] Inlining function 'xf::cv::Mat<0, 1080, 1920, 1, 2>::Mat(int, int)' into 'cvtcolor(hls::stream<hls::axis<ap_uint<32>, 1ul, 1ul, 1ul, (unsigned char)56, false>, 0>&, hls::stream<hls::axis<ap_uint<32>, 1ul, 1ul, 1ul, (unsigned char)56, false>, 0>&, int, int)' (W:/vitis_workspace/ip24/att4/hls_component/accel2.cpp:15:13)
INFO: [HLS 214-131] Inlining function 'xf::cv::Mat<16, 1080, 1920, 1, 2>::Mat(int, int)' into 'cvtcolor(hls::stream<hls::axis<ap_uint<32>, 1ul, 1ul, 1ul, (unsigned char)56, false>, 0>&, hls::stream<hls::axis<ap_uint<32>, 1ul, 1ul, 1ul, (unsigned char)56, false>, 0>&, int, int)' (W:/vitis_workspace/ip24/att4/hls_component/accel2.cpp:16:15)
INFO: [HLS 214-377] Adding 'img_mat_rgb' into disaggregation list because there's stream pragma applied on the struct field (C:/Xilinx/Vitis_Libraries/vision/L1/include\common/xf_structs.hpp:468:5)
INFO: [HLS 214-377] Adding 'img_mat_gray' into disaggregation list because there's stream pragma applied on the struct field (C:/Xilinx/Vitis_Libraries/vision/L1/include\common/xf_structs.hpp:468:5)
INFO: [HLS 214-210] Disaggregating variable 'img_mat_rgb' (W:/vitis_workspace/ip24/att4/hls_component/accel2.cpp:16:15)
Resolution: For help on HLS 214-210 see docs.xilinx.com/access/sources/dita/topic?Doc_Version=2023.2%20English&url=ug1448-hls-guidance&resourceid=214-210.html
INFO: [HLS 214-210] Disaggregating variable 'img_mat_gray' (W:/vitis_workspace/ip24/att4/hls_component/accel2.cpp:15:13)
Resolution: For help on HLS 214-210 see docs.xilinx.com/access/sources/dita/topic?Doc_Version=2023.2%20English&url=ug1448-hls-guidance&resourceid=214-210.html
INFO: [HLS 214-291] Loop 'VITIS_LOOP_5514_1' is marked as complete unroll implied by the pipeline pragma (C:/Xilinx/Vitis_Libraries/vision/L1/include\imgproc/xf_cvt_color.hpp:5514:32)
INFO: [HLS 214-291] Loop 'VITIS_LOOP_147_1' is marked as complete unroll implied by the pipeline pragma (C:/Xilinx/Vitis_Libraries/vision/L1/include\imgproc/xf_cvt_color_utils.hpp:147:23)
INFO: [HLS 214-186] Unrolling loop 'VITIS_LOOP_5514_1' (C:/Xilinx/Vitis_Libraries/vision/L1/include\imgproc/xf_cvt_color.hpp:5514:32) in function 'xf::cv::xfrgb2gray<16, 0, 1080, 1920, 1, 2, 2, 10, 1, 1036800>' completely with a factor of 1 (C:/Xilinx/Vitis_Libraries/vision/L1/include\imgproc/xf_cvt_color.hpp:5490:0)
INFO: [HLS 214-186] Unrolling loop 'VITIS_LOOP_147_1' (C:/Xilinx/Vitis_Libraries/vision/L1/include\imgproc/xf_cvt_color_utils.hpp:147:23) in function 'ExtractUYVYPixels<10>' completely with a factor of 3 (C:/Xilinx/Vitis_Libraries/vision/L1/include\imgproc/xf_cvt_color_utils.hpp:142:0)
INFO: [HLS 214-178] Inlining function 'void xf::cv::Mat<16, 1080, 1920, 1, 2>::write<2, (void*)0>(int, ap_uint<24>)' into 'int xf::cv::AXIvideo2xfMat<32, 16, 1080, 1920, 1, 2>(hls::stream<hls::axis<ap_uint<32>, 1ul, 1ul, 1ul, (unsigned char)56, false>, 0>&, xf::cv::Mat<16, 1080, 1920, 1, 2>&)' (C:/Xilinx/Vitis_Libraries/vision/L1/include\common/xf_infra.hpp:101:0)
INFO: [HLS 214-178] Inlining function 'ap_uint<24> xf::cv::Mat<16, 1080, 1920, 1, 2>::read<2, (void*)0>(int)' into 'void xf::cv::xfrgb2gray<16, 0, 1080, 1920, 1, 2, 2, 10, 1, 1036800>(xf::cv::Mat<16, 1080, 1920, 1, 2>&, xf::cv::Mat<0, 1080, 1920, 1, 2>&, unsigned short, unsigned short)' (C:/Xilinx/Vitis_Libraries/vision/L1/include\imgproc/xf_cvt_color.hpp:5490:0)
INFO: [HLS 214-178] Inlining function 'void ExtractUYVYPixels<10>(StreamType<10>::name, ap_uint<8>*)' into 'void xf::cv::xfrgb2gray<16, 0, 1080, 1920, 1, 2, 2, 10, 1, 1036800>(xf::cv::Mat<16, 1080, 1920, 1, 2>&, xf::cv::Mat<0, 1080, 1920, 1, 2>&, unsigned short, unsigned short)' (C:/Xilinx/Vitis_Libraries/vision/L1/include\imgproc/xf_cvt_color.hpp:5490:0)
INFO: [HLS 214-178] Inlining function 'saturate_cast(int, int)' into 'void xf::cv::xfrgb2gray<16, 0, 1080, 1920, 1, 2, 2, 10, 1, 1036800>(xf::cv::Mat<16, 1080, 1920, 1, 2>&, xf::cv::Mat<0, 1080, 1920, 1, 2>&, unsigned short, unsigned short)' (C:/Xilinx/Vitis_Libraries/vision/L1/include\imgproc/xf_cvt_color.hpp:5490:0)
INFO: [HLS 214-178] Inlining function 'void xf::cv::Mat<0, 1080, 1920, 1, 2>::write<2, (void*)0>(int, ap_uint<8>)' into 'void xf::cv::xfrgb2gray<16, 0, 1080, 1920, 1, 2, 2, 10, 1, 1036800>(xf::cv::Mat<16, 1080, 1920, 1, 2>&, xf::cv::Mat<0, 1080, 1920, 1, 2>&, unsigned short, unsigned short)' (C:/Xilinx/Vitis_Libraries/vision/L1/include\imgproc/xf_cvt_color.hpp:5490:0)
INFO: [HLS 214-178] Inlining function 'void xf::cv::xfrgb2gray<16, 0, 1080, 1920, 1, 2, 2, 10, 1, 1036800>(xf::cv::Mat<16, 1080, 1920, 1, 2>&, xf::cv::Mat<0, 1080, 1920, 1, 2>&, unsigned short, unsigned short)' into 'void xf::cv::rgb2gray<16, 0, 1080, 1920, 1, 2, 2>(xf::cv::Mat<16, 1080, 1920, 1, 2>&, xf::cv::Mat<0, 1080, 1920, 1, 2>&)' (C:/Xilinx/Vitis_Libraries/vision/L1/include\imgproc/xf_cvt_color.hpp:5535:0)
INFO: [HLS 214-178] Inlining function 'ap_uint<8> xf::cv::Mat<0, 1080, 1920, 1, 2>::read<2, (void*)0>(int)' into 'int xf::cv::xfMat2AXIvideo<32, 0, 1080, 1920, 1, 2>(xf::cv::Mat<0, 1080, 1920, 1, 2>&, hls::stream<hls::axis<ap_uint<32>, 1ul, 1ul, 1ul, (unsigned char)56, false>, 0>&)' (C:/Xilinx/Vitis_Libraries/vision/L1/include\common/xf_infra.hpp:181:0)
INFO: [HLS 200-111] Finished Compiling Optimization and Transform: CPU user time: 0 seconds. CPU system time: 0 seconds. Elapsed time: 12.123 seconds; current allocated memory: 159.988 MB.
INFO: [HLS 200-111] Finished Checking Pragmas: CPU user time: 0 seconds. CPU system time: 0 seconds. Elapsed time: 0 seconds; current allocated memory: 159.988 MB.
INFO: [HLS 200-10] Starting code transformations ...
INFO: [HLS 200-111] Finished Standard Transforms: CPU user time: 0 seconds. CPU system time: 0 seconds. Elapsed time: 0.072 seconds; current allocated memory: 165.551 MB.
INFO: [HLS 200-10] Checking synthesizability ...
INFO: [HLS 200-111] Finished Checking Synthesizability: CPU user time: 1 seconds. CPU system time: 0 seconds. Elapsed time: 0.062 seconds; current allocated memory: 168.555 MB.
INFO: [XFORM 203-712] Applying dataflow to function 'cvtcolor' (W:/vitis_workspace/ip24/att4/hls_component/accel2.cpp:8:1), detected/extracted 4 process function(s): 
	 'Block_entry1_proc'
	 'xf::cv::AXIvideo2xfMat<32, 16, 1080, 1920, 1, 2>'
	 'xf::cv::rgb2gray<16, 0, 1080, 1920, 1, 2, 2>'
	 'xf::cv::xfMat2AXIvideo<32, 0, 1080, 1920, 1, 2>'.
INFO: [HLS 200-111] Finished Loop, function and other optimizations: CPU user time: 0 seconds. CPU system time: 0 seconds. Elapsed time: 0.186 seconds; current allocated memory: 193.062 MB.
WARNING: [HLS 200-1614] Cosimulation may deadlock if process AXIvideo2xfMat<32, 16, 1080, 1920, 1, 2> has a streamed top-level array input and has predecessor processes. If a deadlock occurs, please consider converting the streamed array into an hls::stream
INFO: [HLS 200-111] Finished Architecture Synthesis: CPU user time: 0 seconds. CPU system time: 0 seconds. Elapsed time: 0.183 seconds; current allocated memory: 266.109 MB.
INFO: [HLS 200-10] Starting hardware synthesis ...
INFO: [HLS 200-10] Synthesizing 'cvtcolor' ...
WARNING: [SYN 201-103] Legalizing function name 'AXIvideo2xfMat<32, 16, 1080, 1920, 1, 2>_Pipeline_loop_start_hunt' to 'AXIvideo2xfMat_32_16_1080_1920_1_2_Pipeline_loop_start_hunt'.
WARNING: [SYN 201-103] Legalizing function name 'AXIvideo2xfMat<32, 16, 1080, 1920, 1, 2>_Pipeline_loop_col_zxi2mat' to 'AXIvideo2xfMat_32_16_1080_1920_1_2_Pipeline_loop_col_zxi2mat'.
WARNING: [SYN 201-103] Legalizing function name 'AXIvideo2xfMat<32, 16, 1080, 1920, 1, 2>_Pipeline_loop_last_hunt' to 'AXIvideo2xfMat_32_16_1080_1920_1_2_Pipeline_loop_last_hunt'.
WARNING: [SYN 201-103] Legalizing function name 'AXIvideo2xfMat<32, 16, 1080, 1920, 1, 2>' to 'AXIvideo2xfMat_32_16_1080_1920_1_2_s'.
WARNING: [SYN 201-103] Legalizing function name 'rgb2gray<16, 0, 1080, 1920, 1, 2, 2>_Pipeline_columnloop' to 'rgb2gray_16_0_1080_1920_1_2_2_Pipeline_columnloop'.
WARNING: [SYN 201-103] Legalizing function name 'rgb2gray<16, 0, 1080, 1920, 1, 2, 2>' to 'rgb2gray_16_0_1080_1920_1_2_2_s'.
WARNING: [SYN 201-103] Legalizing function name 'xfMat2AXIvideo<32, 0, 1080, 1920, 1, 2>_Pipeline_loop_col_mat2axi' to 'xfMat2AXIvideo_32_0_1080_1920_1_2_Pipeline_loop_col_mat2axi'.
WARNING: [SYN 201-103] Legalizing function name 'xfMat2AXIvideo<32, 0, 1080, 1920, 1, 2>' to 'xfMat2AXIvideo_32_0_1080_1920_1_2_s'.
INFO: [SYN 201-201] Setting up clock 'default' with a period of 10ns.
INFO: [HLS 200-10] ----------------------------------------------------------------
INFO: [HLS 200-42] -- Implementing module 'Block_entry1_proc' 
INFO: [HLS 200-10] ----------------------------------------------------------------
INFO: [SCHED 204-11] Starting scheduling ...
INFO: [SCHED 204-11] Finished scheduling.
INFO: [HLS 200-111] Finished Scheduling: CPU user time: 0 seconds. CPU system time: 0 seconds. Elapsed time: 0.332 seconds; current allocated memory: 269.305 MB.
INFO: [BIND 205-100] Starting micro-architecture generation ...
INFO: [BIND 205-101] Performing variable lifetime analysis.
INFO: [BIND 205-101] Exploring resource sharing.
INFO: [BIND 205-101] Binding ...
INFO: [BIND 205-100] Finished micro-architecture generation.
INFO: [HLS 200-111] Finished Binding: CPU user time: 0 seconds. CPU system time: 0 seconds. Elapsed time: 0.08 seconds; current allocated memory: 270.582 MB.
INFO: [HLS 200-10] ----------------------------------------------------------------
INFO: [HLS 200-42] -- Implementing module 'AXIvideo2xfMat_32_16_1080_1920_1_2_Pipeline_loop_start_hunt' 
INFO: [HLS 200-10] ----------------------------------------------------------------
INFO: [SCHED 204-11] Starting scheduling ...
INFO: [SCHED 204-61] Pipelining loop 'loop_start_hunt'.
INFO: [HLS 200-1470] Pipelining result : Target II = 1, Final II = 1, Depth = 1, loop 'loop_start_hunt'
INFO: [SCHED 204-11] Finished scheduling.
INFO: [HLS 200-111] Finished Scheduling: CPU user time: 0 seconds. CPU system time: 0 seconds. Elapsed time: 0.111 seconds; current allocated memory: 271.656 MB.
INFO: [BIND 205-100] Starting micro-architecture generation ...
INFO: [BIND 205-101] Performing variable lifetime analysis.
INFO: [BIND 205-101] Exploring resource sharing.
INFO: [BIND 205-101] Binding ...
INFO: [BIND 205-100] Finished micro-architecture generation.
INFO: [HLS 200-111] Finished Binding: CPU user time: 0 seconds. CPU system time: 0 seconds. Elapsed time: 0.086 seconds; current allocated memory: 271.922 MB.
INFO: [HLS 200-10] ----------------------------------------------------------------
INFO: [HLS 200-42] -- Implementing module 'AXIvideo2xfMat_32_16_1080_1920_1_2_Pipeline_loop_col_zxi2mat' 
INFO: [HLS 200-10] ----------------------------------------------------------------
INFO: [SCHED 204-11] Starting scheduling ...
INFO: [SCHED 204-61] Pipelining loop 'loop_col_zxi2mat'.
INFO: [HLS 200-1470] Pipelining result : Target II = 1, Final II = 1, Depth = 2, loop 'loop_col_zxi2mat'
INFO: [SCHED 204-11] Finished scheduling.
INFO: [HLS 200-111] Finished Scheduling: CPU user time: 0 seconds. CPU system time: 0 seconds. Elapsed time: 1.218 seconds; current allocated memory: 272.430 MB.
INFO: [BIND 205-100] Starting micro-architecture generation ...
INFO: [BIND 205-101] Performing variable lifetime analysis.
INFO: [BIND 205-101] Exploring resource sharing.
INFO: [BIND 205-101] Binding ...
INFO: [BIND 205-100] Finished micro-architecture generation.
INFO: [HLS 200-111] Finished Binding: CPU user time: 0 seconds. CPU system time: 0 seconds. Elapsed time: 0.091 seconds; current allocated memory: 272.520 MB.
INFO: [HLS 200-10] ----------------------------------------------------------------
INFO: [HLS 200-42] -- Implementing module 'AXIvideo2xfMat_32_16_1080_1920_1_2_Pipeline_loop_last_hunt' 
INFO: [HLS 200-10] ----------------------------------------------------------------
INFO: [SCHED 204-11] Starting scheduling ...
INFO: [SCHED 204-61] Pipelining loop 'loop_last_hunt'.
INFO: [HLS 200-1470] Pipelining result : Target II = 1, Final II = 1, Depth = 1, loop 'loop_last_hunt'
INFO: [SCHED 204-11] Finished scheduling.
INFO: [HLS 200-111] Finished Scheduling: CPU user time: 0 seconds. CPU system time: 0 seconds. Elapsed time: 0.127 seconds; current allocated memory: 272.770 MB.
INFO: [BIND 205-100] Starting micro-architecture generation ...
INFO: [BIND 205-101] Performing variable lifetime analysis.
INFO: [BIND 205-101] Exploring resource sharing.
INFO: [BIND 205-101] Binding ...
INFO: [BIND 205-100] Finished micro-architecture generation.
INFO: [HLS 200-111] Finished Binding: CPU user time: 0 seconds. CPU system time: 0 seconds. Elapsed time: 0.087 seconds; current allocated memory: 272.773 MB.
INFO: [HLS 200-10] ----------------------------------------------------------------
INFO: [HLS 200-42] -- Implementing module 'AXIvideo2xfMat_32_16_1080_1920_1_2_s' 
INFO: [HLS 200-10] ----------------------------------------------------------------
INFO: [SCHED 204-11] Starting scheduling ...
INFO: [SCHED 204-11] Finished scheduling.
INFO: [HLS 200-111] Finished Scheduling: CPU user time: 0 seconds. CPU system time: 0 seconds. Elapsed time: 0.09 seconds; current allocated memory: 273.293 MB.
INFO: [BIND 205-100] Starting micro-architecture generation ...
INFO: [BIND 205-101] Performing variable lifetime analysis.
INFO: [BIND 205-101] Exploring resource sharing.
INFO: [BIND 205-101] Binding ...
INFO: [BIND 205-100] Finished micro-architecture generation.
INFO: [HLS 200-111] Finished Binding: CPU user time: 0 seconds. CPU system time: 0 seconds. Elapsed time: 0.09 seconds; current allocated memory: 273.484 MB.
INFO: [HLS 200-10] ----------------------------------------------------------------
INFO: [HLS 200-42] -- Implementing module 'rgb2gray_16_0_1080_1920_1_2_2_Pipeline_columnloop' 
INFO: [HLS 200-10] ----------------------------------------------------------------
INFO: [SCHED 204-11] Starting scheduling ...
INFO: [HLS 200-486] Changing DSP latency (root=GRAY) to 3 in order to utilize available DSP registers.
INFO: [HLS 200-486] Changing DSP latency (root=add_ln886) to 3 in order to utilize available DSP registers.
INFO: [SCHED 204-61] Pipelining loop 'columnloop'.
INFO: [HLS 200-1470] Pipelining result : Target II = NA, Final II = 1, Depth = 6, loop 'columnloop'
INFO: [SCHED 204-11] Finished scheduling.
INFO: [HLS 200-111] Finished Scheduling: CPU user time: 0 seconds. CPU system time: 0 seconds. Elapsed time: 0.16 seconds; current allocated memory: 273.926 MB.
INFO: [BIND 205-100] Starting micro-architecture generation ...
INFO: [BIND 205-101] Performing variable lifetime analysis.
INFO: [BIND 205-101] Exploring resource sharing.
INFO: [BIND 205-101] Binding ...
INFO: [BIND 205-100] Finished micro-architecture generation.
INFO: [HLS 200-111] Finished Binding: CPU user time: 0 seconds. CPU system time: 0 seconds. Elapsed time: 0.108 seconds; current allocated memory: 273.957 MB.
INFO: [HLS 200-10] ----------------------------------------------------------------
INFO: [HLS 200-42] -- Implementing module 'rgb2gray_16_0_1080_1920_1_2_2_s' 
INFO: [HLS 200-10] ----------------------------------------------------------------
INFO: [SCHED 204-11] Starting scheduling ...
INFO: [SCHED 204-11] Finished scheduling.
INFO: [HLS 200-111] Finished Scheduling: CPU user time: 1 seconds. CPU system time: 1 seconds. Elapsed time: 0.112 seconds; current allocated memory: 274.035 MB.
INFO: [BIND 205-100] Starting micro-architecture generation ...
INFO: [BIND 205-101] Performing variable lifetime analysis.
INFO: [BIND 205-101] Exploring resource sharing.
INFO: [BIND 205-101] Binding ...
INFO: [BIND 205-100] Finished micro-architecture generation.
INFO: [HLS 200-111] Finished Binding: CPU user time: 0 seconds. CPU system time: 0 seconds. Elapsed time: 0.09 seconds; current allocated memory: 274.078 MB.
INFO: [HLS 200-10] ----------------------------------------------------------------
INFO: [HLS 200-42] -- Implementing module 'xfMat2AXIvideo_32_0_1080_1920_1_2_Pipeline_loop_col_mat2axi' 
INFO: [HLS 200-10] ----------------------------------------------------------------
INFO: [SCHED 204-11] Starting scheduling ...
INFO: [SCHED 204-61] Pipelining loop 'loop_col_mat2axi'.
INFO: [HLS 200-1470] Pipelining result : Target II = 1, Final II = 1, Depth = 2, loop 'loop_col_mat2axi'
INFO: [SCHED 204-11] Finished scheduling.
INFO: [HLS 200-111] Finished Scheduling: CPU user time: 0 seconds. CPU system time: 0 seconds. Elapsed time: 0.127 seconds; current allocated memory: 274.340 MB.
INFO: [BIND 205-100] Starting micro-architecture generation ...
INFO: [BIND 205-101] Performing variable lifetime analysis.
INFO: [BIND 205-101] Exploring resource sharing.
INFO: [BIND 205-101] Binding ...
INFO: [BIND 205-100] Finished micro-architecture generation.
INFO: [HLS 200-111] Finished Binding: CPU user time: 0 seconds. CPU system time: 0 seconds. Elapsed time: 0.122 seconds; current allocated memory: 274.395 MB.
INFO: [HLS 200-10] ----------------------------------------------------------------
INFO: [HLS 200-42] -- Implementing module 'xfMat2AXIvideo_32_0_1080_1920_1_2_s' 
INFO: [HLS 200-10] ----------------------------------------------------------------
INFO: [SCHED 204-11] Starting scheduling ...
INFO: [SCHED 204-11] Finished scheduling.
INFO: [HLS 200-111] Finished Scheduling: CPU user time: 0 seconds. CPU system time: 0 seconds. Elapsed time: 0.095 seconds; current allocated memory: 274.508 MB.
INFO: [BIND 205-100] Starting micro-architecture generation ...
INFO: [BIND 205-101] Performing variable lifetime analysis.
INFO: [BIND 205-101] Exploring resource sharing.
INFO: [BIND 205-101] Binding ...
INFO: [BIND 205-100] Finished micro-architecture generation.
INFO: [HLS 200-111] Finished Binding: CPU user time: 0 seconds. CPU system time: 0 seconds. Elapsed time: 0.092 seconds; current allocated memory: 274.668 MB.
INFO: [HLS 200-10] ----------------------------------------------------------------
INFO: [HLS 200-42] -- Implementing module 'cvtcolor' 
INFO: [HLS 200-10] ----------------------------------------------------------------
INFO: [SCHED 204-11] Starting scheduling ...
INFO: [SCHED 204-11] Finished scheduling.
WARNING: [HLS 200-1020] Increasing the depth of FIFO img_mat_gray_rows_channel (from Block_entry1_proc_U0 to xfMat2AXIvideo_32_0_1080_1920_1_2_U0) to 4 to improve performance and/or avoid deadlocks.
WARNING: [HLS 200-1020] Increasing the depth of FIFO img_mat_gray_cols_channel (from Block_entry1_proc_U0 to xfMat2AXIvideo_32_0_1080_1920_1_2_U0) to 4 to improve performance and/or avoid deadlocks.
INFO: [HLS 200-111] Finished Scheduling: CPU user time: 0 seconds. CPU system time: 0 seconds. Elapsed time: 0.12 seconds; current allocated memory: 275.035 MB.
INFO: [BIND 205-100] Starting micro-architecture generation ...
INFO: [BIND 205-101] Performing variable lifetime analysis.
INFO: [BIND 205-101] Exploring resource sharing.
INFO: [BIND 205-101] Binding ...
INFO: [BIND 205-100] Finished micro-architecture generation.
INFO: [HLS 200-111] Finished Binding: CPU user time: 0 seconds. CPU system time: 0 seconds. Elapsed time: 0.095 seconds; current allocated memory: 275.270 MB.
INFO: [HLS 200-10] ----------------------------------------------------------------
INFO: [HLS 200-10] -- Generating RTL for module 'Block_entry1_proc' 
INFO: [HLS 200-10] ----------------------------------------------------------------
INFO: [RTGEN 206-100] Finished creating RTL model for 'Block_entry1_proc'.
INFO: [HLS 200-111] Finished Creating RTL model: CPU user time: 0 seconds. CPU system time: 0 seconds. Elapsed time: 0.097 seconds; current allocated memory: 276.578 MB.
INFO: [HLS 200-10] ----------------------------------------------------------------
INFO: [HLS 200-10] -- Generating RTL for module 'AXIvideo2xfMat_32_16_1080_1920_1_2_Pipeline_loop_start_hunt' 
INFO: [HLS 200-10] ----------------------------------------------------------------
INFO: [RTGEN 206-100] Finished creating RTL model for 'AXIvideo2xfMat_32_16_1080_1920_1_2_Pipeline_loop_start_hunt'.
INFO: [HLS 200-111] Finished Creating RTL model: CPU user time: 0 seconds. CPU system time: 0 seconds. Elapsed time: 0.136 seconds; current allocated memory: 277.930 MB.
INFO: [HLS 200-10] ----------------------------------------------------------------
INFO: [HLS 200-10] -- Generating RTL for module 'AXIvideo2xfMat_32_16_1080_1920_1_2_Pipeline_loop_col_zxi2mat' 
INFO: [HLS 200-10] ----------------------------------------------------------------
INFO: [HLS 200-1030] Apply Unified Pipeline Control on module 'AXIvideo2xfMat_32_16_1080_1920_1_2_Pipeline_loop_col_zxi2mat' pipeline 'loop_col_zxi2mat' pipeline type 'loop pipeline'
INFO: [RTGEN 206-100] Finished creating RTL model for 'AXIvideo2xfMat_32_16_1080_1920_1_2_Pipeline_loop_col_zxi2mat'.
INFO: [HLS 200-111] Finished Creating RTL model: CPU user time: 0 seconds. CPU system time: 0 seconds. Elapsed time: 0.153 seconds; current allocated memory: 279.195 MB.
INFO: [HLS 200-10] ----------------------------------------------------------------
INFO: [HLS 200-10] -- Generating RTL for module 'AXIvideo2xfMat_32_16_1080_1920_1_2_Pipeline_loop_last_hunt' 
INFO: [HLS 200-10] ----------------------------------------------------------------
INFO: [RTGEN 206-100] Finished creating RTL model for 'AXIvideo2xfMat_32_16_1080_1920_1_2_Pipeline_loop_last_hunt'.
INFO: [HLS 200-111] Finished Creating RTL model: CPU user time: 0 seconds. CPU system time: 0 seconds. Elapsed time: 0.156 seconds; current allocated memory: 280.188 MB.
INFO: [HLS 200-10] ----------------------------------------------------------------
INFO: [HLS 200-10] -- Generating RTL for module 'AXIvideo2xfMat_32_16_1080_1920_1_2_s' 
INFO: [HLS 200-10] ----------------------------------------------------------------
INFO: [RTGEN 206-100] Finished creating RTL model for 'AXIvideo2xfMat_32_16_1080_1920_1_2_s'.
INFO: [HLS 200-111] Finished Creating RTL model: CPU user time: 0 seconds. CPU system time: 0 seconds. Elapsed time: 0.146 seconds; current allocated memory: 281.270 MB.
INFO: [HLS 200-10] ----------------------------------------------------------------
INFO: [HLS 200-10] -- Generating RTL for module 'rgb2gray_16_0_1080_1920_1_2_2_Pipeline_columnloop' 
INFO: [HLS 200-10] ----------------------------------------------------------------
INFO: [HLS 200-1030] Apply Unified Pipeline Control on module 'rgb2gray_16_0_1080_1920_1_2_2_Pipeline_columnloop' pipeline 'columnloop' pipeline type 'loop pipeline'
INFO: [RTGEN 206-100] Generating core module 'mac_muladd_8ns_12ns_22ns_22_4_1': 1 instance(s).
INFO: [RTGEN 206-100] Generating core module 'mac_muladd_8ns_15ns_22ns_23_4_1': 1 instance(s).
INFO: [RTGEN 206-100] Generating core module 'mul_8ns_15ns_22_1_1': 1 instance(s).
INFO: [RTGEN 206-100] Finished creating RTL model for 'rgb2gray_16_0_1080_1920_1_2_2_Pipeline_columnloop'.
INFO: [HLS 200-111] Finished Creating RTL model: CPU user time: 1 seconds. CPU system time: 0 seconds. Elapsed time: 0.24 seconds; current allocated memory: 282.922 MB.
INFO: [HLS 200-10] ----------------------------------------------------------------
INFO: [HLS 200-10] -- Generating RTL for module 'rgb2gray_16_0_1080_1920_1_2_2_s' 
INFO: [HLS 200-10] ----------------------------------------------------------------
INFO: [RTGEN 206-100] Finished creating RTL model for 'rgb2gray_16_0_1080_1920_1_2_2_s'.
INFO: [HLS 200-111] Finished Creating RTL model: CPU user time: 0 seconds. CPU system time: 0 seconds. Elapsed time: 0.995 seconds; current allocated memory: 283.621 MB.
INFO: [HLS 200-10] ----------------------------------------------------------------
INFO: [HLS 200-10] -- Generating RTL for module 'xfMat2AXIvideo_32_0_1080_1920_1_2_Pipeline_loop_col_mat2axi' 
INFO: [HLS 200-10] ----------------------------------------------------------------
INFO: [HLS 200-1030] Apply Unified Pipeline Control on module 'xfMat2AXIvideo_32_0_1080_1920_1_2_Pipeline_loop_col_mat2axi' pipeline 'loop_col_mat2axi' pipeline type 'loop pipeline'
INFO: [RTGEN 206-100] Finished creating RTL model for 'xfMat2AXIvideo_32_0_1080_1920_1_2_Pipeline_loop_col_mat2axi'.
INFO: [HLS 200-111] Finished Creating RTL model: CPU user time: 0 seconds. CPU system time: 0 seconds. Elapsed time: 0.169 seconds; current allocated memory: 284.625 MB.
INFO: [HLS 200-10] ----------------------------------------------------------------
INFO: [HLS 200-10] -- Generating RTL for module 'xfMat2AXIvideo_32_0_1080_1920_1_2_s' 
INFO: [HLS 200-10] ----------------------------------------------------------------
INFO: [RTGEN 206-100] Finished creating RTL model for 'xfMat2AXIvideo_32_0_1080_1920_1_2_s'.
INFO: [HLS 200-111] Finished Creating RTL model: CPU user time: 0 seconds. CPU system time: 0 seconds. Elapsed time: 0.148 seconds; current allocated memory: 285.496 MB.
INFO: [HLS 200-10] ----------------------------------------------------------------
INFO: [HLS 200-10] -- Generating RTL for module 'cvtcolor' 
INFO: [HLS 200-10] ----------------------------------------------------------------
WARNING: [RTGEN 206-101] Design contains AXI ports. Reset is fixed to synchronous and active low.
INFO: [RTGEN 206-500] Setting interface mode on port 'cvtcolor/img_in_V_data_V' to 'axis' (register, both mode).
INFO: [RTGEN 206-500] Setting interface mode on port 'cvtcolor/img_in_V_keep_V' to 'axis' (register, both mode).
INFO: [RTGEN 206-500] Setting interface mode on port 'cvtcolor/img_in_V_strb_V' to 'axis' (register, both mode).
INFO: [RTGEN 206-500] Setting interface mode on port 'cvtcolor/img_in_V_user_V' to 'axis' (register, both mode).
INFO: [RTGEN 206-500] Setting interface mode on port 'cvtcolor/img_in_V_last_V' to 'axis' (register, both mode).
INFO: [RTGEN 206-500] Setting interface mode on port 'cvtcolor/img_in_V_id_V' to 'axis' (register, both mode).
INFO: [RTGEN 206-500] Setting interface mode on port 'cvtcolor/img_in_V_dest_V' to 'axis' (register, both mode).
INFO: [RTGEN 206-500] Setting interface mode on port 'cvtcolor/img_out_V_data_V' to 'axis' (register, both mode).
INFO: [RTGEN 206-500] Setting interface mode on port 'cvtcolor/img_out_V_keep_V' to 'axis' (register, both mode).
INFO: [RTGEN 206-500] Setting interface mode on port 'cvtcolor/img_out_V_strb_V' to 'axis' (register, both mode).
INFO: [RTGEN 206-500] Setting interface mode on port 'cvtcolor/img_out_V_user_V' to 'axis' (register, both mode).
INFO: [RTGEN 206-500] Setting interface mode on port 'cvtcolor/img_out_V_last_V' to 'axis' (register, both mode).
INFO: [RTGEN 206-500] Setting interface mode on port 'cvtcolor/img_out_V_id_V' to 'axis' (register, both mode).
INFO: [RTGEN 206-500] Setting interface mode on port 'cvtcolor/img_out_V_dest_V' to 'axis' (register, both mode).
INFO: [RTGEN 206-500] Setting interface mode on port 'cvtcolor/rows' to 's_axilite & ap_none'.
INFO: [RTGEN 206-500] Setting interface mode on port 'cvtcolor/cols' to 's_axilite & ap_none'.
INFO: [RTGEN 206-500] Setting interface mode on function 'cvtcolor' to 's_axilite & ap_ctrl_hs'.
INFO: [RTGEN 206-100] Bundling port 'rows', 'cols' and 'return' to AXI-Lite port control.
INFO: [RTGEN 206-100] Finished creating RTL model for 'cvtcolor'.
INFO: [RTMG 210-285] Implementing FIFO 'img_mat_gray_rows_channel_U(cvtcolor_fifo_w32_d4_S)' using Shift Registers.
INFO: [RTMG 210-285] Implementing FIFO 'img_mat_gray_cols_channel_U(cvtcolor_fifo_w32_d4_S)' using Shift Registers.
INFO: [RTMG 210-285] Implementing FIFO 'img_mat_rgb_rows_c9_channel_U(cvtcolor_fifo_w32_d2_S)' using Shift Registers.
INFO: [RTMG 210-285] Implementing FIFO 'img_mat_rgb_cols_c10_channel_U(cvtcolor_fifo_w32_d2_S)' using Shift Registers.
INFO: [RTMG 210-285] Implementing FIFO 'img_mat_rgb_data_U(cvtcolor_fifo_w24_d2_S)' using Shift Registers.
INFO: [RTMG 210-285] Implementing FIFO 'img_mat_rgb_rows_c_U(cvtcolor_fifo_w32_d2_S)' using Shift Registers.
INFO: [RTMG 210-285] Implementing FIFO 'img_mat_rgb_cols_c_U(cvtcolor_fifo_w32_d2_S)' using Shift Registers.
INFO: [RTMG 210-285] Implementing FIFO 'img_mat_gray_data_U(cvtcolor_fifo_w8_d2_S)' using Shift Registers.
INFO: [RTMG 210-285] Implementing FIFO 'start_for_rgb2gray_16_0_1080_1920_1_2_2_U0_U(cvtcolor_start_for_rgb2gray_16_0_1080_1920_1_2_2_U0)' using Shift Registers.
INFO: [HLS 200-111] Finished Creating RTL model: CPU user time: 0 seconds. CPU system time: 0 seconds. Elapsed time: 1.764 seconds; current allocated memory: 287.324 MB.
INFO: [HLS 200-111] Finished Generating all RTL models: CPU user time: 1 seconds. CPU system time: 0 seconds. Elapsed time: 1.229 seconds; current allocated memory: 290.391 MB.
INFO: [HLS 200-111] Finished Updating report files: CPU user time: 3 seconds. CPU system time: 1 seconds. Elapsed time: 4.905 seconds; current allocated memory: 304.473 MB.
INFO: [VHDL 208-304] Generating VHDL RTL for cvtcolor.
INFO: [VLOG 209-307] Generating Verilog RTL for cvtcolor.
INFO: [HLS 200-790] **** Loop Constraint Status: All loop constraints were satisfied.
INFO: [HLS 200-789] **** Estimated Fmax: 137.59 MHz
INFO: [HLS 200-111] Finished Command csynth_design CPU user time: 10 seconds. CPU system time: 2 seconds. Elapsed time: 55.029 seconds; current allocated memory: 182.348 MB.
INFO: [HLS 200-1510] Running: close_project 
INFO: [HLS 200-112] Total CPU user time: 12 seconds. Total CPU system time: 3 seconds. Total elapsed time: 57.876 seconds; peak allocated memory: 304.918 MB.
INFO: [Common 17-206] Exiting vitis_hls at Mon Mar 11 23:39:37 2024...
INFO: [v++ 60-791] Total elapsed time: 0h 1m 2s
