# 
# Steps log generated by v++
# This log file contains a collection of steps that describe the kernel compilation flow
# Note: Some steps are tagged as internal, these steps are for debugging purposes and 
#       are not expected to be able to run independently.
# 

# The following environment variables are set when running v++
Environment variables :
------------------------------------------
ACSetupSvcPort=23210
ACSvcPort=17532
ALLUSERSPROFILE=C:\ProgramData
APPDATA=C:\Users\Kevin Lau\AppData\Roaming
args_for_classic=  = 
args_for_source=  = 
arr.length=2
arr.Ubound=1
arr[0]= =
CHARPOP=1
CommonProgramFiles=C:\Program Files\Common Files
CommonProgramFiles(x86)=C:\Program Files (x86)\Common Files
CommonProgramW6432=C:\Program Files\Common Files
COMPUTERNAME=KVL-TUF
ComSpec=C:\WINDOWS\system32\cmd.exe
CUDA_HOME=C:\Program Files\NVIDIA GPU Computing Toolkit\CUDA\v11.8
CUDA_PATH=C:\Program Files\NVIDIA GPU Computing Toolkit\CUDA\v11.8
CUDA_PATH_V11_8=C:\Program Files\NVIDIA GPU Computing Toolkit\CUDA\v11.8
DriverData=C:\Windows\System32\Drivers\DriverData
HDI_APPROOT=C:/Xilinx/Vitis/2023.2
HDI_PROCESSOR=i686
HOMEDRIVE=C:
HOMEPATH=\Users\Kevin Lau
IDE_SKIP_SERVER_LICENSE=1
INT_VARIABLE_NAME=XILINX_PATH
ISL_IOSTREAMS_RSA=C:/Xilinx/Vitis/2023.2/tps/isl
JAVA_EXE=C:/Xilinx\Vitis\2023.2\tps\win64\jre11.0.16_1\bin\java.exe
JAVA_HOME=C:/Xilinx\Vitis\2023.2\tps\win64\jre11.0.16_1
LC_NUMERIC=C
LOCALAPPDATA=C:\Users\Kevin Lau\AppData\Local
LOGONSERVER=\\KVL-TUF
LOPPER_DTC_FLAGS=-b 0 -@
NOSPLASH=false
NUMBER_OF_PROCESSORS=8
NVTOOLSEXT_PATH=C:\Program Files\NVIDIA Corporation\NvToolsExt\
OneDrive=C:\Users\Kevin Lau\OneDrive
OneDriveConsumer=C:\Users\Kevin Lau\OneDrive
ORIGINAL_XDG_CURRENT_DESKTOP=undefined
OS=Windows_NT
PATH=C:/Xilinx/Vivado/2023.2/tps/win64/binutils-2.26/bin;C:/Xilinx/Vitis/2023.2/bin/../gnu/aarch64/nt/aarch64-linux/bin;C:/Xilinx/Vitis/2023.2/bin/../gnu/ppc64le/4.9.3/win64/bin;C:/Xilinx/Vitis/2023.2/bin/../gnu/aarch32/nt/gcc-arm-linux-gnueabi/bin;C:/Xilinx\Vitis_HLS\2023.2/tps/mingw/6.2.0/win64.o/nt/bin;C:/Xilinx/Vivado/2023.2\gnuwin\bin;C:/Xilinx/Vivado/2023.2\gnu\microblaze\nt\bin;C:/Xilinx/Vitis/2023.2/bin;C:/Xilinx/Vitis/2023.2/tps/win64/java-cef-95.0.4638.69/bin/lib/win64;C:/Xilinx/Vitis/2023.2/tps/win64/javafx-sdk-11.0.2/lib;C:/Xilinx/Vitis/2023.2/tps/win64/javafx-sdk-11.0.2/bin;C:/Xilinx/Vitis/2023.2/lib/win64.o;C:/Xilinx/Vitis/2023.2/tps/win64/jre11.0.16_1/bin/server;C:/Xilinx/Vitis/2023.2/tps/win64/jre11.0.16_1/bin;C:\Xilinx\Vitis\2023.2\tps\win64\LOPPER~1.0-P\min_sdk\\usr\bin;C:/Xilinx\Vitis\2023.2\tps\win64\cmake-3.24.2\bin;C:/Xilinx\Vitis\2023.2\gnu\microblaze\nt\bin;C:/Xilinx\Vitis\2023.2\gnu\microblaze\linux_toolchain\nt64_le\bin;C:/Xilinx\Vitis\2023.2\gnu\aarch32\nt\gcc-arm-linux-gnueabi\bin;C:/Xilinx\Vitis\2023.2\gnu\aarch32\nt\gcc-arm-none-eabi\bin;C:/Xilinx\Vitis\2023.2\gnu\aarch64\nt\aarch64-linux\bin;C:/Xilinx\Vitis\2023.2\gnu\aarch64\nt\aarch64-none\bin;C:/Xilinx\Vitis\2023.2\gnu\armr5\nt\gcc-arm-none-eabi\bin;C:/Xilinx\Vitis\2023.2\gnuwin\bin;C:/Xilinx\Vitis\2023.2\tps\win64\python-3.8.3;C:/Xilinx\Vitis\2023.2\tps\win64\libxslt\bin;C:/Xilinx/Vivado/2023.2\bin;C:/Xilinx/Vitis/2023.2\gnu\arm\nt\bin;C:/Xilinx/Vitis/2023.2\gnu\microblaze\linux_toolchain\nt64_be\bin;C:/Xilinx/Vitis/2023.2\tps\win64\git-2.16.2\bin;C:/Xilinx/Vitis/2023.2\win64\tools\clang\bin;C:/Xilinx\Vitis_HLS\2023.2\bin;C:\opencv\build\install\x64\mingw\bin;C:\Program Files (x86)\Common Files\Oracle\Java\javapath;C:\Program Files\NVIDIA GPU Computing Toolkit\CUDA\v11.8\bin;C:\Program Files\NVIDIA GPU Computing Toolkit\CUDA\v11.8\libnvvp;C:\Windows\system32;C:\Windows;C:\Windows\System32\Wbem;C:\Windows\System32\WindowsPowerShell\v1.0\;C:\Windows\System32\OpenSSH\;C:\Program Files (x86)\NVIDIA Corporation\PhysX\Common;C:\Program Files\NVIDIA Corporation\NVIDIA NvDLISR;C:\Program Files\Git\cmd;C:\Program Files\nodejs\;C:\Program Files\dotnet\;C:\Program Files\usbipd-win\;C:\Users\Kevin Lau\AppData\Local\Programs\Python\Python310\Scripts\;C:\Users\Kevin Lau\AppData\Local\Programs\Python\Python310\;C:\Program Files\NVIDIA Corporation\Nsight Compute 2022.3.0\;C:\Users\Kevin Lau\Documents\cudnn-windows-x86_64-8.9.5.29_cuda11-archive\bin;C:\Program Files\PuTTY\;C:\Program Files\MATLAB\R2023b\runtime\win64;C:\Program Files\MATLAB;C:\Users\Kevin Lau\AppData\Local\Programs\Microsoft VS Code\bin;C:\Users\Kevin Lau\AppData\Local\GitHubDesktop\bin;C:\Users\Kevin Lau\AppData\Roaming\npm;C:\Users\Kevin Lau\.dotnet\tools;C:\intelFPGA\16.1\modelsim_ase\win32aloem;C:\intelFPGA_lite\18.1\modelsim_ase\win32aloem;C:\Program Files\CMake\bin;;C:/Xilinx/Vitis/2023.2\tps\mingw\6.2.0\win64.o\nt\bin;C:/Xilinx/Vitis/2023.2\tps\mingw\6.2.0\win64.o\nt\libexec\gcc\x86_64-w64-mingw32\6.2.0
PATHEXT=.COM;.EXE;.BAT;.CMD;.VBS;.VBE;.JS;.JSE;.WSF;.WSH;.MSC
PROCESSOR_ARCHITECTURE=AMD64
PROCESSOR_IDENTIFIER=Intel64 Family 6 Model 140 Stepping 1, GenuineIntel
PROCESSOR_LEVEL=6
PROCESSOR_REVISION=8c01
PRODVERSION_EXE=C:/Xilinx/Vitis/2023.2/bin/unwrapped/win64.o/prodversion.exe
ProgramData=C:\ProgramData
ProgramFiles=C:\Program Files
ProgramFiles(x86)=C:\Program Files (x86)
ProgramW6432=C:\Program Files
PROMPT=$P$G
PSModulePath=C:\Program Files\WindowsPowerShell\Modules;C:\WINDOWS\system32\WindowsPowerShell\v1.0\Modules
PUBLIC=C:\Users\Public
PYTHONPATH=;C:/Xilinx/Vitis/2023.2\cli;C:/Xilinx/Vitis/2023.2\cli\python-packages\win64;C:/Xilinx/Vitis/2023.2\cli\python-packages\site-packages;C:/Xilinx/Vitis/2023.2\cli\proto;C:/Xilinx/Vitis/2023.2\scripts\python_pkg;
python_path=;C:/Xilinx/Vitis/2023.2\cli;C:/Xilinx/Vitis/2023.2\cli\python-packages\win64;C:/Xilinx/Vitis/2023.2\cli\python-packages\site-packages;C:/Xilinx/Vitis/2023.2\cli\proto;C:/Xilinx/Vitis/2023.2\scripts\python_pkg;
QSYS_ROOTDIR=C:\intelFPGA_lite\18.1\quartus\sopc_builder\bin
QUARTUS_ROOTDIR=C:\intelFPGA_lite\20.1\quartus
RDI_APPROOT=C:/Xilinx/Vitis/2023.2
RDI_ARGS= -c --mode hls --config W:\vitis_workspace\ip24\att4\hls_component\hls_config.cfg --work_dir hls_component
RDI_ARGS_FUNCTION=RDI_EXEC_DEFAULT
RDI_BASEROOT=C:/Xilinx/Vitis
RDI_BINDIR=C:/Xilinx/Vitis/2023.2/bin
RDI_BINROOT=C:/Xilinx/Vitis/2023.2/bin
RDI_BUILD=yes
RDI_CHECK_PROG=True
RDI_DATADIR=C:/Xilinx/Vitis/2023.2/data
RDI_INSTALLROOT=C:/Xilinx
RDI_INSTALLVER=2023.2
RDI_INSTALLVERSION=2023.2
RDI_JAVACEFROOT=C:/Xilinx/Vitis/2023.2/tps/win64/java-cef-95.0.4638.69
RDI_JAVAFXROOT=C:/Xilinx/Vitis/2023.2/tps/win64/javafx-sdk-11.0.2
RDI_JAVAROOT=C:/Xilinx/Vitis/2023.2/tps/win64/jre11.0.16_1
RDI_JAVA_VERSION=11.0.16_1
RDI_LIBDIR=C:/Xilinx/Vitis/2023.2/lib/win64.o
RDI_MINGW_LIB=C:/Xilinx/Vitis/2023.2\tps\mingw\6.2.0\win64.o\nt\bin;C:/Xilinx/Vitis/2023.2\tps\mingw\6.2.0\win64.o\nt\libexec\gcc\x86_64-w64-mingw32\6.2.0
RDI_OPT_EXT=.o
RDI_OS_ARCH=64
RDI_PLATFORM=win64
RDI_PREPEND_PATH=C:/Xilinx/Vitis/2023.2/bin
RDI_PROG=C:/Xilinx/Vitis/2023.2/bin/unwrapped/win64.o/v++.exe
RDI_PROGNAME=v++.exe
RDI_SESSION_INFO=C:\Xilinx\Vitis\2023.2\bin:KVL-TUF-11-03-2024_19-56-46.33
RDI_SHARED_DATA=C:/Xilinx/SharedData/2023.2/data
RDI_TPS_ROOT=C:/Xilinx/Vivado/2023.2/tps/win64
RDI_USE_JDK11=1
RDI_VERBOSE=False
RlsSvcPort=22112
RT_LIBPATH=C:/Xilinx/Vitis/2023.2/scripts/rt/data
RT_TCL_PATH=C:/Xilinx/Vitis/2023.2/scripts/rt/base_tcl/tcl
SDKROOT=C:\Xilinx\Vitis\2023.2\tps\win64\LOPPER~1.0-P\min_sdk\
SESSIONNAME=Console
session_string=W:\vitis_workspace\ip24\att4\hls_component:KVL-TUF-11-03-2024_20-06-47.17
SOPC_KIT_NIOS2=C:\intelFPGA_lite\20.1\nios2eds
SWIG_LIB=C:\Xilinx\Vitis\2023.2\tps\win64\LOPPER~1.0-P\min_sdk\\usr\lib\swig\4.0.2
SYNTH_COMMON=C:/Xilinx/Vitis/2023.2/scripts/rt/data
SystemDrive=C:
SystemRoot=C:\WINDOWS
TCL_LIBRARY=C:/Xilinx/Vitis/2023.2/tps/tcl/tcl8.5
TCMALLOC_LARGE_ALLOC_REPORT_THRESHOLD=4294967296
TEMP=C:\Users\KEVINL~1\AppData\Local\Temp
THEIA_APP_PROJECT_PATH=C:\Xilinx\Vitis\2023.2\ide\electron-app\win64\resources\app
THEIA_DEFAULT_PLUGINS=local-dir:C:\Xilinx\Vitis\2023.2\ide\electron-app\win64\resources\app\plugins
THEIA_ELECTRON_TOKEN={"value":"436f29e5-2e51-4fb9-bd77-c828819f9453"}
THEIA_ELECTRON_VERSION=15.5.7
THEIA_PLUGINS=local-dir:C:\Users\Kevin Lau\.theia\plugins
TMP=C:\Users\KEVINL~1\AppData\Local\Temp
USERDOMAIN=KVL-TUF
USERDOMAIN_ROAMINGPROFILE=KVL-TUF
USERNAME=Kevin Lau
USERPROFILE=C:\Users\Kevin Lau
val=""
VITISNEW=true
VSCODE_API_VERSION=1.53.2
windir=C:\WINDOWS
XILINX_HLS=C:/Xilinx\Vitis_HLS\2023.2
XILINX_PLANAHEAD=C:/Xilinx/Vitis/2023.2
XILINX_SDK=C:/Xilinx/Vitis/2023.2
XILINX_VERSION_DEFAULT=2023.2
XILINX_VERSION_VITIS=2023.2
XILINX_VITIS=C:/Xilinx\Vitis\2023.2
XILINX_VITIS_VERSION=Vitis v2023.2 (64-bit)
XILINX_VIVADO=C:/Xilinx/Vivado/2023.2
XILINX_VIVADO_HLS=C:/Xilinx/Vivado/2023.2
XIL_CHECK_TCL_DEBUG=False
XIL_NO_OVERRIDE=0
XIL_SUPPRESS_OVERRIDE_WARNINGS=1
XVREDIST=C:/Xilinx/Vitis/2023.2\tps\win64\xvcredist.exe
ZES_ENABLE_SYSMAN=1
_RDI_BINROOT=C:\Xilinx\Vitis\2023.2\bin
_RDI_CWD=W:\vitis_workspace\ip24\att4\hls_component
_RDI_DONT_SET_XILINX_AS_PATH=True
_RDI_VERSION_PROG=v++
_valid=False
XILINX_CD_CONNECT_ID=64144
XILINX_CD_SESSION=a153eb21-3346-4ac2-aea4-7558f112c26a


V++ command line:
------------------------------------------
C:/Xilinx/Vitis/2023.2/bin/unwrapped/win64.o/v++.exe -c --mode hls --config W:\vitis_workspace\ip24\att4\hls_component\hls_config.cfg --work_dir hls_component 

FINAL PROGRAM OPTIONS
--compile
--config W:\vitis_workspace\ip24\att4\hls_component\hls_config.cfg
--hls.cosim.argv C:/Xilinx/Vitis_Libraries/vision/data/128x128.png
--hls.cosim.ldflags -L C:/opencv/build/install/x64/mingw/lib -lopencv_imgcodecs490 -lopencv_imgproc490 -lopencv_calib3d490 -lopencv_core490 -lopencv_highgui490 -lopencv_flann490 -lopencv_features2d490
--hls.csim.argv C:/Xilinx/Vitis_Libraries/vision/data/128x128.png
--hls.csim.ldflags -L C:/opencv/build/install/x64/mingw/lib -lopencv_imgcodecs490 -lopencv_imgproc490 -lopencv_calib3d490 -lopencv_core490 -lopencv_highgui490 -lopencv_flann490 -lopencv_features2d490
--hls.flow_target vivado
--hls.package.output.format ip_catalog
--hls.package.output.syn false
--hls.syn.cflags -I C:/Xilinx/Vitis_Libraries/vision/L2/examples/cvtcolor/config -IC:/Xilinx/Vitis_Libraries/vision/L1/include -IW:/vitis_workspace/ip24/att4/hls_component/include -I ./ -D__SDSVHLS__ -std=c++14
--hls.syn.csimflags -I C:/Xilinx/Vitis_Libraries/vision/L2/examples/cvtcolor/config -IC:/Xilinx/Vitis_Libraries/vision/L1/include -IW:/vitis_workspace/ip24/att4/hls_component/include -I ./ -D__SDSVHLS__ -std=c++14
--hls.syn.file accel.cpp
--hls.syn.top cvtcolor_rgb2gray
--hls.tb.cflags -IC:/Xilinx/Vitis_Libraries/vision/L2/examples/cvtcolor/config -IC:/opencv/build/install/include -IC:/Xilinx/Vitis_Libraries/vision/L1/include -IC:/Xilinx/Vitis_Libraries/vision/ext/xcl2 -IC:/Xilinx/include/OpenCL-CLHPP/include -IC:/Xilinx/include/OpenCL-Headers -I ./ -D__SDSVHLS__ -std=c++14
--mode hls
--part xc7z020clg400-1
--target hw
--work_dir hls_component

PARSED COMMAND LINE OPTIONS
-c 
--mode hls 
--config W:\vitis_workspace\ip24\att4\hls_component\hls_config.cfg 
--work_dir hls_component 

PARSED CONFIG FILE (1) OPTIONS
file: W:\vitis_workspace\ip24\att4\hls_component\hls_config.cfg
part xc7z020clg400-1 
hls.flow_target vivado 
hls.package.output.format ip_catalog 
hls.package.output.syn false 
hls.syn.file accel.cpp 
hls.syn.cflags -I C:/Xilinx/Vitis_Libraries/vision/L2/examples/cvtcolor/config -IC:/Xilinx/Vitis_Libraries/vision/L1/include -IW:/vitis_workspace/ip24/att4/hls_component/include -I ./ -D__SDSVHLS__ -std=c++14 
hls.syn.csimflags -I C:/Xilinx/Vitis_Libraries/vision/L2/examples/cvtcolor/config -IC:/Xilinx/Vitis_Libraries/vision/L1/include -IW:/vitis_workspace/ip24/att4/hls_component/include -I ./ -D__SDSVHLS__ -std=c++14 
hls.csim.argv C:/Xilinx/Vitis_Libraries/vision/data/128x128.png 
hls.csim.ldflags -L C:/opencv/build/install/x64/mingw/lib -lopencv_imgcodecs490 -lopencv_imgproc490 -lopencv_calib3d490 -lopencv_core490 -lopencv_highgui490 -lopencv_flann490 -lopencv_features2d490 
hls.tb.cflags -IC:/Xilinx/Vitis_Libraries/vision/L2/examples/cvtcolor/config -IC:/opencv/build/install/include -IC:/Xilinx/Vitis_Libraries/vision/L1/include -IC:/Xilinx/Vitis_Libraries/vision/ext/xcl2 -IC:/Xilinx/include/OpenCL-CLHPP/include -IC:/Xilinx/include/OpenCL-Headers -I ./ -D__SDSVHLS__ -std=c++14 
hls.cosim.argv C:/Xilinx/Vitis_Libraries/vision/data/128x128.png 
hls.cosim.ldflags -L C:/opencv/build/install/x64/mingw/lib -lopencv_imgcodecs490 -lopencv_imgproc490 -lopencv_calib3d490 -lopencv_core490 -lopencv_highgui490 -lopencv_flann490 -lopencv_features2d490 
hls.syn.top cvtcolor_rgb2gray 


==========================================
new:  steps log generated by v++ for new launch 
timestamp: 11 Mar 2024 20:06:51
------------------------------------------
V++ internal step: writing a config file for vitis_hls: W:/vitis_workspace/ip24/att4/hls_component/hls_component/hls/config.cmdline
timestamp: 11 Mar 2024 20:06:51
V++ internal step status: success
------------------------------------------
V++ internal step: running vitis_hls
timestamp: 11 Mar 2024 20:06:51
working dir: W:/vitis_workspace/ip24/att4/hls_component
cmd: vitis_hls -nolog -run csynth -work_dir W:/vitis_workspace/ip24/att4/hls_component/hls_component -config W:/vitis_workspace/ip24/att4/hls_component/hls_config.cfg -cmdlineconfig W:/vitis_workspace/ip24/att4/hls_component/hls_component/hls/config.cmdline
V++ internal step status: fail

------------------------------------------
V++ command line :
------------------------------------------
C:/Xilinx/Vitis/2023.2/bin/unwrapped/win64.o/v++.exe -c --mode hls --config W:\vitis_workspace\ip24\att4\hls_component\hls_config.cfg --work_dir hls_component 
  Options from -O    : 
  Options from *.ini : 
  Options from Hw Platform : 

==========================================
new:  steps log generated by v++ for new launch 
timestamp: 11 Mar 2024 20:10:28
------------------------------------------
V++ internal step: writing a config file for vitis_hls: W:/vitis_workspace/ip24/att4/hls_component/hls_component/hls/config.cmdline
timestamp: 11 Mar 2024 20:10:28
V++ internal step status: success
------------------------------------------
V++ internal step: running vitis_hls
timestamp: 11 Mar 2024 20:10:28
working dir: W:/vitis_workspace/ip24/att4/hls_component
cmd: vitis_hls -nolog -run csynth -work_dir W:/vitis_workspace/ip24/att4/hls_component/hls_component -config W:/vitis_workspace/ip24/att4/hls_component/hls_config.cfg -cmdlineconfig W:/vitis_workspace/ip24/att4/hls_component/hls_component/hls/config.cmdline
V++ internal step status: success

------------------------------------------
VITIS-RUN command line :
------------------------------------------
C:/Xilinx/Vitis/2023.2/bin/unwrapped/win64.o/vitis-run.exe --mode hls --package --config W:\vitis_workspace\ip24\att4\hls_component\hls_config.cfg --work_dir hls_component 
  Options from -O    : 
  Options from *.ini : 
  Options from Hw Platform : 

==========================================
new:  steps log generated by v++ for new launch 
timestamp: 11 Mar 2024 20:11:38
------------------------------------------
VITIS-RUN internal step: writing a config file for vitis_hls: W:/vitis_workspace/ip24/att4/hls_component/hls_component/hls/config.cmdline
timestamp: 11 Mar 2024 20:11:38
VITIS-RUN internal step status: success
------------------------------------------
VITIS-RUN internal step: running vitis_hls
timestamp: 11 Mar 2024 20:11:38
working dir: W:/vitis_workspace/ip24/att4/hls_component
cmd: vitis_hls -nolog -run package -work_dir W:/vitis_workspace/ip24/att4/hls_component/hls_component -config W:/vitis_workspace/ip24/att4/hls_component/hls_config.cfg -cmdlineconfig W:/vitis_workspace/ip24/att4/hls_component/hls_component/hls/config.cmdline
VITIS-RUN internal step status: success

------------------------------------------
V++ command line :
------------------------------------------
C:/Xilinx/Vitis/2023.2/bin/unwrapped/win64.o/v++.exe -c --mode hls --config W:\vitis_workspace\ip24\att4\hls_component\hls_config.cfg --work_dir hls_component 
  Options from -O    : 
  Options from *.ini : 
  Options from Hw Platform : 

==========================================
new:  steps log generated by v++ for new launch 
timestamp: 11 Mar 2024 21:15:21
------------------------------------------
V++ internal step: writing a config file for vitis_hls: W:/vitis_workspace/ip24/att4/hls_component/hls_component/hls/config.cmdline
timestamp: 11 Mar 2024 21:15:21
V++ internal step status: success
------------------------------------------
V++ internal step: running vitis_hls
timestamp: 11 Mar 2024 21:15:21
working dir: W:/vitis_workspace/ip24/att4/hls_component
cmd: vitis_hls -nolog -run csynth -work_dir W:/vitis_workspace/ip24/att4/hls_component/hls_component -config W:/vitis_workspace/ip24/att4/hls_component/hls_config.cfg -cmdlineconfig W:/vitis_workspace/ip24/att4/hls_component/hls_component/hls/config.cmdline
V++ internal step status: fail

------------------------------------------
V++ command line :
------------------------------------------
C:/Xilinx/Vitis/2023.2/bin/unwrapped/win64.o/v++.exe -c --mode hls --config W:\vitis_workspace\ip24\att4\hls_component\hls_config.cfg --work_dir hls_component 
  Options from -O    : 
  Options from *.ini : 
  Options from Hw Platform : 

==========================================
new:  steps log generated by v++ for new launch 
timestamp: 11 Mar 2024 21:25:46
------------------------------------------
V++ internal step: writing a config file for vitis_hls: W:/vitis_workspace/ip24/att4/hls_component/hls_component/hls/config.cmdline
timestamp: 11 Mar 2024 21:25:46
V++ internal step status: success
------------------------------------------
V++ internal step: running vitis_hls
timestamp: 11 Mar 2024 21:25:46
working dir: W:/vitis_workspace/ip24/att4/hls_component
cmd: vitis_hls -nolog -run csynth -work_dir W:/vitis_workspace/ip24/att4/hls_component/hls_component -config W:/vitis_workspace/ip24/att4/hls_component/hls_config.cfg -cmdlineconfig W:/vitis_workspace/ip24/att4/hls_component/hls_component/hls/config.cmdline
V++ internal step status: fail

------------------------------------------
V++ command line :
------------------------------------------
C:/Xilinx/Vitis/2023.2/bin/unwrapped/win64.o/v++.exe -c --mode hls --config W:\vitis_workspace\ip24\att4\hls_component\hls_config.cfg --work_dir hls_component 
  Options from -O    : 
  Options from *.ini : 
  Options from Hw Platform : 

==========================================
new:  steps log generated by v++ for new launch 
timestamp: 11 Mar 2024 21:32:44
------------------------------------------
V++ internal step: writing a config file for vitis_hls: W:/vitis_workspace/ip24/att4/hls_component/hls_component/hls/config.cmdline
timestamp: 11 Mar 2024 21:32:44
V++ internal step status: success
------------------------------------------
V++ internal step: running vitis_hls
timestamp: 11 Mar 2024 21:32:44
working dir: W:/vitis_workspace/ip24/att4/hls_component
cmd: vitis_hls -nolog -run csynth -work_dir W:/vitis_workspace/ip24/att4/hls_component/hls_component -config W:/vitis_workspace/ip24/att4/hls_component/hls_config.cfg -cmdlineconfig W:/vitis_workspace/ip24/att4/hls_component/hls_component/hls/config.cmdline
V++ internal step status: fail

------------------------------------------
V++ command line :
------------------------------------------
C:/Xilinx/Vitis/2023.2/bin/unwrapped/win64.o/v++.exe -c --mode hls --config W:\vitis_workspace\ip24\att4\hls_component\hls_config.cfg --work_dir hls_component 
  Options from -O    : 
  Options from *.ini : 
  Options from Hw Platform : 

==========================================
new:  steps log generated by v++ for new launch 
timestamp: 11 Mar 2024 21:43:30
------------------------------------------
V++ internal step: writing a config file for vitis_hls: W:/vitis_workspace/ip24/att4/hls_component/hls_component/hls/config.cmdline
timestamp: 11 Mar 2024 21:43:30
V++ internal step status: success
------------------------------------------
V++ internal step: running vitis_hls
timestamp: 11 Mar 2024 21:43:30
working dir: W:/vitis_workspace/ip24/att4/hls_component
cmd: vitis_hls -nolog -run csynth -work_dir W:/vitis_workspace/ip24/att4/hls_component/hls_component -config W:/vitis_workspace/ip24/att4/hls_component/hls_config.cfg -cmdlineconfig W:/vitis_workspace/ip24/att4/hls_component/hls_component/hls/config.cmdline
V++ internal step status: fail

------------------------------------------
V++ command line :
------------------------------------------
C:/Xilinx/Vitis/2023.2/bin/unwrapped/win64.o/v++.exe -c --mode hls --config W:\vitis_workspace\ip24\att4\hls_component\hls_config.cfg --work_dir hls_component 
  Options from -O    : 
  Options from *.ini : 
  Options from Hw Platform : 

==========================================
new:  steps log generated by v++ for new launch 
timestamp: 11 Mar 2024 22:09:34
------------------------------------------
V++ internal step: writing a config file for vitis_hls: W:/vitis_workspace/ip24/att4/hls_component/hls_component/hls/config.cmdline
timestamp: 11 Mar 2024 22:09:34
V++ internal step status: success
------------------------------------------
V++ internal step: running vitis_hls
timestamp: 11 Mar 2024 22:09:34
working dir: W:/vitis_workspace/ip24/att4/hls_component
cmd: vitis_hls -nolog -run csynth -work_dir W:/vitis_workspace/ip24/att4/hls_component/hls_component -config W:/vitis_workspace/ip24/att4/hls_component/hls_config.cfg -cmdlineconfig W:/vitis_workspace/ip24/att4/hls_component/hls_component/hls/config.cmdline
V++ internal step status: fail

------------------------------------------
V++ command line :
------------------------------------------
C:/Xilinx/Vitis/2023.2/bin/unwrapped/win64.o/v++.exe -c --mode hls --config W:\vitis_workspace\ip24\att4\hls_component\hls_config.cfg --work_dir hls_component 
  Options from -O    : 
  Options from *.ini : 
  Options from Hw Platform : 

==========================================
new:  steps log generated by v++ for new launch 
timestamp: 11 Mar 2024 23:25:21
------------------------------------------
V++ internal step: writing a config file for vitis_hls: W:/vitis_workspace/ip24/att4/hls_component/hls_component/hls/config.cmdline
timestamp: 11 Mar 2024 23:25:21
V++ internal step status: success
------------------------------------------
V++ internal step: running vitis_hls
timestamp: 11 Mar 2024 23:25:21
working dir: W:/vitis_workspace/ip24/att4/hls_component
cmd: vitis_hls -nolog -run csynth -work_dir W:/vitis_workspace/ip24/att4/hls_component/hls_component -config W:/vitis_workspace/ip24/att4/hls_component/hls_config.cfg -cmdlineconfig W:/vitis_workspace/ip24/att4/hls_component/hls_component/hls/config.cmdline
V++ internal step status: fail

------------------------------------------
V++ command line :
------------------------------------------
C:/Xilinx/Vitis/2023.2/bin/unwrapped/win64.o/v++.exe -c --mode hls --config W:\vitis_workspace\ip24\att4\hls_component\hls_config.cfg --work_dir hls_component 
  Options from -O    : 
  Options from *.ini : 
  Options from Hw Platform : 

==========================================
new:  steps log generated by v++ for new launch 
timestamp: 11 Mar 2024 23:36:52
------------------------------------------
V++ internal step: writing a config file for vitis_hls: W:/vitis_workspace/ip24/att4/hls_component/hls_component/hls/config.cmdline
timestamp: 11 Mar 2024 23:36:52
V++ internal step status: success
------------------------------------------
V++ internal step: running vitis_hls
timestamp: 11 Mar 2024 23:36:52
working dir: W:/vitis_workspace/ip24/att4/hls_component
cmd: vitis_hls -nolog -run csynth -work_dir W:/vitis_workspace/ip24/att4/hls_component/hls_component -config W:/vitis_workspace/ip24/att4/hls_component/hls_config.cfg -cmdlineconfig W:/vitis_workspace/ip24/att4/hls_component/hls_component/hls/config.cmdline

------------------------------------------
V++ command line :
------------------------------------------
C:/Xilinx/Vitis/2023.2/bin/unwrapped/win64.o/v++.exe -c --mode hls --config W:\vitis_workspace\ip24\att4\hls_component\hls_config.cfg --work_dir hls_component 
  Options from -O    : 
  Options from *.ini : 
  Options from Hw Platform : 

==========================================
new:  steps log generated by v++ for new launch 
timestamp: 11 Mar 2024 23:37:34
------------------------------------------
V++ internal step: writing a config file for vitis_hls: W:/vitis_workspace/ip24/att4/hls_component/hls_component/hls/config.cmdline
timestamp: 11 Mar 2024 23:37:34
V++ internal step status: success
------------------------------------------
V++ internal step: running vitis_hls
timestamp: 11 Mar 2024 23:37:34
working dir: W:/vitis_workspace/ip24/att4/hls_component
cmd: vitis_hls -nolog -run csynth -work_dir W:/vitis_workspace/ip24/att4/hls_component/hls_component -config W:/vitis_workspace/ip24/att4/hls_component/hls_config.cfg -cmdlineconfig W:/vitis_workspace/ip24/att4/hls_component/hls_component/hls/config.cmdline
V++ internal step status: fail

------------------------------------------
V++ command line :
------------------------------------------
C:/Xilinx/Vitis/2023.2/bin/unwrapped/win64.o/v++.exe -c --mode hls --config W:\vitis_workspace\ip24\att4\hls_component\hls_config.cfg --work_dir hls_component 
  Options from -O    : 
  Options from *.ini : 
  Options from Hw Platform : 

==========================================
new:  steps log generated by v++ for new launch 
timestamp: 11 Mar 2024 23:38:12
------------------------------------------
V++ internal step: writing a config file for vitis_hls: W:/vitis_workspace/ip24/att4/hls_component/hls_component/hls/config.cmdline
timestamp: 11 Mar 2024 23:38:12
V++ internal step status: success
------------------------------------------
V++ internal step: running vitis_hls
timestamp: 11 Mar 2024 23:38:12
working dir: W:/vitis_workspace/ip24/att4/hls_component
cmd: vitis_hls -nolog -run csynth -work_dir W:/vitis_workspace/ip24/att4/hls_component/hls_component -config W:/vitis_workspace/ip24/att4/hls_component/hls_config.cfg -cmdlineconfig W:/vitis_workspace/ip24/att4/hls_component/hls_component/hls/config.cmdline
V++ internal step status: fail

------------------------------------------
V++ command line :
------------------------------------------
C:/Xilinx/Vitis/2023.2/bin/unwrapped/win64.o/v++.exe -c --mode hls --config W:\vitis_workspace\ip24\att4\hls_component\hls_config.cfg --work_dir hls_component 
  Options from -O    : 
  Options from *.ini : 
  Options from Hw Platform : 

==========================================
new:  steps log generated by v++ for new launch 
timestamp: 11 Mar 2024 23:38:37
------------------------------------------
V++ internal step: writing a config file for vitis_hls: W:/vitis_workspace/ip24/att4/hls_component/hls_component/hls/config.cmdline
timestamp: 11 Mar 2024 23:38:37
V++ internal step status: success
------------------------------------------
V++ internal step: running vitis_hls
timestamp: 11 Mar 2024 23:38:37
working dir: W:/vitis_workspace/ip24/att4/hls_component
cmd: vitis_hls -nolog -run csynth -work_dir W:/vitis_workspace/ip24/att4/hls_component/hls_component -config W:/vitis_workspace/ip24/att4/hls_component/hls_config.cfg -cmdlineconfig W:/vitis_workspace/ip24/att4/hls_component/hls_component/hls/config.cmdline
V++ internal step status: success

------------------------------------------
VITIS-RUN command line :
------------------------------------------
C:/Xilinx/Vitis/2023.2/bin/unwrapped/win64.o/vitis-run.exe --mode hls --package --config W:\vitis_workspace\ip24\att4\hls_component\hls_config.cfg --work_dir hls_component 
  Options from -O    : 
  Options from *.ini : 
  Options from Hw Platform : 

==========================================
new:  steps log generated by v++ for new launch 
timestamp: 11 Mar 2024 23:39:54
------------------------------------------
VITIS-RUN internal step: writing a config file for vitis_hls: W:/vitis_workspace/ip24/att4/hls_component/hls_component/hls/config.cmdline
timestamp: 11 Mar 2024 23:39:54
VITIS-RUN internal step status: success
------------------------------------------
VITIS-RUN internal step: running vitis_hls
timestamp: 11 Mar 2024 23:39:54
working dir: W:/vitis_workspace/ip24/att4/hls_component
cmd: vitis_hls -nolog -run package -work_dir W:/vitis_workspace/ip24/att4/hls_component/hls_component -config W:/vitis_workspace/ip24/att4/hls_component/hls_config.cfg -cmdlineconfig W:/vitis_workspace/ip24/att4/hls_component/hls_component/hls/config.cmdline
VITIS-RUN internal step status: success

------------------------------------------
VITIS-RUN command line :
------------------------------------------
C:/Xilinx/Vitis/2023.2/bin/unwrapped/win64.o/vitis-run.exe --mode hls --package --config W:\vitis_workspace\ip24\att4\hls_component\hls_config.cfg --work_dir hls_component 
  Options from -O    : 
  Options from *.ini : 
  Options from Hw Platform : 

==========================================
new:  steps log generated by v++ for new launch 
timestamp: 13 Mar 2024 03:16:44
------------------------------------------
VITIS-RUN internal step: writing a config file for vitis_hls: W:/vitis_workspace/ip24/att4/hls_component/hls_component/hls/config.cmdline
timestamp: 13 Mar 2024 03:16:44
VITIS-RUN internal step status: success
------------------------------------------
VITIS-RUN internal step: running vitis_hls
timestamp: 13 Mar 2024 03:16:44
working dir: W:/vitis_workspace/ip24/att4/hls_component
cmd: vitis_hls -nolog -run package -work_dir W:/vitis_workspace/ip24/att4/hls_component/hls_component -config W:/vitis_workspace/ip24/att4/hls_component/hls_config.cfg -cmdlineconfig W:/vitis_workspace/ip24/att4/hls_component/hls_component/hls/config.cmdline
VITIS-RUN internal step status: success

------------------------------------------
V++ command line :
------------------------------------------
C:/Xilinx/Vitis/2023.2/bin/unwrapped/win64.o/v++.exe -c --mode hls --config W:\vitis_workspace\ip24\att4\hls_component\hls_config.cfg --work_dir hls_component 
  Options from -O    : 
  Options from *.ini : 
  Options from Hw Platform : 

==========================================
new:  steps log generated by v++ for new launch 
timestamp: 20 Mar 2024 05:07:47
------------------------------------------
V++ internal step: writing a config file for vitis_hls: W:/vitis_workspace/ip24/att4/hls_component/hls_component/hls/config.cmdline
timestamp: 20 Mar 2024 05:07:47
V++ internal step status: success
------------------------------------------
V++ internal step: running vitis_hls
timestamp: 20 Mar 2024 05:07:47
working dir: W:/vitis_workspace/ip24/att4/hls_component
cmd: vitis_hls -nolog -run csynth -work_dir W:/vitis_workspace/ip24/att4/hls_component/hls_component -config W:/vitis_workspace/ip24/att4/hls_component/hls_config.cfg -cmdlineconfig W:/vitis_workspace/ip24/att4/hls_component/hls_component/hls/config.cmdline
V++ internal step status: fail

------------------------------------------
V++ command line :
------------------------------------------
C:/Xilinx/Vitis/2023.2/bin/unwrapped/win64.o/v++.exe -c --mode hls --config W:\vitis_workspace\ip24\att4\hls_component\hls_config.cfg --work_dir hls_component 
  Options from -O    : 
  Options from *.ini : 
  Options from Hw Platform : 

==========================================
new:  steps log generated by v++ for new launch 
timestamp: 20 Mar 2024 05:11:12
------------------------------------------
V++ internal step: writing a config file for vitis_hls: W:/vitis_workspace/ip24/att4/hls_component/hls_component/hls/config.cmdline
timestamp: 20 Mar 2024 05:11:12
V++ internal step status: success
------------------------------------------
V++ internal step: running vitis_hls
timestamp: 20 Mar 2024 05:11:12
working dir: W:/vitis_workspace/ip24/att4/hls_component
cmd: vitis_hls -nolog -run csynth -work_dir W:/vitis_workspace/ip24/att4/hls_component/hls_component -config W:/vitis_workspace/ip24/att4/hls_component/hls_config.cfg -cmdlineconfig W:/vitis_workspace/ip24/att4/hls_component/hls_component/hls/config.cmdline
V++ internal step status: success

------------------------------------------
VITIS-RUN command line :
------------------------------------------
C:/Xilinx/Vitis/2023.2/bin/unwrapped/win64.o/vitis-run.exe --mode hls --package --config W:\vitis_workspace\ip24\att4\hls_component\hls_config.cfg --work_dir hls_component 
  Options from -O    : 
  Options from *.ini : 
  Options from Hw Platform : 

==========================================
new:  steps log generated by v++ for new launch 
timestamp: 20 Mar 2024 05:13:44
------------------------------------------
VITIS-RUN internal step: writing a config file for vitis_hls: W:/vitis_workspace/ip24/att4/hls_component/hls_component/hls/config.cmdline
timestamp: 20 Mar 2024 05:13:44
VITIS-RUN internal step status: success
------------------------------------------
VITIS-RUN internal step: running vitis_hls
timestamp: 20 Mar 2024 05:13:44
working dir: W:/vitis_workspace/ip24/att4/hls_component
cmd: vitis_hls -nolog -run package -work_dir W:/vitis_workspace/ip24/att4/hls_component/hls_component -config W:/vitis_workspace/ip24/att4/hls_component/hls_config.cfg -cmdlineconfig W:/vitis_workspace/ip24/att4/hls_component/hls_component/hls/config.cmdline
VITIS-RUN internal step status: success

------------------------------------------
VITIS-RUN command line :
------------------------------------------
C:/Xilinx/Vitis/2023.2/bin/unwrapped/win64.o/vitis-run.exe --mode hls --package --config W:\vitis_workspace\ip24\att4\hls_component\hls_config.cfg --work_dir hls_component 
  Options from -O    : 
  Options from *.ini : 
  Options from Hw Platform : 

==========================================
new:  steps log generated by v++ for new launch 
timestamp: 20 Mar 2024 05:48:23
------------------------------------------
VITIS-RUN internal step: writing a config file for vitis_hls: W:/vitis_workspace/ip24/att4/hls_component/hls_component/hls/config.cmdline
timestamp: 20 Mar 2024 05:48:23
VITIS-RUN internal step status: success
------------------------------------------
VITIS-RUN internal step: running vitis_hls
timestamp: 20 Mar 2024 05:48:23
working dir: W:/vitis_workspace/ip24/att4/hls_component
cmd: vitis_hls -nolog -run package -work_dir W:/vitis_workspace/ip24/att4/hls_component/hls_component -config W:/vitis_workspace/ip24/att4/hls_component/hls_config.cfg -cmdlineconfig W:/vitis_workspace/ip24/att4/hls_component/hls_component/hls/config.cmdline
VITIS-RUN internal step status: success

------------------------------------------
VITIS-RUN command line :
------------------------------------------
C:/Xilinx/Vitis/2023.2/bin/unwrapped/win64.o/vitis-run.exe --mode hls --package --config W:\vitis_workspace\ip24\att4\hls_component\hls_config.cfg --work_dir hls_component 
  Options from -O    : 
  Options from *.ini : 
  Options from Hw Platform : 

==========================================
new:  steps log generated by v++ for new launch 
timestamp: 20 Mar 2024 06:27:05
------------------------------------------
VITIS-RUN internal step: writing a config file for vitis_hls: W:/vitis_workspace/ip24/att4/hls_component/hls_component/hls/config.cmdline
timestamp: 20 Mar 2024 06:27:05
VITIS-RUN internal step status: success
------------------------------------------
VITIS-RUN internal step: running vitis_hls
timestamp: 20 Mar 2024 06:27:05
working dir: W:/vitis_workspace/ip24/att4/hls_component
cmd: vitis_hls -nolog -run package -work_dir W:/vitis_workspace/ip24/att4/hls_component/hls_component -config W:/vitis_workspace/ip24/att4/hls_component/hls_config.cfg -cmdlineconfig W:/vitis_workspace/ip24/att4/hls_component/hls_component/hls/config.cmdline
VITIS-RUN internal step status: success

------------------------------------------
VITIS-RUN command line :
------------------------------------------
C:/Xilinx/Vitis/2023.2/bin/unwrapped/win64.o/vitis-run.exe --mode hls --package --config W:\vitis_workspace\ip24\att4\hls_component\hls_config.cfg --work_dir hls_component 
  Options from -O    : 
  Options from *.ini : 
  Options from Hw Platform : 

==========================================
new:  steps log generated by v++ for new launch 
timestamp: 20 Mar 2024 06:48:50
------------------------------------------
VITIS-RUN internal step: writing a config file for vitis_hls: W:/vitis_workspace/ip24/att4/hls_component/hls_component/hls/config.cmdline
timestamp: 20 Mar 2024 06:48:50
VITIS-RUN internal step status: success
------------------------------------------
VITIS-RUN internal step: running vitis_hls
timestamp: 20 Mar 2024 06:48:50
working dir: W:/vitis_workspace/ip24/att4/hls_component
cmd: vitis_hls -nolog -run package -work_dir W:/vitis_workspace/ip24/att4/hls_component/hls_component -config W:/vitis_workspace/ip24/att4/hls_component/hls_config.cfg -cmdlineconfig W:/vitis_workspace/ip24/att4/hls_component/hls_component/hls/config.cmdline
VITIS-RUN internal step status: success
