

================================================================
== Vitis HLS Report for 'AxiStream2MatStream_2_Pipeline_MMIterInLoopRow'
================================================================
* Date:           Wed Mar 20 05:12:14 2024

* Version:        2023.2 (Build 4023990 on Oct 11 2023)
* Project:        hls_component
* Solution:       hls (Vivado IP Flow Target)
* Product family: zynq
* Target device:  xc7z020-clg400-1


================================================================
== Performance Estimates
================================================================
+ Timing: 
    * Summary: 
    +--------+----------+----------+------------+
    |  Clock |  Target  | Estimated| Uncertainty|
    +--------+----------+----------+------------+
    |ap_clk  |  10.00 ns|  7.018 ns|     2.70 ns|
    +--------+----------+----------+------------+

+ Latency: 
    * Summary: 
    +---------+---------+-----------+-----------+-----+---------+---------+
    |  Latency (cycles) |   Latency (absolute)  |    Interval   | Pipeline|
    |   min   |   max   |    min    |    max    | min |   max   |   Type  |
    +---------+---------+-----------+-----------+-----+---------+---------+
    |        6|  2073605|  60.000 ns|  20.736 ms|    6|  2073605|       no|
    +---------+---------+-----------+-----------+-----+---------+---------+

    + Detail: 
        * Instance: 
        N/A

        * Loop: 
        +-------------------+---------+---------+----------+-----------+-----------+-------------+----------+
        |                   |  Latency (cycles) | Iteration|  Initiation Interval  |     Trip    |          |
        |     Loop Name     |   min   |   max   |  Latency |  achieved |   target  |    Count    | Pipelined|
        +-------------------+---------+---------+----------+-----------+-----------+-------------+----------+
        |- MMIterInLoopRow  |        4|  2073603|         5|          1|          1|  1 ~ 2073600|       yes|
        +-------------------+---------+---------+----------+-----------+-----------+-------------+----------+



================================================================
== Utilization Estimates
================================================================
* Summary: 
+-----------------+---------+-----+--------+-------+-----+
|       Name      | BRAM_18K| DSP |   FF   |  LUT  | URAM|
+-----------------+---------+-----+--------+-------+-----+
|DSP              |        -|    -|       -|      -|    -|
|Expression       |        -|    -|       0|  12788|    -|
|FIFO             |        -|    -|       -|      -|    -|
|Instance         |        -|    -|       -|      -|    -|
|Memory           |        -|    -|       -|      -|    -|
|Multiplexer      |        -|    -|       -|    104|    -|
|Register         |        -|    -|    2709|    128|    -|
+-----------------+---------+-----+--------+-------+-----+
|Total            |        0|    0|    2709|  13020|    0|
+-----------------+---------+-----+--------+-------+-----+
|Available        |      280|  220|  106400|  53200|    0|
+-----------------+---------+-----+--------+-------+-----+
|Utilization (%)  |        0|    0|       2|     24|    0|
+-----------------+---------+-----+--------+-------+-----+

+ Detail: 
    * Instance: 
    N/A

    * DSP: 
    N/A

    * Memory: 
    N/A

    * FIFO: 
    N/A

    * Expression: 
    +----------------------------------+----------+----+---+------+------------+------------+
    |           Variable Name          | Operation| DSP| FF|  LUT | Bitwidth P0| Bitwidth P1|
    +----------------------------------+----------+----+---+------+------------+------------+
    |add_ln1054_fu_221_p2              |         +|   0|  0|    38|          31|           1|
    |add_ln1071_fu_371_p2              |         +|   0|  0|    14|           6|           2|
    |add_ln1074_fu_298_p2              |         +|   0|  0|    13|          10|           9|
    |add_ln1086_fu_237_p2              |         +|   0|  0|    39|          32|           1|
    |rem_2_fu_401_p2                   |         +|   0|  0|    39|          32|          32|
    |rem_3_fu_340_p2                   |         -|   0|  0|    39|          32|          32|
    |sub_ln1067_1_fu_553_p2            |         -|   0|  0|    13|           5|           5|
    |sub_ln1067_fu_365_p2              |         -|   0|  0|    14|           1|           9|
    |sub_ln1071_1_fu_593_p2            |         -|   0|  0|    13|           5|           5|
    |sub_ln1071_2_fu_494_p2            |         -|   0|  0|    13|           5|           5|
    |sub_ln1071_fu_385_p2              |         -|   0|  0|    14|           9|           9|
    |sub_ln1074_1_fu_320_p2            |         -|   0|  0|    39|          10|          32|
    |sub_ln1074_2_fu_425_p2            |         -|   0|  0|    14|           9|           9|
    |sub_ln1074_3_fu_434_p2            |         -|   0|  0|    14|           9|           9|
    |sub_ln1074_fu_314_p2              |         -|   0|  0|    39|          32|          32|
    |sub_ln1082_fu_685_p2              |         -|   0|  0|    13|           5|           5|
    |and_ln1067_fu_547_p2              |       and|   0|  0|    24|          24|          24|
    |and_ln1071_1_fu_655_p2            |       and|   0|  0|    24|          24|          24|
    |and_ln1071_2_fu_667_p2            |       and|   0|  0|    24|          24|          24|
    |and_ln1071_3_fu_673_p2            |       and|   0|  0|    24|          24|          24|
    |and_ln1071_fu_587_p2              |       and|   0|  0|    24|          24|          24|
    |ap_block_state4_pp0_stage0_iter3  |       and|   0|  0|     2|           1|           1|
    |ap_block_state6_pp0_stage0_iter5  |       and|   0|  0|     2|           1|           1|
    |ap_condition_682                  |       and|   0|  0|     2|           1|           1|
    |ap_condition_685                  |       and|   0|  0|     2|           1|           1|
    |ap_condition_688                  |       and|   0|  0|     2|           1|           1|
    |ap_predicate_op89_read_state4     |       and|   0|  0|     2|           1|           1|
    |imgInput0_data_din                |       and|   0|  0|    24|          24|          24|
    |localbuffer_5_fu_530_p2           |       and|   0|  0|    24|          24|          24|
    |localbuffer_fu_568_p2             |       and|   0|  0|    24|          24|          24|
    |bLast_width_fu_227_p2             |      icmp|   0|  0|    39|          32|          32|
    |icmp_ln1054_fu_216_p2             |      icmp|   0|  0|    39|          32|          32|
    |icmp_ln1065_fu_292_p2             |      icmp|   0|  0|    39|          32|          32|
    |icmp_ln1066_fu_351_p2             |      icmp|   0|  0|    39|          32|           1|
    |icmp_ln1071_fu_391_p2             |      icmp|   0|  0|    39|          32|          32|
    |icmp_ln1074_fu_326_p2             |      icmp|   0|  0|    39|          32|          32|
    |icmp_ln1084_fu_232_p2             |      icmp|   0|  0|    39|          32|          32|
    |lshr_ln1067_1_fu_538_p2           |      lshr|   0|  0|  2171|           2|         512|
    |lshr_ln1067_2_fu_562_p2           |      lshr|   0|  0|    67|           2|          24|
    |lshr_ln1067_fu_468_p2             |      lshr|   0|  0|  2171|         512|         512|
    |lshr_ln1071_1_fu_649_p2           |      lshr|   0|  0|    67|           2|          24|
    |lshr_ln1071_fu_483_p2             |      lshr|   0|  0|  2171|           2|         512|
    |lshr_ln1074_1_fu_520_p2           |      lshr|   0|  0|  2171|           2|         512|
    |lshr_ln1074_fu_455_p2             |      lshr|   0|  0|  2171|         512|         512|
    |lshr_ln1082_fu_694_p2             |      lshr|   0|  0|    67|           2|          24|
    |ap_block_pp0_stage0_01001         |        or|   0|  0|     2|           1|           1|
    |localbuffer_4_fu_679_p2           |        or|   0|  0|    24|          24|          24|
    |j_3_fu_243_p3                     |    select|   0|  0|    32|           1|           1|
    |localbuffer_3_fu_574_p3           |    select|   0|  0|    24|           1|           1|
    |ptr_width_minus_fu_282_p3         |    select|   0|  0|    10|           1|          10|
    |select_ln1059_fu_700_p3           |    select|   0|  0|    24|           1|          24|
    |select_ln1071_1_fu_598_p3         |    select|   0|  0|     5|           1|           5|
    |select_ln1071_2_fu_603_p3         |    select|   0|  0|     5|           1|           5|
    |select_ln1071_3_fu_636_p3         |    select|   0|  0|    24|           1|          24|
    |select_ln1071_fu_489_p3           |    select|   0|  0|     5|           1|           5|
    |select_ln1074_1_fu_505_p3         |    select|   0|  0|     9|           1|           9|
    |select_ln1074_2_fu_438_p3         |    select|   0|  0|   512|           1|         512|
    |select_ln1074_3_fu_445_p3         |    select|   0|  0|     9|           1|           9|
    |select_ln1074_fu_303_p3           |    select|   0|  0|    10|           1|          10|
    |xf_bits_per_clock_fu_264_p3       |    select|   0|  0|     5|           1|           4|
    |shl_ln1071_1_fu_643_p2            |       shl|   0|  0|    67|           2|          24|
    |shl_ln1071_fu_620_p2              |       shl|   0|  0|    67|          24|          24|
    |ap_enable_pp0                     |       xor|   0|  0|     2|           1|           2|
    |xor_ln1071_1_fu_661_p2            |       xor|   0|  0|    24|           2|          24|
    |xor_ln1071_fu_474_p2              |       xor|   0|  0|     9|           9|           2|
    |xor_ln1074_1_fu_510_p2            |       xor|   0|  0|     9|           9|           2|
    |xor_ln1074_fu_429_p2              |       xor|   0|  0|     9|           9|           2|
    +----------------------------------+----------+----+---+------+------------+------------+
    |Total                             |          |   0|  0| 12788|        1785|        3944|
    +----------------------------------+----------+----+---+------+------------+------------+

    * Multiplexer: 
    +--------------------------------------------+----+-----------+-----+-----------+
    |                    Name                    | LUT| Input Size| Bits| Total Bits|
    +--------------------------------------------+----+-----------+-----+-----------+
    |ap_done_int                                 |   9|          2|    1|          2|
    |ap_enable_reg_pp0_iter1                     |   9|          2|    1|          2|
    |ap_enable_reg_pp0_iter3                     |   9|          2|    1|          2|
    |ap_phi_mux_localbuffer_1_phi_fu_168_p4      |   9|          2|   24|         48|
    |ap_phi_reg_pp0_iter5_localbuffer_1_reg_165  |   9|          2|   24|         48|
    |i_fu_98                                     |   9|          2|   31|         62|
    |imgInput0_data_blk_n                        |   9|          2|    1|          2|
    |j_fu_102                                    |   9|          2|   32|         64|
    |ldata_blk_n                                 |   9|          2|    1|          2|
    |rem_fu_94                                   |  14|          3|   32|         96|
    |val_fu_106                                  |   9|          2|  512|       1024|
    +--------------------------------------------+----+-----------+-----+-----------+
    |Total                                       | 104|         23|  660|       1352|
    +--------------------------------------------+----+-----------+-----+-----------+

    * Register: 
    +-------------------------------------------------------+-----+----+-----+-----------+
    |                          Name                         |  FF | LUT| Bits| Const Bits|
    +-------------------------------------------------------+-----+----+-----+-----------+
    |ap_CS_fsm                                              |    1|   0|    1|          0|
    |ap_done_reg                                            |    1|   0|    1|          0|
    |ap_enable_reg_pp0_iter1                                |    1|   0|    1|          0|
    |ap_enable_reg_pp0_iter2                                |    1|   0|    1|          0|
    |ap_enable_reg_pp0_iter3                                |    1|   0|    1|          0|
    |ap_enable_reg_pp0_iter4                                |    1|   0|    1|          0|
    |ap_enable_reg_pp0_iter5                                |    1|   0|    1|          0|
    |ap_loop_exit_ready_pp0_iter2_reg                       |    1|   0|    1|          0|
    |ap_loop_exit_ready_pp0_iter3_reg                       |    1|   0|    1|          0|
    |ap_loop_exit_ready_pp0_iter4_reg                       |    1|   0|    1|          0|
    |ap_phi_reg_pp0_iter1_localbuffer_1_reg_165             |   24|   0|   24|          0|
    |ap_phi_reg_pp0_iter2_localbuffer_1_reg_165             |   24|   0|   24|          0|
    |ap_phi_reg_pp0_iter3_localbuffer_1_reg_165             |   24|   0|   24|          0|
    |ap_phi_reg_pp0_iter4_localbuffer_1_reg_165             |   24|   0|   24|          0|
    |ap_phi_reg_pp0_iter5_localbuffer_1_reg_165             |   24|   0|   24|          0|
    |bLast_width_reg_781                                    |    1|   0|    1|          0|
    |i_fu_98                                                |   31|   0|   31|          0|
    |icmp_ln1054_reg_777                                    |    1|   0|    1|          0|
    |icmp_ln1065_reg_793                                    |    1|   0|    1|          0|
    |icmp_ln1066_reg_818                                    |    1|   0|    1|          0|
    |icmp_ln1066_reg_818_pp0_iter3_reg                      |    1|   0|    1|          0|
    |icmp_ln1071_reg_842                                    |    1|   0|    1|          0|
    |icmp_ln1071_reg_842_pp0_iter3_reg                      |    1|   0|    1|          0|
    |icmp_ln1074_reg_797                                    |    1|   0|    1|          0|
    |icmp_ln1074_reg_797_pp0_iter3_reg                      |    1|   0|    1|          0|
    |icmp_ln1084_reg_789                                    |    1|   0|    1|          0|
    |j_fu_102                                               |   32|   0|   32|          0|
    |last_blk_width_cast2_cast_cast_cast8_reg_772           |    5|   0|    5|          0|
    |last_blk_width_cast2_cast_cast_cast_cast_cast_reg_767  |    5|   0|   10|          5|
    |localbuffer_4_reg_901                                  |   24|   0|   24|          0|
    |lshr_ln1067_reg_876                                    |  512|   0|  512|          0|
    |lshr_ln1071_reg_886                                    |  512|   0|  512|          0|
    |lshr_ln1082_reg_906                                    |   24|   0|   24|          0|
    |rem_fu_94                                              |   32|   0|   32|          0|
    |sub_ln1067_reg_832                                     |    9|   0|    9|          0|
    |sub_ln1071_2_reg_891                                   |    5|   0|    5|          0|
    |sub_ln1071_reg_837                                     |    9|   0|    9|          0|
    |sub_ln1074_2_reg_856                                   |    9|   0|    9|          0|
    |sub_ln1074_3_reg_861                                   |    9|   0|    9|          0|
    |trunc_ln1067_1_reg_823                                 |    5|   0|    5|          0|
    |trunc_ln1067_1_reg_823_pp0_iter3_reg                   |    5|   0|    5|          0|
    |trunc_ln1071_1_reg_850                                 |    5|   0|    5|          0|
    |trunc_ln1071_1_reg_850_pp0_iter3_reg                   |    5|   0|    5|          0|
    |trunc_ln1074_1_reg_812                                 |    9|   0|    9|          0|
    |trunc_ln1074_2_reg_866                                 |   24|   0|   24|          0|
    |trunc_ln1074_reg_804                                   |    9|   0|    9|          0|
    |val_2_reg_881                                          |  512|   0|  512|          0|
    |val_fu_106                                             |  512|   0|  512|          0|
    |zext_ln1067_reg_871                                    |    9|   0|  512|        503|
    |bLast_width_reg_781                                    |   64|  32|    1|          0|
    |icmp_ln1054_reg_777                                    |   64|  32|    1|          0|
    |icmp_ln1065_reg_793                                    |   64|  32|    1|          0|
    |icmp_ln1084_reg_789                                    |   64|  32|    1|          0|
    +-------------------------------------------------------+-----+----+-----+-----------+
    |Total                                                  | 2709| 128| 2965|        508|
    +-------------------------------------------------------+-----+----+-----+-----------+



================================================================
== Interface
================================================================
* Summary: 
+-------------------------------------+-----+-----+------------+-------------------------------------------------+--------------+
|              RTL Ports              | Dir | Bits|  Protocol  |                  Source Object                  |    C Type    |
+-------------------------------------+-----+-----+------------+-------------------------------------------------+--------------+
|ap_clk                               |   in|    1|  ap_ctrl_hs|  AxiStream2MatStream<2>_Pipeline_MMIterInLoopRow|  return value|
|ap_rst                               |   in|    1|  ap_ctrl_hs|  AxiStream2MatStream<2>_Pipeline_MMIterInLoopRow|  return value|
|ap_start                             |   in|    1|  ap_ctrl_hs|  AxiStream2MatStream<2>_Pipeline_MMIterInLoopRow|  return value|
|ap_done                              |  out|    1|  ap_ctrl_hs|  AxiStream2MatStream<2>_Pipeline_MMIterInLoopRow|  return value|
|ap_idle                              |  out|    1|  ap_ctrl_hs|  AxiStream2MatStream<2>_Pipeline_MMIterInLoopRow|  return value|
|ap_ready                             |  out|    1|  ap_ctrl_hs|  AxiStream2MatStream<2>_Pipeline_MMIterInLoopRow|  return value|
|ldata_dout                           |   in|  512|     ap_fifo|                                            ldata|       pointer|
|ldata_num_data_valid                 |   in|    3|     ap_fifo|                                            ldata|       pointer|
|ldata_fifo_cap                       |   in|    3|     ap_fifo|                                            ldata|       pointer|
|ldata_empty_n                        |   in|    1|     ap_fifo|                                            ldata|       pointer|
|ldata_read                           |  out|    1|     ap_fifo|                                            ldata|       pointer|
|imgInput0_data_din                   |  out|   24|     ap_fifo|                                   imgInput0_data|       pointer|
|imgInput0_data_num_data_valid        |   in|    3|     ap_fifo|                                   imgInput0_data|       pointer|
|imgInput0_data_fifo_cap              |   in|    3|     ap_fifo|                                   imgInput0_data|       pointer|
|imgInput0_data_full_n                |   in|    1|     ap_fifo|                                   imgInput0_data|       pointer|
|imgInput0_data_write                 |  out|    1|     ap_fifo|                                   imgInput0_data|       pointer|
|bound                                |   in|   32|     ap_none|                                            bound|        scalar|
|last_blk_width_cast2_cast_cast       |   in|    4|     ap_none|                   last_blk_width_cast2_cast_cast|        scalar|
|cols_bound_per_npc_load              |   in|   32|     ap_none|                          cols_bound_per_npc_load|        scalar|
|sub                                  |   in|   32|     ap_none|                                              sub|        scalar|
|last_blk_width_load                  |   in|    4|     ap_none|                              last_blk_width_load|        scalar|
|sub3                                 |   in|   10|     ap_none|                                             sub3|        scalar|
|last_blk_width_cast2_cast_cast_cast  |   in|    4|     ap_none|              last_blk_width_cast2_cast_cast_cast|        scalar|
+-------------------------------------+-----+-----+------------+-------------------------------------------------+--------------+

