

================================================================
== Vitis HLS Report for 'MatStream2AxiStream_2_Pipeline_MMIterOutRow_MMIterOutCol'
================================================================
* Date:           Wed Mar 20 05:12:18 2024

* Version:        2023.2 (Build 4023990 on Oct 11 2023)
* Project:        hls_component
* Solution:       hls (Vivado IP Flow Target)
* Product family: zynq
* Target device:  xc7z020-clg400-1


================================================================
== Performance Estimates
================================================================
+ Timing: 
    * Summary: 
    +--------+----------+----------+------------+
    |  Clock |  Target  | Estimated| Uncertainty|
    +--------+----------+----------+------------+
    |ap_clk  |  10.00 ns|  7.022 ns|     2.70 ns|
    +--------+----------+----------+------------+

+ Latency: 
    * Summary: 
    +---------+---------+-----------+-----------+-----+---------+---------+
    |  Latency (cycles) |   Latency (absolute)  |    Interval   | Pipeline|
    |   min   |   max   |    min    |    max    | min |   max   |   Type  |
    +---------+---------+-----------+-----------+-----+---------+---------+
    |        5|  2073604|  50.000 ns|  20.736 ms|    5|  2073604|       no|
    +---------+---------+-----------+-----------+-----+---------+---------+

    + Detail: 
        * Instance: 
        N/A

        * Loop: 
        +-----------------------------+---------+---------+----------+-----------+-----------+-------------+----------+
        |                             |  Latency (cycles) | Iteration|  Initiation Interval  |     Trip    |          |
        |          Loop Name          |   min   |   max   |  Latency |  achieved |   target  |    Count    | Pipelined|
        +-----------------------------+---------+---------+----------+-----------+-----------+-------------+----------+
        |- MMIterOutRow_MMIterOutCol  |        3|  2073602|         4|          1|          1|  1 ~ 2073600|       yes|
        +-----------------------------+---------+---------+----------+-----------+-----------+-------------+----------+



================================================================
== Utilization Estimates
================================================================
* Summary: 
+-----------------+---------+-----+--------+-------+-----+
|       Name      | BRAM_18K| DSP |   FF   |  LUT  | URAM|
+-----------------+---------+-----+--------+-------+-----+
|DSP              |        -|    -|       -|      -|    -|
|Expression       |        -|    -|       0|   7842|    -|
|FIFO             |        -|    -|       -|      -|    -|
|Instance         |        -|    -|       -|      -|    -|
|Memory           |        -|    -|       -|      -|    -|
|Multiplexer      |        -|    -|       -|    118|    -|
|Register         |        -|    -|    1221|     32|    -|
+-----------------+---------+-----+--------+-------+-----+
|Total            |        0|    0|    1221|   7992|    0|
+-----------------+---------+-----+--------+-------+-----+
|Available        |      280|  220|  106400|  53200|    0|
+-----------------+---------+-----+--------+-------+-----+
|Utilization (%)  |        0|    0|       1|     15|    0|
+-----------------+---------+-----+--------+-------+-----+

+ Detail: 
    * Instance: 
    N/A

    * DSP: 
    N/A

    * Memory: 
    N/A

    * FIFO: 
    N/A

    * Expression: 
    +----------------------------------+----------+----+---+------+------------+------------+
    |           Variable Name          | Operation| DSP| FF|  LUT | Bitwidth P0| Bitwidth P1|
    +----------------------------------+----------+----+---+------+------------+------------+
    |add_ln1301_fu_205_p2              |         +|   0|  0|    39|          32|           1|
    |add_ln1306_fu_241_p2              |         +|   0|  0|    23|          16|           1|
    |filled_next_fu_292_p2             |         +|   0|  0|    13|          10|          10|
    |sub_ln1324_fu_271_p2              |         -|   0|  0|    12|          11|          10|
    |sub_ln1332_1_fu_341_p2            |         -|   0|  0|    14|           1|           9|
    |sub_ln1332_fu_319_p2              |         -|   0|  0|    12|          10|          11|
    |ap_block_state3_pp0_stage0_iter2  |       and|   0|  0|     2|           1|           1|
    |ap_block_state5_pp0_stage0_iter4  |       and|   0|  0|     2|           1|           1|
    |ap_condition_195                  |       and|   0|  0|     2|           1|           1|
    |ap_condition_400                  |       and|   0|  0|     2|           1|           1|
    |ap_condition_403                  |       and|   0|  0|     2|           1|           1|
    |ap_predicate_op43_read_state3     |       and|   0|  0|     2|           1|           1|
    |ap_predicate_op67_write_state5    |       and|   0|  0|     2|           1|           1|
    |bLast_fu_231_p2                   |      icmp|   0|  0|    39|          32|          32|
    |icmp_ln1301_fu_200_p2             |      icmp|   0|  0|    39|          32|          32|
    |icmp_ln1306_fu_214_p2             |      icmp|   0|  0|    23|          16|          16|
    |icmp_ln1315_fu_236_p2             |      icmp|   0|  0|    39|          32|          32|
    |icmp_ln1324_fu_277_p2             |      icmp|   0|  0|    13|          10|          10|
    |lshr_ln1332_fu_367_p2             |      lshr|   0|  0|  2171|         512|         512|
    |ap_block_pp0_stage0_01001         |        or|   0|  0|     2|           1|           1|
    |ldata_din                         |        or|   0|  0|   512|         512|         512|
    |localbuffer_2_fu_372_p3           |    select|   0|  0|   512|           1|         512|
    |select_ln1294_fu_219_p3           |    select|   0|  0|    16|           1|           1|
    |xf_bits_per_clock_fu_260_p3       |    select|   0|  0|     5|           1|           4|
    |shl_ln1332_fu_359_p2              |       shl|   0|  0|  2171|         512|         512|
    |tempval_fu_310_p2                 |       shl|   0|  0|  2171|         512|         512|
    |ap_enable_pp0                     |       xor|   0|  0|     2|           1|           2|
    +----------------------------------+----------+----+---+------+------------+------------+
    |Total                             |          |   0|  0|  7842|        2262|        2739|
    +----------------------------------+----------+----+---+------+------------+------------+

    * Multiplexer: 
    +----------------------------------------------+----+-----------+-----+-----------+
    |                     Name                     | LUT| Input Size| Bits| Total Bits|
    +----------------------------------------------+----+-----------+-----+-----------+
    |ap_done_int                                   |   9|          2|    1|          2|
    |ap_enable_reg_pp0_iter1                       |   9|          2|    1|          2|
    |ap_enable_reg_pp0_iter3                       |   9|          2|    1|          2|
    |ap_phi_mux_conv3_i12_i_i923_pn_phi_fu_160_p4  |  14|          3|   10|         30|
    |ap_phi_reg_pp0_iter2_val_1_reg_166            |   9|          2|    8|         16|
    |ap_phi_reg_pp0_iter3_val_1_reg_166            |   9|          2|    8|         16|
    |filled_fu_84                                  |   9|          2|   10|         20|
    |imgOutput0_data_blk_n                         |   9|          2|    1|          2|
    |indvar_flatten_fu_96                          |   9|          2|   32|         64|
    |j_fu_92                                       |   9|          2|   16|         32|
    |ldata_blk_n                                   |   9|          2|    1|          2|
    |localbuffer_fu_88                             |  14|          3|  512|       1536|
    +----------------------------------------------+----+-----------+-----+-----------+
    |Total                                         | 118|         26|  601|       1724|
    +----------------------------------------------+----+-----------+-----+-----------+

    * Register: 
    +------------------------------------+-----+----+-----+-----------+
    |                Name                |  FF | LUT| Bits| Const Bits|
    +------------------------------------+-----+----+-----+-----------+
    |ap_CS_fsm                           |    1|   0|    1|          0|
    |ap_done_reg                         |    1|   0|    1|          0|
    |ap_enable_reg_pp0_iter1             |    1|   0|    1|          0|
    |ap_enable_reg_pp0_iter2             |    1|   0|    1|          0|
    |ap_enable_reg_pp0_iter3             |    1|   0|    1|          0|
    |ap_enable_reg_pp0_iter4             |    1|   0|    1|          0|
    |ap_loop_exit_ready_pp0_iter2_reg    |    1|   0|    1|          0|
    |ap_loop_exit_ready_pp0_iter3_reg    |    1|   0|    1|          0|
    |ap_phi_reg_pp0_iter1_val_1_reg_166  |    8|   0|    8|          0|
    |ap_phi_reg_pp0_iter2_val_1_reg_166  |    8|   0|    8|          0|
    |ap_phi_reg_pp0_iter3_val_1_reg_166  |    8|   0|    8|          0|
    |bLast_reg_452                       |    1|   0|    1|          0|
    |filled_1_reg_461                    |   10|   0|   10|          0|
    |filled_fu_84                        |   10|   0|   10|          0|
    |icmp_ln1301_reg_448                 |    1|   0|    1|          0|
    |icmp_ln1315_reg_457                 |    1|   0|    1|          0|
    |icmp_ln1324_reg_473                 |    1|   0|    1|          0|
    |icmp_ln1324_reg_473_pp0_iter3_reg   |    1|   0|    1|          0|
    |indvar_flatten_fu_96                |   32|   0|   32|          0|
    |j_fu_92                             |   16|   0|   16|          0|
    |localbuffer_fu_88                   |  512|   0|  512|          0|
    |sub_ln1332_1_reg_498                |    9|   0|    9|          0|
    |tempval_reg_483                     |  512|   0|  512|          0|
    |tmp_1_reg_488                       |    1|   0|    1|          0|
    |trunc_ln1332_reg_493                |   10|   0|   10|          0|
    |zext_ln1314_reg_477                 |    8|   0|  512|        504|
    |icmp_ln1301_reg_448                 |   64|  32|    1|          0|
    +------------------------------------+-----+----+-----+-----------+
    |Total                               | 1221|  32| 1662|        504|
    +------------------------------------+-----+----+-----+-----------+



================================================================
== Interface
================================================================
* Summary: 
+--------------------------------+-----+-----+------------+-----------------------------------------------------------+--------------+
|            RTL Ports           | Dir | Bits|  Protocol  |                       Source Object                       |    C Type    |
+--------------------------------+-----+-----+------------+-----------------------------------------------------------+--------------+
|ap_clk                          |   in|    1|  ap_ctrl_hs|  MatStream2AxiStream<2>_Pipeline_MMIterOutRow_MMIterOutCol|  return value|
|ap_rst                          |   in|    1|  ap_ctrl_hs|  MatStream2AxiStream<2>_Pipeline_MMIterOutRow_MMIterOutCol|  return value|
|ap_start                        |   in|    1|  ap_ctrl_hs|  MatStream2AxiStream<2>_Pipeline_MMIterOutRow_MMIterOutCol|  return value|
|ap_done                         |  out|    1|  ap_ctrl_hs|  MatStream2AxiStream<2>_Pipeline_MMIterOutRow_MMIterOutCol|  return value|
|ap_idle                         |  out|    1|  ap_ctrl_hs|  MatStream2AxiStream<2>_Pipeline_MMIterOutRow_MMIterOutCol|  return value|
|ap_ready                        |  out|    1|  ap_ctrl_hs|  MatStream2AxiStream<2>_Pipeline_MMIterOutRow_MMIterOutCol|  return value|
|imgOutput0_data_dout            |   in|    8|     ap_fifo|                                            imgOutput0_data|       pointer|
|imgOutput0_data_num_data_valid  |   in|    3|     ap_fifo|                                            imgOutput0_data|       pointer|
|imgOutput0_data_fifo_cap        |   in|    3|     ap_fifo|                                            imgOutput0_data|       pointer|
|imgOutput0_data_empty_n         |   in|    1|     ap_fifo|                                            imgOutput0_data|       pointer|
|imgOutput0_data_read            |  out|    1|     ap_fifo|                                            imgOutput0_data|       pointer|
|ldata_din                       |  out|  512|     ap_fifo|                                                      ldata|       pointer|
|ldata_num_data_valid            |   in|    3|     ap_fifo|                                                      ldata|       pointer|
|ldata_fifo_cap                  |   in|    3|     ap_fifo|                                                      ldata|       pointer|
|ldata_full_n                    |   in|    1|     ap_fifo|                                                      ldata|       pointer|
|ldata_write                     |  out|    1|     ap_fifo|                                                      ldata|       pointer|
|bound                           |   in|   32|     ap_none|                                                      bound|        scalar|
|empty                           |   in|   16|     ap_none|                                                      empty|        scalar|
|sub                             |   in|   32|     ap_none|                                                        sub|        scalar|
|last_blk_width_load             |   in|    4|     ap_none|                                        last_blk_width_load|        scalar|
|cols_bound_per_npc_load         |   in|   32|     ap_none|                                    cols_bound_per_npc_load|        scalar|
|localbuffer_out                 |  out|  512|      ap_vld|                                            localbuffer_out|       pointer|
|localbuffer_out_ap_vld          |  out|    1|      ap_vld|                                            localbuffer_out|       pointer|
|filled_out                      |  out|   10|      ap_vld|                                                 filled_out|       pointer|
|filled_out_ap_vld               |  out|    1|      ap_vld|                                                 filled_out|       pointer|
+--------------------------------+-----+-----+------------+-----------------------------------------------------------+--------------+

