
*** Running vivado
    with args -log design_1_xbar_0.vds -m64 -product Vivado -mode batch -messageDb vivado.pb -notrace -source design_1_xbar_0.tcl


ECHO is off.
ECHO is off.

****** Vivado v2023.2 (64-bit)
  **** SW Build 4029153 on Fri Oct 13 20:14:34 MDT 2023
  **** IP Build 4028589 on Sat Oct 14 00:45:43 MDT 2023
  **** SharedData Build 4025554 on Tue Oct 10 17:18:54 MDT 2023
    ** Copyright 1986-2022 Xilinx, Inc. All Rights Reserved.
    ** Copyright 2022-2023 Advanced Micro Devices, Inc. All Rights Reserved.

source design_1_xbar_0.tcl -notrace
create_project: Time (s): cpu = 00:00:10 ; elapsed = 00:00:11 . Memory (MB): peak = 492.430 ; gain = 180.598
INFO: [IP_Flow 19-234] Refreshing IP repositories
INFO: [IP_Flow 19-1700] Loaded user IP repository 'w:/vitis_workspace/ip24/att4/hls_component/hls_component'.
INFO: [IP_Flow 19-2313] Loaded Vivado IP repository 'C:/Xilinx/Vivado/2023.2/data/ip'.
INFO: [IP_Flow 19-6924] IPCACHE: Running cache check for IP inst: design_1_xbar_0
Command: synth_design -top design_1_xbar_0 -part xc7z020clg400-1 -incremental_mode off -mode out_of_context
Starting synth_design
Attempting to get a license for feature 'Synthesis' and/or device 'xc7z020'
INFO: [Common 17-349] Got license for feature 'Synthesis' and/or device 'xc7z020'
INFO: [Device 21-403] Loading part xc7z020clg400-1
INFO: [Synth 8-7079] Multithreading enabled for synth_design using a maximum of 2 processes.
INFO: [Synth 8-7078] Launching helper process for spawning children vivado processes
INFO: [Synth 8-7075] Helper process launched with PID 8064
---------------------------------------------------------------------------------
Starting RTL Elaboration : Time (s): cpu = 00:00:16 ; elapsed = 00:00:18 . Memory (MB): peak = 1373.891 ; gain = 437.645
---------------------------------------------------------------------------------
INFO: [Synth 8-6157] synthesizing module 'design_1_xbar_0' [w:/vivado/cvtcolor-gray-8/cvtcolor-gray-8.gen/sources_1/bd/design_1/ip/design_1_xbar_0/synth/design_1_xbar_0.v:53]
INFO: [Synth 8-6157] synthesizing module 'axi_crossbar_v2_1_30_axi_crossbar' [w:/vivado/cvtcolor-gray-8/cvtcolor-gray-8.gen/sources_1/bd/design_1/ipshared/fb47/hdl/axi_crossbar_v2_1_vl_rfs.v:4871]
INFO: [Synth 8-6157] synthesizing module 'axi_crossbar_v2_1_30_crossbar' [w:/vivado/cvtcolor-gray-8/cvtcolor-gray-8.gen/sources_1/bd/design_1/ipshared/fb47/hdl/axi_crossbar_v2_1_vl_rfs.v:2232]
INFO: [Synth 8-6157] synthesizing module 'axi_crossbar_v2_1_30_si_transactor' [w:/vivado/cvtcolor-gray-8/cvtcolor-gray-8.gen/sources_1/bd/design_1/ipshared/fb47/hdl/axi_crossbar_v2_1_vl_rfs.v:3791]
INFO: [Synth 8-6157] synthesizing module 'axi_crossbar_v2_1_30_addr_decoder' [w:/vivado/cvtcolor-gray-8/cvtcolor-gray-8.gen/sources_1/bd/design_1/ipshared/fb47/hdl/axi_crossbar_v2_1_vl_rfs.v:790]
INFO: [Synth 8-6157] synthesizing module 'generic_baseblocks_v2_1_1_comparator_static' [w:/vivado/cvtcolor-gray-8/cvtcolor-gray-8.gen/sources_1/bd/design_1/ipshared/10ab/hdl/generic_baseblocks_v2_1_vl_rfs.v:2119]
INFO: [Synth 8-6157] synthesizing module 'generic_baseblocks_v2_1_1_carry_and' [w:/vivado/cvtcolor-gray-8/cvtcolor-gray-8.gen/sources_1/bd/design_1/ipshared/10ab/hdl/generic_baseblocks_v2_1_vl_rfs.v:60]
INFO: [Synth 8-6155] done synthesizing module 'generic_baseblocks_v2_1_1_carry_and' (0#1) [w:/vivado/cvtcolor-gray-8/cvtcolor-gray-8.gen/sources_1/bd/design_1/ipshared/10ab/hdl/generic_baseblocks_v2_1_vl_rfs.v:60]
INFO: [Synth 8-6155] done synthesizing module 'generic_baseblocks_v2_1_1_comparator_static' (0#1) [w:/vivado/cvtcolor-gray-8/cvtcolor-gray-8.gen/sources_1/bd/design_1/ipshared/10ab/hdl/generic_baseblocks_v2_1_vl_rfs.v:2119]
INFO: [Synth 8-6155] done synthesizing module 'axi_crossbar_v2_1_30_addr_decoder' (0#1) [w:/vivado/cvtcolor-gray-8/cvtcolor-gray-8.gen/sources_1/bd/design_1/ipshared/fb47/hdl/axi_crossbar_v2_1_vl_rfs.v:790]
INFO: [Synth 8-6157] synthesizing module 'axi_data_fifo_v2_1_28_axic_srl_fifo' [w:/vivado/cvtcolor-gray-8/cvtcolor-gray-8.gen/sources_1/bd/design_1/ipshared/279e/hdl/axi_data_fifo_v2_1_vl_rfs.v:694]
INFO: [Synth 8-6157] synthesizing module 'axi_data_fifo_v2_1_28_ndeep_srl' [w:/vivado/cvtcolor-gray-8/cvtcolor-gray-8.gen/sources_1/bd/design_1/ipshared/279e/hdl/axi_data_fifo_v2_1_vl_rfs.v:1129]
INFO: [Synth 8-6157] synthesizing module 'SRLC32E' [C:/Xilinx/Vivado/2023.2/scripts/rt/data/unisim_comp.v:133887]
INFO: [Synth 8-6155] done synthesizing module 'SRLC32E' (0#1) [C:/Xilinx/Vivado/2023.2/scripts/rt/data/unisim_comp.v:133887]
INFO: [Synth 8-6155] done synthesizing module 'axi_data_fifo_v2_1_28_ndeep_srl' (0#1) [w:/vivado/cvtcolor-gray-8/cvtcolor-gray-8.gen/sources_1/bd/design_1/ipshared/279e/hdl/axi_data_fifo_v2_1_vl_rfs.v:1129]
INFO: [Synth 8-6155] done synthesizing module 'axi_data_fifo_v2_1_28_axic_srl_fifo' (0#1) [w:/vivado/cvtcolor-gray-8/cvtcolor-gray-8.gen/sources_1/bd/design_1/ipshared/279e/hdl/axi_data_fifo_v2_1_vl_rfs.v:694]
INFO: [Synth 8-6157] synthesizing module 'axi_crossbar_v2_1_30_arbiter_resp' [w:/vivado/cvtcolor-gray-8/cvtcolor-gray-8.gen/sources_1/bd/design_1/ipshared/fb47/hdl/axi_crossbar_v2_1_vl_rfs.v:1020]
INFO: [Synth 8-6155] done synthesizing module 'axi_crossbar_v2_1_30_arbiter_resp' (0#1) [w:/vivado/cvtcolor-gray-8/cvtcolor-gray-8.gen/sources_1/bd/design_1/ipshared/fb47/hdl/axi_crossbar_v2_1_vl_rfs.v:1020]
INFO: [Synth 8-6157] synthesizing module 'generic_baseblocks_v2_1_1_mux_enc' [w:/vivado/cvtcolor-gray-8/cvtcolor-gray-8.gen/sources_1/bd/design_1/ipshared/10ab/hdl/generic_baseblocks_v2_1_vl_rfs.v:2436]
INFO: [Synth 8-6155] done synthesizing module 'generic_baseblocks_v2_1_1_mux_enc' (0#1) [w:/vivado/cvtcolor-gray-8/cvtcolor-gray-8.gen/sources_1/bd/design_1/ipshared/10ab/hdl/generic_baseblocks_v2_1_vl_rfs.v:2436]
INFO: [Synth 8-6155] done synthesizing module 'axi_crossbar_v2_1_30_si_transactor' (0#1) [w:/vivado/cvtcolor-gray-8/cvtcolor-gray-8.gen/sources_1/bd/design_1/ipshared/fb47/hdl/axi_crossbar_v2_1_vl_rfs.v:3791]
INFO: [Synth 8-6157] synthesizing module 'axi_crossbar_v2_1_30_si_transactor__parameterized0' [w:/vivado/cvtcolor-gray-8/cvtcolor-gray-8.gen/sources_1/bd/design_1/ipshared/fb47/hdl/axi_crossbar_v2_1_vl_rfs.v:3791]
INFO: [Synth 8-6157] synthesizing module 'generic_baseblocks_v2_1_1_mux_enc__parameterized0' [w:/vivado/cvtcolor-gray-8/cvtcolor-gray-8.gen/sources_1/bd/design_1/ipshared/10ab/hdl/generic_baseblocks_v2_1_vl_rfs.v:2436]
INFO: [Synth 8-6155] done synthesizing module 'generic_baseblocks_v2_1_1_mux_enc__parameterized0' (0#1) [w:/vivado/cvtcolor-gray-8/cvtcolor-gray-8.gen/sources_1/bd/design_1/ipshared/10ab/hdl/generic_baseblocks_v2_1_vl_rfs.v:2436]
INFO: [Synth 8-6155] done synthesizing module 'axi_crossbar_v2_1_30_si_transactor__parameterized0' (0#1) [w:/vivado/cvtcolor-gray-8/cvtcolor-gray-8.gen/sources_1/bd/design_1/ipshared/fb47/hdl/axi_crossbar_v2_1_vl_rfs.v:3791]
INFO: [Synth 8-6157] synthesizing module 'axi_crossbar_v2_1_30_splitter' [w:/vivado/cvtcolor-gray-8/cvtcolor-gray-8.gen/sources_1/bd/design_1/ipshared/fb47/hdl/axi_crossbar_v2_1_vl_rfs.v:4451]
INFO: [Synth 8-6155] done synthesizing module 'axi_crossbar_v2_1_30_splitter' (0#1) [w:/vivado/cvtcolor-gray-8/cvtcolor-gray-8.gen/sources_1/bd/design_1/ipshared/fb47/hdl/axi_crossbar_v2_1_vl_rfs.v:4451]
INFO: [Synth 8-6157] synthesizing module 'axi_crossbar_v2_1_30_wdata_router' [w:/vivado/cvtcolor-gray-8/cvtcolor-gray-8.gen/sources_1/bd/design_1/ipshared/fb47/hdl/axi_crossbar_v2_1_vl_rfs.v:4724]
INFO: [Synth 8-6157] synthesizing module 'axi_data_fifo_v2_1_28_axic_reg_srl_fifo' [w:/vivado/cvtcolor-gray-8/cvtcolor-gray-8.gen/sources_1/bd/design_1/ipshared/279e/hdl/axi_data_fifo_v2_1_vl_rfs.v:884]
INFO: [Synth 8-6157] synthesizing module 'axi_data_fifo_v2_1_28_ndeep_srl__parameterized0' [w:/vivado/cvtcolor-gray-8/cvtcolor-gray-8.gen/sources_1/bd/design_1/ipshared/279e/hdl/axi_data_fifo_v2_1_vl_rfs.v:1129]
INFO: [Synth 8-6155] done synthesizing module 'axi_data_fifo_v2_1_28_ndeep_srl__parameterized0' (0#1) [w:/vivado/cvtcolor-gray-8/cvtcolor-gray-8.gen/sources_1/bd/design_1/ipshared/279e/hdl/axi_data_fifo_v2_1_vl_rfs.v:1129]
INFO: [Synth 8-155] case statement is not full and has no default [w:/vivado/cvtcolor-gray-8/cvtcolor-gray-8.gen/sources_1/bd/design_1/ipshared/279e/hdl/axi_data_fifo_v2_1_vl_rfs.v:982]
INFO: [Synth 8-6155] done synthesizing module 'axi_data_fifo_v2_1_28_axic_reg_srl_fifo' (0#1) [w:/vivado/cvtcolor-gray-8/cvtcolor-gray-8.gen/sources_1/bd/design_1/ipshared/279e/hdl/axi_data_fifo_v2_1_vl_rfs.v:884]
INFO: [Synth 8-6155] done synthesizing module 'axi_crossbar_v2_1_30_wdata_router' (0#1) [w:/vivado/cvtcolor-gray-8/cvtcolor-gray-8.gen/sources_1/bd/design_1/ipshared/fb47/hdl/axi_crossbar_v2_1_vl_rfs.v:4724]
INFO: [Synth 8-6157] synthesizing module 'axi_crossbar_v2_1_30_addr_decoder__parameterized0' [w:/vivado/cvtcolor-gray-8/cvtcolor-gray-8.gen/sources_1/bd/design_1/ipshared/fb47/hdl/axi_crossbar_v2_1_vl_rfs.v:790]
INFO: [Synth 8-6155] done synthesizing module 'axi_crossbar_v2_1_30_addr_decoder__parameterized0' (0#1) [w:/vivado/cvtcolor-gray-8/cvtcolor-gray-8.gen/sources_1/bd/design_1/ipshared/fb47/hdl/axi_crossbar_v2_1_vl_rfs.v:790]
INFO: [Synth 8-6157] synthesizing module 'axi_crossbar_v2_1_30_addr_decoder__parameterized1' [w:/vivado/cvtcolor-gray-8/cvtcolor-gray-8.gen/sources_1/bd/design_1/ipshared/fb47/hdl/axi_crossbar_v2_1_vl_rfs.v:790]
INFO: [Synth 8-6155] done synthesizing module 'axi_crossbar_v2_1_30_addr_decoder__parameterized1' (0#1) [w:/vivado/cvtcolor-gray-8/cvtcolor-gray-8.gen/sources_1/bd/design_1/ipshared/fb47/hdl/axi_crossbar_v2_1_vl_rfs.v:790]
INFO: [Synth 8-6157] synthesizing module 'axi_data_fifo_v2_1_28_axic_srl_fifo__parameterized0' [w:/vivado/cvtcolor-gray-8/cvtcolor-gray-8.gen/sources_1/bd/design_1/ipshared/279e/hdl/axi_data_fifo_v2_1_vl_rfs.v:694]
INFO: [Synth 8-6155] done synthesizing module 'axi_data_fifo_v2_1_28_axic_srl_fifo__parameterized0' (0#1) [w:/vivado/cvtcolor-gray-8/cvtcolor-gray-8.gen/sources_1/bd/design_1/ipshared/279e/hdl/axi_data_fifo_v2_1_vl_rfs.v:694]
INFO: [Synth 8-6157] synthesizing module 'axi_crossbar_v2_1_30_wdata_mux' [w:/vivado/cvtcolor-gray-8/cvtcolor-gray-8.gen/sources_1/bd/design_1/ipshared/fb47/hdl/axi_crossbar_v2_1_vl_rfs.v:4550]
INFO: [Synth 8-6157] synthesizing module 'axi_data_fifo_v2_1_28_axic_reg_srl_fifo__parameterized0' [w:/vivado/cvtcolor-gray-8/cvtcolor-gray-8.gen/sources_1/bd/design_1/ipshared/279e/hdl/axi_data_fifo_v2_1_vl_rfs.v:884]
INFO: [Synth 8-155] case statement is not full and has no default [w:/vivado/cvtcolor-gray-8/cvtcolor-gray-8.gen/sources_1/bd/design_1/ipshared/279e/hdl/axi_data_fifo_v2_1_vl_rfs.v:982]
INFO: [Synth 8-6155] done synthesizing module 'axi_data_fifo_v2_1_28_axic_reg_srl_fifo__parameterized0' (0#1) [w:/vivado/cvtcolor-gray-8/cvtcolor-gray-8.gen/sources_1/bd/design_1/ipshared/279e/hdl/axi_data_fifo_v2_1_vl_rfs.v:884]
INFO: [Synth 8-6157] synthesizing module 'generic_baseblocks_v2_1_1_mux_enc__parameterized1' [w:/vivado/cvtcolor-gray-8/cvtcolor-gray-8.gen/sources_1/bd/design_1/ipshared/10ab/hdl/generic_baseblocks_v2_1_vl_rfs.v:2436]
INFO: [Synth 8-6155] done synthesizing module 'generic_baseblocks_v2_1_1_mux_enc__parameterized1' (0#1) [w:/vivado/cvtcolor-gray-8/cvtcolor-gray-8.gen/sources_1/bd/design_1/ipshared/10ab/hdl/generic_baseblocks_v2_1_vl_rfs.v:2436]
INFO: [Synth 8-6155] done synthesizing module 'axi_crossbar_v2_1_30_wdata_mux' (0#1) [w:/vivado/cvtcolor-gray-8/cvtcolor-gray-8.gen/sources_1/bd/design_1/ipshared/fb47/hdl/axi_crossbar_v2_1_vl_rfs.v:4550]
INFO: [Synth 8-6157] synthesizing module 'axi_register_slice_v2_1_29_axi_register_slice' [w:/vivado/cvtcolor-gray-8/cvtcolor-gray-8.gen/sources_1/bd/design_1/ipshared/ff9f/hdl/axi_register_slice_v2_1_vl_rfs.v:3718]
INFO: [Synth 8-6157] synthesizing module 'axi_infrastructure_v1_1_0_axi2vector' [w:/vivado/cvtcolor-gray-8/cvtcolor-gray-8.gen/sources_1/bd/design_1/ipshared/ec67/hdl/axi_infrastructure_v1_1_vl_rfs.v:59]
INFO: [Synth 8-6155] done synthesizing module 'axi_infrastructure_v1_1_0_axi2vector' (0#1) [w:/vivado/cvtcolor-gray-8/cvtcolor-gray-8.gen/sources_1/bd/design_1/ipshared/ec67/hdl/axi_infrastructure_v1_1_vl_rfs.v:59]
INFO: [Synth 8-6157] synthesizing module 'axi_infrastructure_v1_1_0_vector2axi' [w:/vivado/cvtcolor-gray-8/cvtcolor-gray-8.gen/sources_1/bd/design_1/ipshared/ec67/hdl/axi_infrastructure_v1_1_vl_rfs.v:473]
INFO: [Synth 8-6155] done synthesizing module 'axi_infrastructure_v1_1_0_vector2axi' (0#1) [w:/vivado/cvtcolor-gray-8/cvtcolor-gray-8.gen/sources_1/bd/design_1/ipshared/ec67/hdl/axi_infrastructure_v1_1_vl_rfs.v:473]
INFO: [Synth 8-6157] synthesizing module 'axi_register_slice_v2_1_29_axic_register_slice' [w:/vivado/cvtcolor-gray-8/cvtcolor-gray-8.gen/sources_1/bd/design_1/ipshared/ff9f/hdl/axi_register_slice_v2_1_vl_rfs.v:1492]
INFO: [Synth 8-6155] done synthesizing module 'axi_register_slice_v2_1_29_axic_register_slice' (0#1) [w:/vivado/cvtcolor-gray-8/cvtcolor-gray-8.gen/sources_1/bd/design_1/ipshared/ff9f/hdl/axi_register_slice_v2_1_vl_rfs.v:1492]
INFO: [Synth 8-6157] synthesizing module 'axi_register_slice_v2_1_29_axic_register_slice__parameterized0' [w:/vivado/cvtcolor-gray-8/cvtcolor-gray-8.gen/sources_1/bd/design_1/ipshared/ff9f/hdl/axi_register_slice_v2_1_vl_rfs.v:1492]
INFO: [Synth 8-6155] done synthesizing module 'axi_register_slice_v2_1_29_axic_register_slice__parameterized0' (0#1) [w:/vivado/cvtcolor-gray-8/cvtcolor-gray-8.gen/sources_1/bd/design_1/ipshared/ff9f/hdl/axi_register_slice_v2_1_vl_rfs.v:1492]
INFO: [Synth 8-6157] synthesizing module 'axi_register_slice_v2_1_29_axic_register_slice__parameterized1' [w:/vivado/cvtcolor-gray-8/cvtcolor-gray-8.gen/sources_1/bd/design_1/ipshared/ff9f/hdl/axi_register_slice_v2_1_vl_rfs.v:1492]
INFO: [Synth 8-6155] done synthesizing module 'axi_register_slice_v2_1_29_axic_register_slice__parameterized1' (0#1) [w:/vivado/cvtcolor-gray-8/cvtcolor-gray-8.gen/sources_1/bd/design_1/ipshared/ff9f/hdl/axi_register_slice_v2_1_vl_rfs.v:1492]
INFO: [Synth 8-6157] synthesizing module 'axi_register_slice_v2_1_29_axic_register_slice__parameterized2' [w:/vivado/cvtcolor-gray-8/cvtcolor-gray-8.gen/sources_1/bd/design_1/ipshared/ff9f/hdl/axi_register_slice_v2_1_vl_rfs.v:1492]
INFO: [Synth 8-6155] done synthesizing module 'axi_register_slice_v2_1_29_axic_register_slice__parameterized2' (0#1) [w:/vivado/cvtcolor-gray-8/cvtcolor-gray-8.gen/sources_1/bd/design_1/ipshared/ff9f/hdl/axi_register_slice_v2_1_vl_rfs.v:1492]
INFO: [Synth 8-6155] done synthesizing module 'axi_register_slice_v2_1_29_axi_register_slice' (0#1) [w:/vivado/cvtcolor-gray-8/cvtcolor-gray-8.gen/sources_1/bd/design_1/ipshared/ff9f/hdl/axi_register_slice_v2_1_vl_rfs.v:3718]
WARNING: [Synth 8-7071] port 'aclk2x' of module 'axi_register_slice_v2_1_29_axi_register_slice' is unconnected for instance 'reg_slice_mi' [w:/vivado/cvtcolor-gray-8/cvtcolor-gray-8.gen/sources_1/bd/design_1/ipshared/fb47/hdl/axi_crossbar_v2_1_vl_rfs.v:3116]
WARNING: [Synth 8-7023] instance 'reg_slice_mi' of module 'axi_register_slice_v2_1_29_axi_register_slice' has 93 connections declared, but only 92 given [w:/vivado/cvtcolor-gray-8/cvtcolor-gray-8.gen/sources_1/bd/design_1/ipshared/fb47/hdl/axi_crossbar_v2_1_vl_rfs.v:3116]
INFO: [Synth 8-6157] synthesizing module 'axi_crossbar_v2_1_30_addr_decoder__parameterized2' [w:/vivado/cvtcolor-gray-8/cvtcolor-gray-8.gen/sources_1/bd/design_1/ipshared/fb47/hdl/axi_crossbar_v2_1_vl_rfs.v:790]
INFO: [Synth 8-6155] done synthesizing module 'axi_crossbar_v2_1_30_addr_decoder__parameterized2' (0#1) [w:/vivado/cvtcolor-gray-8/cvtcolor-gray-8.gen/sources_1/bd/design_1/ipshared/fb47/hdl/axi_crossbar_v2_1_vl_rfs.v:790]
INFO: [Synth 8-6157] synthesizing module 'axi_data_fifo_v2_1_28_axic_srl_fifo__parameterized1' [w:/vivado/cvtcolor-gray-8/cvtcolor-gray-8.gen/sources_1/bd/design_1/ipshared/279e/hdl/axi_data_fifo_v2_1_vl_rfs.v:694]
INFO: [Synth 8-6157] synthesizing module 'axi_data_fifo_v2_1_28_ndeep_srl__parameterized1' [w:/vivado/cvtcolor-gray-8/cvtcolor-gray-8.gen/sources_1/bd/design_1/ipshared/279e/hdl/axi_data_fifo_v2_1_vl_rfs.v:1129]
INFO: [Synth 8-6155] done synthesizing module 'axi_data_fifo_v2_1_28_ndeep_srl__parameterized1' (0#1) [w:/vivado/cvtcolor-gray-8/cvtcolor-gray-8.gen/sources_1/bd/design_1/ipshared/279e/hdl/axi_data_fifo_v2_1_vl_rfs.v:1129]
INFO: [Synth 8-6155] done synthesizing module 'axi_data_fifo_v2_1_28_axic_srl_fifo__parameterized1' (0#1) [w:/vivado/cvtcolor-gray-8/cvtcolor-gray-8.gen/sources_1/bd/design_1/ipshared/279e/hdl/axi_data_fifo_v2_1_vl_rfs.v:694]
INFO: [Synth 8-6157] synthesizing module 'axi_crossbar_v2_1_30_wdata_mux__parameterized0' [w:/vivado/cvtcolor-gray-8/cvtcolor-gray-8.gen/sources_1/bd/design_1/ipshared/fb47/hdl/axi_crossbar_v2_1_vl_rfs.v:4550]
INFO: [Synth 8-6157] synthesizing module 'axi_data_fifo_v2_1_28_axic_reg_srl_fifo__parameterized1' [w:/vivado/cvtcolor-gray-8/cvtcolor-gray-8.gen/sources_1/bd/design_1/ipshared/279e/hdl/axi_data_fifo_v2_1_vl_rfs.v:884]
INFO: [Synth 8-155] case statement is not full and has no default [w:/vivado/cvtcolor-gray-8/cvtcolor-gray-8.gen/sources_1/bd/design_1/ipshared/279e/hdl/axi_data_fifo_v2_1_vl_rfs.v:982]
INFO: [Synth 8-6155] done synthesizing module 'axi_data_fifo_v2_1_28_axic_reg_srl_fifo__parameterized1' (0#1) [w:/vivado/cvtcolor-gray-8/cvtcolor-gray-8.gen/sources_1/bd/design_1/ipshared/279e/hdl/axi_data_fifo_v2_1_vl_rfs.v:884]
INFO: [Synth 8-6155] done synthesizing module 'axi_crossbar_v2_1_30_wdata_mux__parameterized0' (0#1) [w:/vivado/cvtcolor-gray-8/cvtcolor-gray-8.gen/sources_1/bd/design_1/ipshared/fb47/hdl/axi_crossbar_v2_1_vl_rfs.v:4550]
WARNING: [Synth 8-7071] port 'aclk2x' of module 'axi_register_slice_v2_1_29_axi_register_slice' is unconnected for instance 'reg_slice_mi' [w:/vivado/cvtcolor-gray-8/cvtcolor-gray-8.gen/sources_1/bd/design_1/ipshared/fb47/hdl/axi_crossbar_v2_1_vl_rfs.v:3116]
WARNING: [Synth 8-7023] instance 'reg_slice_mi' of module 'axi_register_slice_v2_1_29_axi_register_slice' has 93 connections declared, but only 92 given [w:/vivado/cvtcolor-gray-8/cvtcolor-gray-8.gen/sources_1/bd/design_1/ipshared/fb47/hdl/axi_crossbar_v2_1_vl_rfs.v:3116]
INFO: [Synth 8-6157] synthesizing module 'axi_crossbar_v2_1_30_decerr_slave' [w:/vivado/cvtcolor-gray-8/cvtcolor-gray-8.gen/sources_1/bd/design_1/ipshared/fb47/hdl/axi_crossbar_v2_1_vl_rfs.v:3493]
INFO: [Synth 8-155] case statement is not full and has no default [w:/vivado/cvtcolor-gray-8/cvtcolor-gray-8.gen/sources_1/bd/design_1/ipshared/fb47/hdl/axi_crossbar_v2_1_vl_rfs.v:3626]
INFO: [Synth 8-6155] done synthesizing module 'axi_crossbar_v2_1_30_decerr_slave' (0#1) [w:/vivado/cvtcolor-gray-8/cvtcolor-gray-8.gen/sources_1/bd/design_1/ipshared/fb47/hdl/axi_crossbar_v2_1_vl_rfs.v:3493]
INFO: [Synth 8-6157] synthesizing module 'axi_crossbar_v2_1_30_addr_arbiter' [w:/vivado/cvtcolor-gray-8/cvtcolor-gray-8.gen/sources_1/bd/design_1/ipshared/fb47/hdl/axi_crossbar_v2_1_vl_rfs.v:420]
INFO: [Synth 8-6157] synthesizing module 'generic_baseblocks_v2_1_1_mux_enc__parameterized2' [w:/vivado/cvtcolor-gray-8/cvtcolor-gray-8.gen/sources_1/bd/design_1/ipshared/10ab/hdl/generic_baseblocks_v2_1_vl_rfs.v:2436]
INFO: [Synth 8-6155] done synthesizing module 'generic_baseblocks_v2_1_1_mux_enc__parameterized2' (0#1) [w:/vivado/cvtcolor-gray-8/cvtcolor-gray-8.gen/sources_1/bd/design_1/ipshared/10ab/hdl/generic_baseblocks_v2_1_vl_rfs.v:2436]
INFO: [Synth 8-6157] synthesizing module 'generic_baseblocks_v2_1_1_mux_enc__parameterized3' [w:/vivado/cvtcolor-gray-8/cvtcolor-gray-8.gen/sources_1/bd/design_1/ipshared/10ab/hdl/generic_baseblocks_v2_1_vl_rfs.v:2436]
INFO: [Synth 8-6155] done synthesizing module 'generic_baseblocks_v2_1_1_mux_enc__parameterized3' (0#1) [w:/vivado/cvtcolor-gray-8/cvtcolor-gray-8.gen/sources_1/bd/design_1/ipshared/10ab/hdl/generic_baseblocks_v2_1_vl_rfs.v:2436]
INFO: [Synth 8-6155] done synthesizing module 'axi_crossbar_v2_1_30_addr_arbiter' (0#1) [w:/vivado/cvtcolor-gray-8/cvtcolor-gray-8.gen/sources_1/bd/design_1/ipshared/fb47/hdl/axi_crossbar_v2_1_vl_rfs.v:420]
INFO: [Synth 8-6155] done synthesizing module 'axi_crossbar_v2_1_30_crossbar' (0#1) [w:/vivado/cvtcolor-gray-8/cvtcolor-gray-8.gen/sources_1/bd/design_1/ipshared/fb47/hdl/axi_crossbar_v2_1_vl_rfs.v:2232]
INFO: [Synth 8-6155] done synthesizing module 'axi_crossbar_v2_1_30_axi_crossbar' (0#1) [w:/vivado/cvtcolor-gray-8/cvtcolor-gray-8.gen/sources_1/bd/design_1/ipshared/fb47/hdl/axi_crossbar_v2_1_vl_rfs.v:4871]
INFO: [Synth 8-6155] done synthesizing module 'design_1_xbar_0' (0#1) [w:/vivado/cvtcolor-gray-8/cvtcolor-gray-8.gen/sources_1/bd/design_1/ip/design_1_xbar_0/synth/design_1_xbar_0.v:53]
WARNING: [Synth 8-6014] Unused sequential element areset_d1_reg was removed.  [w:/vivado/cvtcolor-gray-8/cvtcolor-gray-8.gen/sources_1/bd/design_1/ipshared/279e/hdl/axi_data_fifo_v2_1_vl_rfs.v:747]
WARNING: [Synth 8-6014] Unused sequential element S_READY_i_reg was removed.  [w:/vivado/cvtcolor-gray-8/cvtcolor-gray-8.gen/sources_1/bd/design_1/ipshared/279e/hdl/axi_data_fifo_v2_1_vl_rfs.v:786]
WARNING: [Synth 8-6014] Unused sequential element gen_multi_thread.gen_thread_loop[0].gen_debug_r_multi_thread.debug_r_beat_cnt_i_reg was removed.  [w:/vivado/cvtcolor-gray-8/cvtcolor-gray-8.gen/sources_1/bd/design_1/ipshared/fb47/hdl/axi_crossbar_v2_1_vl_rfs.v:4338]
WARNING: [Synth 8-6014] Unused sequential element gen_multi_thread.gen_thread_loop[1].gen_debug_r_multi_thread.debug_r_beat_cnt_i_reg was removed.  [w:/vivado/cvtcolor-gray-8/cvtcolor-gray-8.gen/sources_1/bd/design_1/ipshared/fb47/hdl/axi_crossbar_v2_1_vl_rfs.v:4338]
WARNING: [Synth 8-6014] Unused sequential element gen_multi_thread.gen_thread_loop[0].gen_debug_r_multi_thread.debug_r_beat_cnt_i_reg was removed.  [w:/vivado/cvtcolor-gray-8/cvtcolor-gray-8.gen/sources_1/bd/design_1/ipshared/fb47/hdl/axi_crossbar_v2_1_vl_rfs.v:4338]
WARNING: [Synth 8-6014] Unused sequential element gen_multi_thread.gen_thread_loop[1].gen_debug_r_multi_thread.debug_r_beat_cnt_i_reg was removed.  [w:/vivado/cvtcolor-gray-8/cvtcolor-gray-8.gen/sources_1/bd/design_1/ipshared/fb47/hdl/axi_crossbar_v2_1_vl_rfs.v:4338]
WARNING: [Synth 8-6014] Unused sequential element areset_d1_reg was removed.  [w:/vivado/cvtcolor-gray-8/cvtcolor-gray-8.gen/sources_1/bd/design_1/ipshared/279e/hdl/axi_data_fifo_v2_1_vl_rfs.v:747]
WARNING: [Synth 8-6014] Unused sequential element S_READY_i_reg was removed.  [w:/vivado/cvtcolor-gray-8/cvtcolor-gray-8.gen/sources_1/bd/design_1/ipshared/279e/hdl/axi_data_fifo_v2_1_vl_rfs.v:786]
WARNING: [Synth 8-6014] Unused sequential element s_ready_i_reg was removed.  [w:/vivado/cvtcolor-gray-8/cvtcolor-gray-8.gen/sources_1/bd/design_1/ipshared/279e/hdl/axi_data_fifo_v2_1_vl_rfs.v:1034]
WARNING: [Synth 8-6014] Unused sequential element areset_d1_reg was removed.  [w:/vivado/cvtcolor-gray-8/cvtcolor-gray-8.gen/sources_1/bd/design_1/ipshared/279e/hdl/axi_data_fifo_v2_1_vl_rfs.v:747]
WARNING: [Synth 8-6014] Unused sequential element S_READY_i_reg was removed.  [w:/vivado/cvtcolor-gray-8/cvtcolor-gray-8.gen/sources_1/bd/design_1/ipshared/279e/hdl/axi_data_fifo_v2_1_vl_rfs.v:786]
WARNING: [Synth 8-6014] Unused sequential element s_ready_i_reg was removed.  [w:/vivado/cvtcolor-gray-8/cvtcolor-gray-8.gen/sources_1/bd/design_1/ipshared/279e/hdl/axi_data_fifo_v2_1_vl_rfs.v:1034]
WARNING: [Synth 8-6014] Unused sequential element gen_master_slots[0].gen_mi_write.gen_debug_w.debug_w_beat_cnt_i_reg was removed.  [w:/vivado/cvtcolor-gray-8/cvtcolor-gray-8.gen/sources_1/bd/design_1/ipshared/fb47/hdl/axi_crossbar_v2_1_vl_rfs.v:2991]
WARNING: [Synth 8-6014] Unused sequential element gen_master_slots[1].gen_mi_write.gen_debug_w.debug_w_beat_cnt_i_reg was removed.  [w:/vivado/cvtcolor-gray-8/cvtcolor-gray-8.gen/sources_1/bd/design_1/ipshared/fb47/hdl/axi_crossbar_v2_1_vl_rfs.v:2991]
WARNING: [Synth 8-7129] Port ACLK in module axi_register_slice_v2_1_29_axic_register_slice is either unconnected or has no load
WARNING: [Synth 8-7129] Port ARESET in module axi_register_slice_v2_1_29_axic_register_slice is either unconnected or has no load
WARNING: [Synth 8-7129] Port ACLK in module axi_register_slice_v2_1_29_axic_register_slice__parameterized0 is either unconnected or has no load
WARNING: [Synth 8-7129] Port ARESET in module axi_register_slice_v2_1_29_axic_register_slice__parameterized0 is either unconnected or has no load
WARNING: [Synth 8-7129] Port m_axi_buser[0] in module axi_infrastructure_v1_1_0_vector2axi is either unconnected or has no load
WARNING: [Synth 8-7129] Port m_axi_ruser[0] in module axi_infrastructure_v1_1_0_vector2axi is either unconnected or has no load
WARNING: [Synth 8-7129] Port s_axi_awuser[0] in module axi_infrastructure_v1_1_0_axi2vector is either unconnected or has no load
WARNING: [Synth 8-7129] Port s_axi_wid[1] in module axi_infrastructure_v1_1_0_axi2vector is either unconnected or has no load
WARNING: [Synth 8-7129] Port s_axi_wid[0] in module axi_infrastructure_v1_1_0_axi2vector is either unconnected or has no load
WARNING: [Synth 8-7129] Port s_axi_wuser[0] in module axi_infrastructure_v1_1_0_axi2vector is either unconnected or has no load
WARNING: [Synth 8-7129] Port s_axi_aruser[0] in module axi_infrastructure_v1_1_0_axi2vector is either unconnected or has no load
WARNING: [Synth 8-7129] Port aclk2x in module axi_register_slice_v2_1_29_axi_register_slice is either unconnected or has no load
WARNING: [Synth 8-7129] Port ADDR[1] in module axi_crossbar_v2_1_30_addr_decoder is either unconnected or has no load
WARNING: [Synth 8-7129] Port ADDR[0] in module axi_crossbar_v2_1_30_addr_decoder is either unconnected or has no load
WARNING: [Synth 8-7129] Port S_ABURST[1] in module axi_crossbar_v2_1_30_si_transactor__parameterized0 is either unconnected or has no load
WARNING: [Synth 8-7129] Port S_ABURST[0] in module axi_crossbar_v2_1_30_si_transactor__parameterized0 is either unconnected or has no load
WARNING: [Synth 8-7129] Port S_ABURST[1] in module axi_crossbar_v2_1_30_si_transactor is either unconnected or has no load
WARNING: [Synth 8-7129] Port S_ABURST[0] in module axi_crossbar_v2_1_30_si_transactor is either unconnected or has no load
WARNING: [Synth 8-7129] Port S_AXI_AWID[1] in module axi_crossbar_v2_1_30_crossbar is either unconnected or has no load
WARNING: [Synth 8-7129] Port S_AXI_AWID[0] in module axi_crossbar_v2_1_30_crossbar is either unconnected or has no load
WARNING: [Synth 8-7129] Port S_AXI_AWADDR[63] in module axi_crossbar_v2_1_30_crossbar is either unconnected or has no load
WARNING: [Synth 8-7129] Port S_AXI_AWADDR[62] in module axi_crossbar_v2_1_30_crossbar is either unconnected or has no load
WARNING: [Synth 8-7129] Port S_AXI_AWADDR[61] in module axi_crossbar_v2_1_30_crossbar is either unconnected or has no load
WARNING: [Synth 8-7129] Port S_AXI_AWADDR[60] in module axi_crossbar_v2_1_30_crossbar is either unconnected or has no load
WARNING: [Synth 8-7129] Port S_AXI_AWADDR[59] in module axi_crossbar_v2_1_30_crossbar is either unconnected or has no load
WARNING: [Synth 8-7129] Port S_AXI_AWADDR[58] in module axi_crossbar_v2_1_30_crossbar is either unconnected or has no load
WARNING: [Synth 8-7129] Port S_AXI_AWADDR[57] in module axi_crossbar_v2_1_30_crossbar is either unconnected or has no load
WARNING: [Synth 8-7129] Port S_AXI_AWADDR[56] in module axi_crossbar_v2_1_30_crossbar is either unconnected or has no load
WARNING: [Synth 8-7129] Port S_AXI_AWADDR[55] in module axi_crossbar_v2_1_30_crossbar is either unconnected or has no load
WARNING: [Synth 8-7129] Port S_AXI_AWADDR[54] in module axi_crossbar_v2_1_30_crossbar is either unconnected or has no load
WARNING: [Synth 8-7129] Port S_AXI_AWADDR[53] in module axi_crossbar_v2_1_30_crossbar is either unconnected or has no load
WARNING: [Synth 8-7129] Port S_AXI_AWADDR[52] in module axi_crossbar_v2_1_30_crossbar is either unconnected or has no load
WARNING: [Synth 8-7129] Port S_AXI_AWADDR[51] in module axi_crossbar_v2_1_30_crossbar is either unconnected or has no load
WARNING: [Synth 8-7129] Port S_AXI_AWADDR[50] in module axi_crossbar_v2_1_30_crossbar is either unconnected or has no load
WARNING: [Synth 8-7129] Port S_AXI_AWADDR[49] in module axi_crossbar_v2_1_30_crossbar is either unconnected or has no load
WARNING: [Synth 8-7129] Port S_AXI_AWADDR[48] in module axi_crossbar_v2_1_30_crossbar is either unconnected or has no load
WARNING: [Synth 8-7129] Port S_AXI_AWADDR[47] in module axi_crossbar_v2_1_30_crossbar is either unconnected or has no load
WARNING: [Synth 8-7129] Port S_AXI_AWADDR[46] in module axi_crossbar_v2_1_30_crossbar is either unconnected or has no load
WARNING: [Synth 8-7129] Port S_AXI_AWADDR[45] in module axi_crossbar_v2_1_30_crossbar is either unconnected or has no load
WARNING: [Synth 8-7129] Port S_AXI_AWADDR[44] in module axi_crossbar_v2_1_30_crossbar is either unconnected or has no load
WARNING: [Synth 8-7129] Port S_AXI_AWADDR[43] in module axi_crossbar_v2_1_30_crossbar is either unconnected or has no load
WARNING: [Synth 8-7129] Port S_AXI_AWADDR[42] in module axi_crossbar_v2_1_30_crossbar is either unconnected or has no load
WARNING: [Synth 8-7129] Port S_AXI_AWADDR[41] in module axi_crossbar_v2_1_30_crossbar is either unconnected or has no load
WARNING: [Synth 8-7129] Port S_AXI_AWADDR[40] in module axi_crossbar_v2_1_30_crossbar is either unconnected or has no load
WARNING: [Synth 8-7129] Port S_AXI_AWADDR[39] in module axi_crossbar_v2_1_30_crossbar is either unconnected or has no load
WARNING: [Synth 8-7129] Port S_AXI_AWADDR[38] in module axi_crossbar_v2_1_30_crossbar is either unconnected or has no load
WARNING: [Synth 8-7129] Port S_AXI_AWADDR[37] in module axi_crossbar_v2_1_30_crossbar is either unconnected or has no load
WARNING: [Synth 8-7129] Port S_AXI_AWADDR[36] in module axi_crossbar_v2_1_30_crossbar is either unconnected or has no load
WARNING: [Synth 8-7129] Port S_AXI_AWADDR[35] in module axi_crossbar_v2_1_30_crossbar is either unconnected or has no load
WARNING: [Synth 8-7129] Port S_AXI_AWADDR[34] in module axi_crossbar_v2_1_30_crossbar is either unconnected or has no load
WARNING: [Synth 8-7129] Port S_AXI_AWADDR[33] in module axi_crossbar_v2_1_30_crossbar is either unconnected or has no load
WARNING: [Synth 8-7129] Port S_AXI_AWADDR[32] in module axi_crossbar_v2_1_30_crossbar is either unconnected or has no load
WARNING: [Synth 8-7129] Port S_AXI_AWADDR[31] in module axi_crossbar_v2_1_30_crossbar is either unconnected or has no load
WARNING: [Synth 8-7129] Port S_AXI_AWADDR[30] in module axi_crossbar_v2_1_30_crossbar is either unconnected or has no load
WARNING: [Synth 8-7129] Port S_AXI_AWADDR[29] in module axi_crossbar_v2_1_30_crossbar is either unconnected or has no load
WARNING: [Synth 8-7129] Port S_AXI_AWADDR[28] in module axi_crossbar_v2_1_30_crossbar is either unconnected or has no load
WARNING: [Synth 8-7129] Port S_AXI_AWADDR[27] in module axi_crossbar_v2_1_30_crossbar is either unconnected or has no load
WARNING: [Synth 8-7129] Port S_AXI_AWADDR[26] in module axi_crossbar_v2_1_30_crossbar is either unconnected or has no load
WARNING: [Synth 8-7129] Port S_AXI_AWADDR[25] in module axi_crossbar_v2_1_30_crossbar is either unconnected or has no load
WARNING: [Synth 8-7129] Port S_AXI_AWADDR[24] in module axi_crossbar_v2_1_30_crossbar is either unconnected or has no load
WARNING: [Synth 8-7129] Port S_AXI_AWADDR[23] in module axi_crossbar_v2_1_30_crossbar is either unconnected or has no load
WARNING: [Synth 8-7129] Port S_AXI_AWADDR[22] in module axi_crossbar_v2_1_30_crossbar is either unconnected or has no load
WARNING: [Synth 8-7129] Port S_AXI_AWADDR[21] in module axi_crossbar_v2_1_30_crossbar is either unconnected or has no load
WARNING: [Synth 8-7129] Port S_AXI_AWADDR[20] in module axi_crossbar_v2_1_30_crossbar is either unconnected or has no load
WARNING: [Synth 8-7129] Port S_AXI_AWADDR[19] in module axi_crossbar_v2_1_30_crossbar is either unconnected or has no load
WARNING: [Synth 8-7129] Port S_AXI_AWADDR[18] in module axi_crossbar_v2_1_30_crossbar is either unconnected or has no load
WARNING: [Synth 8-7129] Port S_AXI_AWADDR[17] in module axi_crossbar_v2_1_30_crossbar is either unconnected or has no load
WARNING: [Synth 8-7129] Port S_AXI_AWADDR[16] in module axi_crossbar_v2_1_30_crossbar is either unconnected or has no load
WARNING: [Synth 8-7129] Port S_AXI_AWADDR[15] in module axi_crossbar_v2_1_30_crossbar is either unconnected or has no load
WARNING: [Synth 8-7129] Port S_AXI_AWADDR[14] in module axi_crossbar_v2_1_30_crossbar is either unconnected or has no load
WARNING: [Synth 8-7129] Port S_AXI_AWADDR[13] in module axi_crossbar_v2_1_30_crossbar is either unconnected or has no load
WARNING: [Synth 8-7129] Port S_AXI_AWADDR[12] in module axi_crossbar_v2_1_30_crossbar is either unconnected or has no load
WARNING: [Synth 8-7129] Port S_AXI_AWADDR[11] in module axi_crossbar_v2_1_30_crossbar is either unconnected or has no load
WARNING: [Synth 8-7129] Port S_AXI_AWADDR[10] in module axi_crossbar_v2_1_30_crossbar is either unconnected or has no load
WARNING: [Synth 8-7129] Port S_AXI_AWADDR[9] in module axi_crossbar_v2_1_30_crossbar is either unconnected or has no load
WARNING: [Synth 8-7129] Port S_AXI_AWADDR[8] in module axi_crossbar_v2_1_30_crossbar is either unconnected or has no load
WARNING: [Synth 8-7129] Port S_AXI_AWADDR[7] in module axi_crossbar_v2_1_30_crossbar is either unconnected or has no load
WARNING: [Synth 8-7129] Port S_AXI_AWADDR[6] in module axi_crossbar_v2_1_30_crossbar is either unconnected or has no load
WARNING: [Synth 8-7129] Port S_AXI_AWADDR[5] in module axi_crossbar_v2_1_30_crossbar is either unconnected or has no load
WARNING: [Synth 8-7129] Port S_AXI_AWADDR[4] in module axi_crossbar_v2_1_30_crossbar is either unconnected or has no load
WARNING: [Synth 8-7129] Port S_AXI_AWADDR[3] in module axi_crossbar_v2_1_30_crossbar is either unconnected or has no load
WARNING: [Synth 8-7129] Port S_AXI_AWADDR[2] in module axi_crossbar_v2_1_30_crossbar is either unconnected or has no load
WARNING: [Synth 8-7129] Port S_AXI_AWADDR[1] in module axi_crossbar_v2_1_30_crossbar is either unconnected or has no load
WARNING: [Synth 8-7129] Port S_AXI_AWADDR[0] in module axi_crossbar_v2_1_30_crossbar is either unconnected or has no load
WARNING: [Synth 8-7129] Port S_AXI_AWLEN[7] in module axi_crossbar_v2_1_30_crossbar is either unconnected or has no load
WARNING: [Synth 8-7129] Port S_AXI_AWLEN[6] in module axi_crossbar_v2_1_30_crossbar is either unconnected or has no load
WARNING: [Synth 8-7129] Port S_AXI_AWLEN[5] in module axi_crossbar_v2_1_30_crossbar is either unconnected or has no load
WARNING: [Synth 8-7129] Port S_AXI_AWLEN[4] in module axi_crossbar_v2_1_30_crossbar is either unconnected or has no load
WARNING: [Synth 8-7129] Port S_AXI_AWLEN[3] in module axi_crossbar_v2_1_30_crossbar is either unconnected or has no load
WARNING: [Synth 8-7129] Port S_AXI_AWLEN[2] in module axi_crossbar_v2_1_30_crossbar is either unconnected or has no load
WARNING: [Synth 8-7129] Port S_AXI_AWLEN[1] in module axi_crossbar_v2_1_30_crossbar is either unconnected or has no load
WARNING: [Synth 8-7129] Port S_AXI_AWLEN[0] in module axi_crossbar_v2_1_30_crossbar is either unconnected or has no load
WARNING: [Synth 8-7129] Port S_AXI_AWSIZE[2] in module axi_crossbar_v2_1_30_crossbar is either unconnected or has no load
WARNING: [Synth 8-7129] Port S_AXI_AWSIZE[1] in module axi_crossbar_v2_1_30_crossbar is either unconnected or has no load
WARNING: [Synth 8-7129] Port S_AXI_AWSIZE[0] in module axi_crossbar_v2_1_30_crossbar is either unconnected or has no load
WARNING: [Synth 8-7129] Port S_AXI_AWBURST[1] in module axi_crossbar_v2_1_30_crossbar is either unconnected or has no load
WARNING: [Synth 8-7129] Port S_AXI_AWBURST[0] in module axi_crossbar_v2_1_30_crossbar is either unconnected or has no load
WARNING: [Synth 8-7129] Port S_AXI_AWLOCK[1] in module axi_crossbar_v2_1_30_crossbar is either unconnected or has no load
WARNING: [Synth 8-7129] Port S_AXI_AWLOCK[0] in module axi_crossbar_v2_1_30_crossbar is either unconnected or has no load
WARNING: [Synth 8-7129] Port S_AXI_AWCACHE[3] in module axi_crossbar_v2_1_30_crossbar is either unconnected or has no load
INFO: [Common 17-14] Message 'Synth 8-7129' appears 100 times and further instances of the messages will be disabled. Use the Tcl command set_msg_config to change the current settings.
---------------------------------------------------------------------------------
Finished RTL Elaboration : Time (s): cpu = 00:00:29 ; elapsed = 00:00:32 . Memory (MB): peak = 1637.312 ; gain = 701.066
---------------------------------------------------------------------------------
---------------------------------------------------------------------------------
Start Handling Custom Attributes
---------------------------------------------------------------------------------
---------------------------------------------------------------------------------
Finished Handling Custom Attributes : Time (s): cpu = 00:00:29 ; elapsed = 00:00:33 . Memory (MB): peak = 1637.312 ; gain = 701.066
---------------------------------------------------------------------------------
---------------------------------------------------------------------------------
Finished RTL Optimization Phase 1 : Time (s): cpu = 00:00:29 ; elapsed = 00:00:33 . Memory (MB): peak = 1637.312 ; gain = 701.066
---------------------------------------------------------------------------------
Netlist sorting complete. Time (s): cpu = 00:00:00 ; elapsed = 00:00:00.507 . Memory (MB): peak = 1637.312 ; gain = 0.000
INFO: [Project 1-570] Preparing netlist for logic optimization

Processing XDC Constraints
Initializing timing engine
Parsing XDC File [w:/vivado/cvtcolor-gray-8/cvtcolor-gray-8.gen/sources_1/bd/design_1/ip/design_1_xbar_0/design_1_xbar_0_ooc.xdc] for cell 'inst'
Finished Parsing XDC File [w:/vivado/cvtcolor-gray-8/cvtcolor-gray-8.gen/sources_1/bd/design_1/ip/design_1_xbar_0/design_1_xbar_0_ooc.xdc] for cell 'inst'
Parsing XDC File [W:/vivado/cvtcolor-gray-8/cvtcolor-gray-8.runs/design_1_xbar_0_synth_1/dont_touch.xdc]
Finished Parsing XDC File [W:/vivado/cvtcolor-gray-8/cvtcolor-gray-8.runs/design_1_xbar_0_synth_1/dont_touch.xdc]
Completed Processing XDC Constraints

Netlist sorting complete. Time (s): cpu = 00:00:00 ; elapsed = 00:00:00.004 . Memory (MB): peak = 1734.645 ; gain = 0.000
INFO: [Project 1-111] Unisim Transformation Summary:
No Unisim elements were transformed.

The system cannot find the path specified.
Constraint Validation Runtime : Time (s): cpu = 00:00:01 ; elapsed = 00:00:00.293 . Memory (MB): peak = 1734.703 ; gain = 0.059
INFO: [Designutils 20-5008] Incremental synthesis strategy off
---------------------------------------------------------------------------------
Finished Constraint Validation : Time (s): cpu = 00:00:48 ; elapsed = 00:00:52 . Memory (MB): peak = 1734.703 ; gain = 798.457
---------------------------------------------------------------------------------
---------------------------------------------------------------------------------
Start Loading Part and Timing Information
---------------------------------------------------------------------------------
Loading part: xc7z020clg400-1
---------------------------------------------------------------------------------
Finished Loading Part and Timing Information : Time (s): cpu = 00:00:48 ; elapsed = 00:00:52 . Memory (MB): peak = 1734.703 ; gain = 798.457
---------------------------------------------------------------------------------
---------------------------------------------------------------------------------
Start Applying 'set_property' XDC Constraints
---------------------------------------------------------------------------------
Applied set_property KEEP_HIERARCHY = SOFT for inst. (constraint file  W:/vivado/cvtcolor-gray-8/cvtcolor-gray-8.runs/design_1_xbar_0_synth_1/dont_touch.xdc, line 9).
---------------------------------------------------------------------------------
Finished applying 'set_property' XDC Constraints : Time (s): cpu = 00:00:48 ; elapsed = 00:00:52 . Memory (MB): peak = 1734.703 ; gain = 798.457
---------------------------------------------------------------------------------
INFO: [Synth 8-802] inferred FSM for state register 'state_reg' in module 'axi_data_fifo_v2_1_28_axic_reg_srl_fifo'
INFO: [Synth 8-802] inferred FSM for state register 'state_reg' in module 'axi_data_fifo_v2_1_28_axic_reg_srl_fifo__parameterized0'
INFO: [Synth 8-802] inferred FSM for state register 'state_reg' in module 'axi_data_fifo_v2_1_28_axic_reg_srl_fifo__parameterized1'
INFO: [Synth 8-802] inferred FSM for state register 'gen_axi.write_cs_reg' in module 'axi_crossbar_v2_1_30_decerr_slave'
---------------------------------------------------------------------------------------------------
                   State |                     New Encoding |                Previous Encoding 
---------------------------------------------------------------------------------------------------
                    ZERO |                             1000 |                               10
                     ONE |                             0010 |                               11
                     TWO |                             0001 |                               01
                  iSTATE |                             0100 |                               00
---------------------------------------------------------------------------------------------------
INFO: [Synth 8-3354] encoded FSM with state register 'state_reg' using encoding 'one-hot' in module 'axi_data_fifo_v2_1_28_axic_reg_srl_fifo'
---------------------------------------------------------------------------------------------------
                   State |                     New Encoding |                Previous Encoding 
---------------------------------------------------------------------------------------------------
                    ZERO |                             1000 |                               10
                     ONE |                             0010 |                               11
                     TWO |                             0001 |                               01
                  iSTATE |                             0100 |                               00
---------------------------------------------------------------------------------------------------
INFO: [Synth 8-3354] encoded FSM with state register 'state_reg' using encoding 'one-hot' in module 'axi_data_fifo_v2_1_28_axic_reg_srl_fifo__parameterized0'
---------------------------------------------------------------------------------------------------
                   State |                     New Encoding |                Previous Encoding 
---------------------------------------------------------------------------------------------------
                    ZERO |                             1000 |                               10
                     ONE |                             0010 |                               11
                     TWO |                             0001 |                               01
                  iSTATE |                             0100 |                               00
---------------------------------------------------------------------------------------------------
INFO: [Synth 8-3354] encoded FSM with state register 'state_reg' using encoding 'one-hot' in module 'axi_data_fifo_v2_1_28_axic_reg_srl_fifo__parameterized1'
---------------------------------------------------------------------------------------------------
                   State |                     New Encoding |                Previous Encoding 
---------------------------------------------------------------------------------------------------
            P_WRITE_IDLE |                              001 |                               00
            P_WRITE_DATA |                              010 |                               01
            P_WRITE_RESP |                              100 |                               10
---------------------------------------------------------------------------------------------------
INFO: [Synth 8-3354] encoded FSM with state register 'gen_axi.write_cs_reg' using encoding 'one-hot' in module 'axi_crossbar_v2_1_30_decerr_slave'
---------------------------------------------------------------------------------
Finished RTL Optimization Phase 2 : Time (s): cpu = 00:00:50 ; elapsed = 00:00:54 . Memory (MB): peak = 1734.703 ; gain = 798.457
---------------------------------------------------------------------------------
---------------------------------------------------------------------------------
Start RTL Component Statistics 
---------------------------------------------------------------------------------
Detailed RTL Component Info : 
+---Adders : 
	   2 Input    8 Bit       Adders := 3     
	   2 Input    4 Bit       Adders := 12    
	   2 Input    3 Bit       Adders := 5     
	   2 Input    2 Bit       Adders := 3     
	   2 Input    1 Bit       Adders := 2     
+---XORs : 
	   2 Input      1 Bit         XORs := 9     
+---Registers : 
	              517 Bit    Registers := 4     
	               97 Bit    Registers := 2     
	                8 Bit    Registers := 3     
	                4 Bit    Registers := 8     
	                3 Bit    Registers := 3     
	                2 Bit    Registers := 24    
	                1 Bit    Registers := 37    
+---Muxes : 
	   2 Input  517 Bit        Muxes := 4     
	   2 Input   16 Bit        Muxes := 8     
	   2 Input    8 Bit        Muxes := 1     
	   3 Input    4 Bit        Muxes := 7     
	   2 Input    4 Bit        Muxes := 11    
	   2 Input    3 Bit        Muxes := 2     
	   2 Input    2 Bit        Muxes := 22    
	   2 Input    1 Bit        Muxes := 56    
	   4 Input    1 Bit        Muxes := 9     
	   3 Input    1 Bit        Muxes := 9     
---------------------------------------------------------------------------------
Finished RTL Component Statistics 
---------------------------------------------------------------------------------
---------------------------------------------------------------------------------
Start Part Resource Summary
---------------------------------------------------------------------------------
Part Resources:
DSPs: 220 (col length:60)
BRAMs: 280 (col length: RAMB18 60 RAMB36 30)
---------------------------------------------------------------------------------
Finished Part Resource Summary
---------------------------------------------------------------------------------
---------------------------------------------------------------------------------
Start Cross Boundary and Area Optimization
---------------------------------------------------------------------------------
WARNING: [Synth 8-7080] Parallel synthesis criteria is not met
INFO: [Synth 8-3332] Sequential element (wrouter_aw_fifo/FSM_onehot_state_reg[2]) is unused and will be removed from module axi_crossbar_v2_1_30_wdata_router.
INFO: [Synth 8-3332] Sequential element (FSM_onehot_state_reg[2]) is unused and will be removed from module axi_data_fifo_v2_1_28_axic_reg_srl_fifo__parameterized0.
INFO: [Synth 8-3332] Sequential element (FSM_onehot_state_reg[2]) is unused and will be removed from module axi_data_fifo_v2_1_28_axic_reg_srl_fifo__parameterized1.
---------------------------------------------------------------------------------
Finished Cross Boundary and Area Optimization : Time (s): cpu = 00:01:00 ; elapsed = 00:01:05 . Memory (MB): peak = 1734.703 ; gain = 798.457
---------------------------------------------------------------------------------
---------------------------------------------------------------------------------
Start Applying XDC Timing Constraints
---------------------------------------------------------------------------------
---------------------------------------------------------------------------------
Finished Applying XDC Timing Constraints : Time (s): cpu = 00:01:11 ; elapsed = 00:01:15 . Memory (MB): peak = 1734.703 ; gain = 798.457
---------------------------------------------------------------------------------
---------------------------------------------------------------------------------
Start Timing Optimization
---------------------------------------------------------------------------------
---------------------------------------------------------------------------------
Finished Timing Optimization : Time (s): cpu = 00:01:12 ; elapsed = 00:01:17 . Memory (MB): peak = 1734.703 ; gain = 798.457
---------------------------------------------------------------------------------
---------------------------------------------------------------------------------
Start Technology Mapping
---------------------------------------------------------------------------------
---------------------------------------------------------------------------------
Finished Technology Mapping : Time (s): cpu = 00:01:14 ; elapsed = 00:01:19 . Memory (MB): peak = 1734.703 ; gain = 798.457
---------------------------------------------------------------------------------
---------------------------------------------------------------------------------
Start IO Insertion
---------------------------------------------------------------------------------
---------------------------------------------------------------------------------
Start Flattening Before IO Insertion
---------------------------------------------------------------------------------
---------------------------------------------------------------------------------
Finished Flattening Before IO Insertion
---------------------------------------------------------------------------------
---------------------------------------------------------------------------------
Start Final Netlist Cleanup
---------------------------------------------------------------------------------
---------------------------------------------------------------------------------
Finished Final Netlist Cleanup
---------------------------------------------------------------------------------
---------------------------------------------------------------------------------
Finished IO Insertion : Time (s): cpu = 00:01:22 ; elapsed = 00:01:27 . Memory (MB): peak = 1734.703 ; gain = 798.457
---------------------------------------------------------------------------------
---------------------------------------------------------------------------------
Start Renaming Generated Instances
---------------------------------------------------------------------------------
---------------------------------------------------------------------------------
Finished Renaming Generated Instances : Time (s): cpu = 00:01:22 ; elapsed = 00:01:27 . Memory (MB): peak = 1734.703 ; gain = 798.457
---------------------------------------------------------------------------------
---------------------------------------------------------------------------------
Start Rebuilding User Hierarchy
---------------------------------------------------------------------------------
---------------------------------------------------------------------------------
Finished Rebuilding User Hierarchy : Time (s): cpu = 00:01:23 ; elapsed = 00:01:27 . Memory (MB): peak = 1734.703 ; gain = 798.457
---------------------------------------------------------------------------------
---------------------------------------------------------------------------------
Start Renaming Generated Ports
---------------------------------------------------------------------------------
---------------------------------------------------------------------------------
Finished Renaming Generated Ports : Time (s): cpu = 00:01:23 ; elapsed = 00:01:27 . Memory (MB): peak = 1734.703 ; gain = 798.457
---------------------------------------------------------------------------------
---------------------------------------------------------------------------------
Start Handling Custom Attributes
---------------------------------------------------------------------------------
---------------------------------------------------------------------------------
Finished Handling Custom Attributes : Time (s): cpu = 00:01:23 ; elapsed = 00:01:28 . Memory (MB): peak = 1734.703 ; gain = 798.457
---------------------------------------------------------------------------------
---------------------------------------------------------------------------------
Start Renaming Generated Nets
---------------------------------------------------------------------------------
---------------------------------------------------------------------------------
Finished Renaming Generated Nets : Time (s): cpu = 00:01:23 ; elapsed = 00:01:28 . Memory (MB): peak = 1734.703 ; gain = 798.457
---------------------------------------------------------------------------------
---------------------------------------------------------------------------------
Start Writing Synthesis Report
---------------------------------------------------------------------------------

Report BlackBoxes: 
+-+--------------+----------+
| |BlackBox name |Instances |
+-+--------------+----------+
+-+--------------+----------+

Report Cell Usage: 
+------+--------+------+
|      |Cell    |Count |
+------+--------+------+
|1     |LUT1    |    13|
|2     |LUT2    |   920|
|3     |LUT3    |   834|
|4     |LUT4    |    43|
|5     |LUT5    |    60|
|6     |LUT6    |    92|
|7     |SRLC32E |     3|
|8     |FDRE    |  1334|
|9     |FDSE    |    19|
+------+--------+------+
---------------------------------------------------------------------------------
Finished Writing Synthesis Report : Time (s): cpu = 00:01:23 ; elapsed = 00:01:28 . Memory (MB): peak = 1734.703 ; gain = 798.457
---------------------------------------------------------------------------------
Synthesis finished with 0 errors, 0 critical warnings and 1566 warnings.
Synthesis Optimization Runtime : Time (s): cpu = 00:00:46 ; elapsed = 00:01:20 . Memory (MB): peak = 1734.703 ; gain = 701.066
Synthesis Optimization Complete : Time (s): cpu = 00:01:23 ; elapsed = 00:01:28 . Memory (MB): peak = 1734.703 ; gain = 798.457
INFO: [Project 1-571] Translating synthesized netlist
Netlist sorting complete. Time (s): cpu = 00:00:00 ; elapsed = 00:00:00.161 . Memory (MB): peak = 1734.703 ; gain = 0.000
INFO: [Project 1-570] Preparing netlist for logic optimization
INFO: [Opt 31-138] Pushed 0 inverter(s) to 0 load pin(s).
Netlist sorting complete. Time (s): cpu = 00:00:00 ; elapsed = 00:00:00.001 . Memory (MB): peak = 1734.703 ; gain = 0.000
INFO: [Project 1-111] Unisim Transformation Summary:
No Unisim elements were transformed.

The system cannot find the path specified.
Synth Design complete | Checksum: bc0be58f
INFO: [Common 17-83] Releasing license: Synthesis
113 Infos, 119 Warnings, 0 Critical Warnings and 0 Errors encountered.
synth_design completed successfully
synth_design: Time (s): cpu = 00:01:33 ; elapsed = 00:01:44 . Memory (MB): peak = 1734.703 ; gain = 1219.871
Write ShapeDB Complete: Time (s): cpu = 00:00:00 ; elapsed = 00:00:00.013 . Memory (MB): peak = 1734.703 ; gain = 0.000
INFO: [Common 17-1381] The checkpoint 'W:/vivado/cvtcolor-gray-8/cvtcolor-gray-8.runs/design_1_xbar_0_synth_1/design_1_xbar_0.dcp' has been generated.
INFO: [Coretcl 2-1648] Added synthesis output to IP cache for IP design_1_xbar_0, cache-ID = 09e4b5ca42e271f0
INFO: [Coretcl 2-1174] Renamed 27 cell refs.
Write ShapeDB Complete: Time (s): cpu = 00:00:00 ; elapsed = 00:00:00.015 . Memory (MB): peak = 1734.703 ; gain = 0.000
INFO: [Common 17-1381] The checkpoint 'W:/vivado/cvtcolor-gray-8/cvtcolor-gray-8.runs/design_1_xbar_0_synth_1/design_1_xbar_0.dcp' has been generated.
INFO: [runtcl-4] Executing : report_utilization -file design_1_xbar_0_utilization_synth.rpt -pb design_1_xbar_0_utilization_synth.pb
INFO: [Common 17-206] Exiting Vivado at Wed Mar 20 06:33:27 2024...
